<?xml version="1.0" encoding="UTF-8"?>
<!-- Generated by org.testng.reporters.JUnitXMLReporter -->
<testsuite ignored="0" hostname="DESKTOP-9QJNAOQ" failures="0" tests="8" name="Global settings" time="351.528" errors="0" timestamp="24 Mar 2022 11:46:40 GMT">
  <testcase classname="NavigatorCore.GlobalSettings" name="Login" time="39.984"/>
  <testcase classname="NavigatorCore.GlobalSettings" name="GlobalNotice" time="37.495"/>
  <testcase classname="NavigatorCore.GlobalSettings" name="EnvironmentLevel" time="50.038"/>
  <testcase classname="NavigatorCore.GlobalSettings" name="UpdateEnvironmentLevel" time="28.113"/>
  <testcase classname="NavigatorCore.GlobalSettings" name="DeleteEnvironmentLevel" time="27.871"/>
  <testcase classname="NavigatorCore.GlobalSettings" name="MinimumRefreshInterval" time="40.394"/>
  <testcase classname="NavigatorCore.GlobalSettings" name="DashboardOwnershipManagement" time="75.719"/>
  <testcase classname="NavigatorCore.GlobalSettings" name="Logout" time="4.524"/>
</testsuite> <!-- Global settings -->
