<?xml version="1.0" encoding="UTF-8"?>
<!-- Generated by org.testng.reporters.JUnitXMLReporter -->
<testsuite ignored="0" hostname="DESKTOP-K4AEKHO" failures="0" tests="4" name="Attribute Filter Condition" time="251.493" errors="0" timestamp="2023-06-26T12:40:32 IST">
  <testcase classname="NavigatorCore.AttributeFilterCondition" name="Login" time="30.453"/>
  <testcase classname="NavigatorCore.AttributeFilterCondition" name="AddDashboard" time="68.031"/>
  <testcase classname="NavigatorCore.AttributeFilterCondition" name="AddAttributeFilterCondition" time="123.567"/>
  <testcase classname="NavigatorCore.AttributeFilterCondition" name="Logout" time="26.853"/>
</testsuite> <!-- Attribute Filter Condition -->
