<?xml version="1.0" encoding="UTF-8"?>
<!-- Generated by org.testng.reporters.JUnitXMLReporter -->
<testsuite ignored="2" hostname="DESKTOP-9QJNAOQ" failures="0" tests="9" name="Manage Dashboard page options" time="235.324" errors="0" timestamp="20 Jun 2022 11:47:11 GMT">
  <testcase classname="NavigatorCore.ManageDashboardOptions" name="Login" time="41.554"/>
  <testcase classname="NavigatorCore.ManageDashboardOptions" name="CreareDashboardUsingNewButton" time="12.603"/>
  <testcase classname="NavigatorCore.ManageDashboardOptions" name="RenameDashboardUsingRenamebutton" time="19.865"/>
  <testcase classname="NavigatorCore.ManageDashboardOptions" name="DeleteDashboardUsingDeleteButton" time="12.015"/>
  <testcase classname="NavigatorCore.ManageDashboardOptions" name="CreateTagUsingAddButton" time="21.139"/>
  <testcase classname="NavigatorCore.ManageDashboardOptions" name="UpdateTagNameUsingEditButton" time="9.798"/>
  <testcase classname="NavigatorCore.ManageDashboardOptions" name="DeleteTagUsingDeleteButton" time="11.522"/>
  <testcase classname="NavigatorCore.ManageDashboardOptions" name="ExportDashboard" time="6.127"/>
  <testcase classname="NavigatorCore.ManageDashboardOptions" name="Logout" time="6.134"/>
  <testcase classname="NavigatorCore.ManageDashboardOptions" name="ImportDashboard" time="0.0">
    <ignored/>
  </testcase> <!-- ImportDashboard -->
  <testcase classname="NavigatorCore.ManageDashboardOptions" name="AddToCurrentViewButton" time="0.0">
    <ignored/>
  </testcase> <!-- AddToCurrentViewButton -->
</testsuite> <!-- Manage Dashboard page options -->
