<?xml version="1.0" encoding="UTF-8"?>
<!-- Generated by org.testng.reporters.JUnitXMLReporter -->
<testsuite ignored="2" hostname="DESKTOP-9QJNAOQ" failures="0" tests="9" name="Manage Dashboard page options" time="223.846" errors="0" timestamp="11 Feb 2022 12:41:03 GMT">
  <testcase classname="NavigatorCore.ManageDashboardOptions" name="Login" time="31.83"/>
  <testcase classname="NavigatorCore.ManageDashboardOptions" name="CreareDashboardUsingNewButton" time="11.618"/>
  <testcase classname="NavigatorCore.ManageDashboardOptions" name="RenameDashboardUsingRenamebutton" time="18.704"/>
  <testcase classname="NavigatorCore.ManageDashboardOptions" name="DeleteDashboardUsingDeleteButton" time="11.95"/>
  <testcase classname="NavigatorCore.ManageDashboardOptions" name="CreateTagUsingAddButton" time="21.538"/>
  <testcase classname="NavigatorCore.ManageDashboardOptions" name="UpdateTagNameUsingEditButton" time="10.312"/>
  <testcase classname="NavigatorCore.ManageDashboardOptions" name="DeleteTagUsingDeleteButton" time="11.698"/>
  <testcase classname="NavigatorCore.ManageDashboardOptions" name="ExportDashboard" time="6.263"/>
  <testcase classname="NavigatorCore.ManageDashboardOptions" name="Logout" time="6.112"/>
  <testcase classname="NavigatorCore.ManageDashboardOptions" name="ImportDashboard" time="0.0">
    <ignored/>
  </testcase> <!-- ImportDashboard -->
  <testcase classname="NavigatorCore.ManageDashboardOptions" name="AddToCurrentViewButton" time="0.0">
    <ignored/>
  </testcase> <!-- AddToCurrentViewButton -->
</testsuite> <!-- Manage Dashboard page options -->
