<?xml version="1.0" encoding="UTF-8"?>
<!-- Generated by org.testng.reporters.JUnitXMLReporter -->
<testsuite ignored="2" hostname="DESKTOP-9QJNAOQ" failures="0" tests="9" name="Manage Dashboard page options" time="189.416" errors="0" timestamp="08 Aug 2022 07:23:54 GMT">
  <testcase classname="NavigatorCore.ManageDashboardOptions" name="Login" time="49.622"/>
  <testcase classname="NavigatorCore.ManageDashboardOptions" name="CreareDashboardUsingNewButton" time="16.51"/>
  <testcase classname="NavigatorCore.ManageDashboardOptions" name="RenameDashboardUsingRenamebutton" time="29.82"/>
  <testcase classname="NavigatorCore.ManageDashboardOptions" name="DeleteDashboardUsingDeleteButton" time="12.652"/>
  <testcase classname="NavigatorCore.ManageDashboardOptions" name="CreateTagUsingAddButton" time="21.461"/>
  <testcase classname="NavigatorCore.ManageDashboardOptions" name="UpdateTagNameUsingEditButton" time="10.183"/>
  <testcase classname="NavigatorCore.ManageDashboardOptions" name="DeleteTagUsingDeleteButton" time="15.772"/>
  <testcase classname="NavigatorCore.ManageDashboardOptions" name="ExportDashboard" time="10.197"/>
  <testcase classname="NavigatorCore.ManageDashboardOptions" name="Logout" time="5.959"/>
  <testcase classname="NavigatorCore.ManageDashboardOptions" name="ImportDashboard" time="0.0">
    <ignored/>
  </testcase> <!-- ImportDashboard -->
  <testcase classname="NavigatorCore.ManageDashboardOptions" name="AddToCurrentViewButton" time="0.0">
    <ignored/>
  </testcase> <!-- AddToCurrentViewButton -->
</testsuite> <!-- Manage Dashboard page options -->
