<?xml version="1.0" encoding="UTF-8"?>
<!-- Generated by org.testng.reporters.JUnitXMLReporter -->
<testsuite ignored="2" hostname="DESKTOP-K4AEKHO" failures="0" tests="9" name="Manage Dashboard page options" time="342.104" errors="0" timestamp="2023-03-21T11:37:59 IST">
  <testcase classname="NavigatorCore.ManageDashboardOptions" name="Login" time="74.09"/>
  <testcase classname="NavigatorCore.ManageDashboardOptions" name="CreareDashboardUsingNewButton" time="40.342"/>
  <testcase classname="NavigatorCore.ManageDashboardOptions" name="RenameDashboardUsingRenamebutton" time="40.287"/>
  <testcase classname="NavigatorCore.ManageDashboardOptions" name="DeleteDashboardUsingDeleteButton" time="23.772"/>
  <testcase classname="NavigatorCore.ManageDashboardOptions" name="CreateTagUsingAddButton" time="56.149"/>
  <testcase classname="NavigatorCore.ManageDashboardOptions" name="UpdateTagNameUsingEditButton" time="31.832"/>
  <testcase classname="NavigatorCore.ManageDashboardOptions" name="DeleteTagUsingDeleteButton" time="38.608"/>
  <testcase classname="NavigatorCore.ManageDashboardOptions" name="ExportDashboard" time="15.138"/>
  <testcase classname="NavigatorCore.ManageDashboardOptions" name="Logout" time="5.919"/>
  <testcase classname="NavigatorCore.ManageDashboardOptions" name="ImportDashboard" time="0.0">
    <ignored/>
  </testcase> <!-- ImportDashboard -->
  <testcase classname="NavigatorCore.ManageDashboardOptions" name="AddToCurrentViewButton" time="0.0">
    <ignored/>
  </testcase> <!-- AddToCurrentViewButton -->
</testsuite> <!-- Manage Dashboard page options -->
