<?xml version="1.0" encoding="UTF-8"?>
<!-- Generated by org.testng.reporters.JUnitXMLReporter -->
<testsuite ignored="7" hostname="DESKTOP-9QJNAOQ" failures="3" tests="4" name="Manage Dashboard page options" time="114.41" errors="0" timestamp="03 May 2022 20:55:39 GMT">
  <testcase classname="NavigatorCore.ManageDashboardOptions" name="Login" time="43.439"/>
  <testcase classname="NavigatorCore.ManageDashboardOptions" name="ImportDashboard" time="57.017">
    <failure type="org.openqa.selenium.ElementClickInterceptedException" message="element click intercepted: Element &amp;lt;button _ngcontent-rvf-c12=&amp;quot;&amp;quot; class=&amp;quot;g-button-blue button-add dashboard-add-btn&amp;quot; id=&amp;quot;add-dashboard&amp;quot; style=&amp;quot;right: 130px;&amp;quot; type=&amp;quot;button&amp;quot;&amp;gt;...&amp;lt;/button&amp;gt; is not clickable at point (1353, 100). Other element would receive the click: &amp;lt;ngb-modal-window role=&amp;quot;dialog&amp;quot; tabindex=&amp;quot;-1&amp;quot; class=&amp;quot;modal d-block fade show&amp;quot; aria-modal=&amp;quot;true&amp;quot;&amp;gt;...&amp;lt;/ngb-modal-window&amp;gt;
  (Session info: chrome=100.0.4896.127)
Build info: version: &amp;apos;4.0.0&amp;apos;, revision: &amp;apos;3a21814679&amp;apos;
System info: host: &amp;apos;DESKTOP-9QJNAOQ&amp;apos;, ip: &amp;apos;192.168.43.213&amp;apos;, os.name: &amp;apos;Windows 10&amp;apos;, os.arch: &amp;apos;amd64&amp;apos;, os.version: &amp;apos;10.0&amp;apos;, java.version: &amp;apos;11.0.14&amp;apos;
Driver info: org.openqa.selenium.chrome.ChromeDriver
Command: [548b0e37829e4d28ee93a5693a52e907, clickElement {id=735daaef-380f-460f-b87a-ec21fd66b6b8}]
Capabilities {acceptInsecureCerts: false, browserName: chrome, browserVersion: 100.0.4896.127, chrome: {chromedriverVersion: 100.0.4896.60 (6a5d10861ce8..., userDataDir: C:\Users\Nagaraju\AppData\L...}, goog:chromeOptions: {debuggerAddress: localhost:51912}, javascriptEnabled: true, networkConnectionEnabled: false, pageLoadStrategy: normal, platform: WINDOWS, platformName: WINDOWS, proxy: Proxy(), se:cdp: ws://localhost:51912/devtoo..., se:cdpVersion: 100.0.4896.127, setWindowRect: true, strictFileInteractability: false, timeouts: {implicit: 0, pageLoad: 300000, script: 30000}, unhandledPromptBehavior: dismiss and notify, webauthn:extension:credBlob: true, webauthn:extension:largeBlob: true, webauthn:virtualAuthenticators: true}
Element: [[ChromeDriver: chrome on WINDOWS (548b0e37829e4d28ee93a5693a52e907)] -&amp;gt; id: add-dashboard]
Session ID: 548b0e37829e4d28ee93a5693a52e907">
      <![CDATA[org.openqa.selenium.ElementClickInterceptedException: element click intercepted: Element <button _ngcontent-rvf-c12="" class="g-button-blue button-add dashboard-add-btn" id="add-dashboard" style="right: 130px;" type="button">...</button> is not clickable at point (1353, 100). Other element would receive the click: <ngb-modal-window role="dialog" tabindex="-1" class="modal d-block fade show" aria-modal="true">...</ngb-modal-window>
  (Session info: chrome=100.0.4896.127)
Build info: version: '4.0.0', revision: '3a21814679'
System info: host: 'DESKTOP-9QJNAOQ', ip: '192.168.43.213', os.name: 'Windows 10', os.arch: 'amd64', os.version: '10.0', java.version: '11.0.14'
Driver info: org.openqa.selenium.chrome.ChromeDriver
Command: [548b0e37829e4d28ee93a5693a52e907, clickElement {id=735daaef-380f-460f-b87a-ec21fd66b6b8}]
Capabilities {acceptInsecureCerts: false, browserName: chrome, browserVersion: 100.0.4896.127, chrome: {chromedriverVersion: 100.0.4896.60 (6a5d10861ce8..., userDataDir: C:\Users\Nagaraju\AppData\L...}, goog:chromeOptions: {debuggerAddress: localhost:51912}, javascriptEnabled: true, networkConnectionEnabled: false, pageLoadStrategy: normal, platform: WINDOWS, platformName: WINDOWS, proxy: Proxy(), se:cdp: ws://localhost:51912/devtoo..., se:cdpVersion: 100.0.4896.127, setWindowRect: true, strictFileInteractability: false, timeouts: {implicit: 0, pageLoad: 300000, script: 30000}, unhandledPromptBehavior: dismiss and notify, webauthn:extension:credBlob: true, webauthn:extension:largeBlob: true, webauthn:virtualAuthenticators: true}
Element: [[ChromeDriver: chrome on WINDOWS (548b0e37829e4d28ee93a5693a52e907)] -> id: add-dashboard]
Session ID: 548b0e37829e4d28ee93a5693a52e907
	at org.openqa.selenium.remote.codec.w3c.W3CHttpResponseCodec.createException(W3CHttpResponseCodec.java:200)
	at org.openqa.selenium.remote.codec.w3c.W3CHttpResponseCodec.decode(W3CHttpResponseCodec.java:133)
	at org.openqa.selenium.remote.codec.w3c.W3CHttpResponseCodec.decode(W3CHttpResponseCodec.java:53)
	at org.openqa.selenium.remote.HttpCommandExecutor.execute(HttpCommandExecutor.java:184)
	at org.openqa.selenium.remote.service.DriverCommandExecutor.invokeExecute(DriverCommandExecutor.java:164)
	at org.openqa.selenium.remote.service.DriverCommandExecutor.execute(DriverCommandExecutor.java:139)
	at org.openqa.selenium.remote.RemoteWebDriver.execute(RemoteWebDriver.java:559)
	at org.openqa.selenium.remote.RemoteWebElement.execute(RemoteWebElement.java:251)
	at org.openqa.selenium.remote.RemoteWebElement.click(RemoteWebElement.java:77)
	at NavigatorCore.ManageDashboardOptions.ImportDashboard(ManageDashboardOptions.java:502)
... Removed 29 stack frames]]>
    </failure>
  </testcase> <!-- ImportDashboard -->
  <testcase classname="NavigatorCore.ManageDashboardOptions" name="AddToCurrentViewButton" time="10.55">
    <failure type="org.openqa.selenium.NoSuchElementException" message="no such element: Unable to locate element: {&amp;quot;method&amp;quot;:&amp;quot;xpath&amp;quot;,&amp;quot;selector&amp;quot;:&amp;quot;div[7]/button&amp;quot;}
  (Session info: chrome=100.0.4896.127)
For documentation on this error, please visit: https://selenium.dev/exceptions/#no_such_element
Build info: version: &amp;apos;4.0.0&amp;apos;, revision: &amp;apos;3a21814679&amp;apos;
System info: host: &amp;apos;DESKTOP-9QJNAOQ&amp;apos;, ip: &amp;apos;192.168.43.213&amp;apos;, os.name: &amp;apos;Windows 10&amp;apos;, os.arch: &amp;apos;amd64&amp;apos;, os.version: &amp;apos;10.0&amp;apos;, java.version: &amp;apos;11.0.14&amp;apos;
Driver info: org.openqa.selenium.chrome.ChromeDriver
Command: [548b0e37829e4d28ee93a5693a52e907, findElement {using=xpath, value=div[7]/button}]
Capabilities {acceptInsecureCerts: false, browserName: chrome, browserVersion: 100.0.4896.127, chrome: {chromedriverVersion: 100.0.4896.60 (6a5d10861ce8..., userDataDir: C:\Users\Nagaraju\AppData\L...}, goog:chromeOptions: {debuggerAddress: localhost:51912}, javascriptEnabled: true, networkConnectionEnabled: false, pageLoadStrategy: normal, platform: WINDOWS, platformName: WINDOWS, proxy: Proxy(), se:cdp: ws://localhost:51912/devtoo..., se:cdpVersion: 100.0.4896.127, setWindowRect: true, strictFileInteractability: false, timeouts: {implicit: 0, pageLoad: 300000, script: 30000}, unhandledPromptBehavior: dismiss and notify, webauthn:extension:credBlob: true, webauthn:extension:largeBlob: true, webauthn:virtualAuthenticators: true}
Session ID: 548b0e37829e4d28ee93a5693a52e907">
      <![CDATA[org.openqa.selenium.NoSuchElementException: no such element: Unable to locate element: {"method":"xpath","selector":"div[7]/button"}
  (Session info: chrome=100.0.4896.127)
For documentation on this error, please visit: https://selenium.dev/exceptions/#no_such_element
Build info: version: '4.0.0', revision: '3a21814679'
System info: host: 'DESKTOP-9QJNAOQ', ip: '192.168.43.213', os.name: 'Windows 10', os.arch: 'amd64', os.version: '10.0', java.version: '11.0.14'
Driver info: org.openqa.selenium.chrome.ChromeDriver
Command: [548b0e37829e4d28ee93a5693a52e907, findElement {using=xpath, value=div[7]/button}]
Capabilities {acceptInsecureCerts: false, browserName: chrome, browserVersion: 100.0.4896.127, chrome: {chromedriverVersion: 100.0.4896.60 (6a5d10861ce8..., userDataDir: C:\Users\Nagaraju\AppData\L...}, goog:chromeOptions: {debuggerAddress: localhost:51912}, javascriptEnabled: true, networkConnectionEnabled: false, pageLoadStrategy: normal, platform: WINDOWS, platformName: WINDOWS, proxy: Proxy(), se:cdp: ws://localhost:51912/devtoo..., se:cdpVersion: 100.0.4896.127, setWindowRect: true, strictFileInteractability: false, timeouts: {implicit: 0, pageLoad: 300000, script: 30000}, unhandledPromptBehavior: dismiss and notify, webauthn:extension:credBlob: true, webauthn:extension:largeBlob: true, webauthn:virtualAuthenticators: true}
Session ID: 548b0e37829e4d28ee93a5693a52e907
	at org.openqa.selenium.remote.codec.w3c.W3CHttpResponseCodec.createException(W3CHttpResponseCodec.java:200)
	at org.openqa.selenium.remote.codec.w3c.W3CHttpResponseCodec.decode(W3CHttpResponseCodec.java:133)
	at org.openqa.selenium.remote.codec.w3c.W3CHttpResponseCodec.decode(W3CHttpResponseCodec.java:53)
	at org.openqa.selenium.remote.HttpCommandExecutor.execute(HttpCommandExecutor.java:184)
	at org.openqa.selenium.remote.service.DriverCommandExecutor.invokeExecute(DriverCommandExecutor.java:164)
	at org.openqa.selenium.remote.service.DriverCommandExecutor.execute(DriverCommandExecutor.java:139)
	at org.openqa.selenium.remote.RemoteWebDriver.execute(RemoteWebDriver.java:559)
	at org.openqa.selenium.remote.ElementLocation$ElementFinder$2.findElement(ElementLocation.java:162)
	at org.openqa.selenium.remote.ElementLocation.findElement(ElementLocation.java:60)
	at org.openqa.selenium.remote.RemoteWebDriver.findElement(RemoteWebDriver.java:383)
	at org.openqa.selenium.remote.RemoteWebDriver.findElement(RemoteWebDriver.java:375)
	at NavigatorCore.ManageDashboardOptions.AddToCurrentViewButton(ManageDashboardOptions.java:561)
... Removed 29 stack frames]]>
    </failure>
  </testcase> <!-- AddToCurrentViewButton -->
  <testcase classname="NavigatorCore.ManageDashboardOptions" name="Logout" time="2.232">
    <failure type="org.openqa.selenium.ElementClickInterceptedException" message="element click intercepted: Element &amp;lt;button _ngcontent-rvf-c25=&amp;quot;&amp;quot; class=&amp;quot;btn btn-danger&amp;quot; type=&amp;quot;button&amp;quot;&amp;gt;...&amp;lt;/button&amp;gt; is not clickable at point (1123, 703). Other element would receive the click: &amp;lt;button _ngcontent-rvf-c28=&amp;quot;&amp;quot; class=&amp;quot;btn btn-danger&amp;quot;&amp;gt;...&amp;lt;/button&amp;gt;
  (Session info: chrome=100.0.4896.127)
Build info: version: &amp;apos;4.0.0&amp;apos;, revision: &amp;apos;3a21814679&amp;apos;
System info: host: &amp;apos;DESKTOP-9QJNAOQ&amp;apos;, ip: &amp;apos;192.168.43.213&amp;apos;, os.name: &amp;apos;Windows 10&amp;apos;, os.arch: &amp;apos;amd64&amp;apos;, os.version: &amp;apos;10.0&amp;apos;, java.version: &amp;apos;11.0.14&amp;apos;
Driver info: org.openqa.selenium.chrome.ChromeDriver
Command: [548b0e37829e4d28ee93a5693a52e907, clickElement {id=c1690bc1-5659-4387-a462-9745192dbd87}]
Capabilities {acceptInsecureCerts: false, browserName: chrome, browserVersion: 100.0.4896.127, chrome: {chromedriverVersion: 100.0.4896.60 (6a5d10861ce8..., userDataDir: C:\Users\Nagaraju\AppData\L...}, goog:chromeOptions: {debuggerAddress: localhost:51912}, javascriptEnabled: true, networkConnectionEnabled: false, pageLoadStrategy: normal, platform: WINDOWS, platformName: WINDOWS, proxy: Proxy(), se:cdp: ws://localhost:51912/devtoo..., se:cdpVersion: 100.0.4896.127, setWindowRect: true, strictFileInteractability: false, timeouts: {implicit: 0, pageLoad: 300000, script: 30000}, unhandledPromptBehavior: dismiss and notify, webauthn:extension:credBlob: true, webauthn:extension:largeBlob: true, webauthn:virtualAuthenticators: true}
Element: [[ChromeDriver: chrome on WINDOWS (548b0e37829e4d28ee93a5693a52e907)] -&amp;gt; xpath: //button[contains(.,&amp;apos;Close&amp;apos;)]]
Session ID: 548b0e37829e4d28ee93a5693a52e907">
      <![CDATA[org.openqa.selenium.ElementClickInterceptedException: element click intercepted: Element <button _ngcontent-rvf-c25="" class="btn btn-danger" type="button">...</button> is not clickable at point (1123, 703). Other element would receive the click: <button _ngcontent-rvf-c28="" class="btn btn-danger">...</button>
  (Session info: chrome=100.0.4896.127)
Build info: version: '4.0.0', revision: '3a21814679'
System info: host: 'DESKTOP-9QJNAOQ', ip: '192.168.43.213', os.name: 'Windows 10', os.arch: 'amd64', os.version: '10.0', java.version: '11.0.14'
Driver info: org.openqa.selenium.chrome.ChromeDriver
Command: [548b0e37829e4d28ee93a5693a52e907, clickElement {id=c1690bc1-5659-4387-a462-9745192dbd87}]
Capabilities {acceptInsecureCerts: false, browserName: chrome, browserVersion: 100.0.4896.127, chrome: {chromedriverVersion: 100.0.4896.60 (6a5d10861ce8..., userDataDir: C:\Users\Nagaraju\AppData\L...}, goog:chromeOptions: {debuggerAddress: localhost:51912}, javascriptEnabled: true, networkConnectionEnabled: false, pageLoadStrategy: normal, platform: WINDOWS, platformName: WINDOWS, proxy: Proxy(), se:cdp: ws://localhost:51912/devtoo..., se:cdpVersion: 100.0.4896.127, setWindowRect: true, strictFileInteractability: false, timeouts: {implicit: 0, pageLoad: 300000, script: 30000}, unhandledPromptBehavior: dismiss and notify, webauthn:extension:credBlob: true, webauthn:extension:largeBlob: true, webauthn:virtualAuthenticators: true}
Element: [[ChromeDriver: chrome on WINDOWS (548b0e37829e4d28ee93a5693a52e907)] -> xpath: //button[contains(.,'Close')]]
Session ID: 548b0e37829e4d28ee93a5693a52e907
	at org.openqa.selenium.remote.codec.w3c.W3CHttpResponseCodec.createException(W3CHttpResponseCodec.java:200)
	at org.openqa.selenium.remote.codec.w3c.W3CHttpResponseCodec.decode(W3CHttpResponseCodec.java:133)
	at org.openqa.selenium.remote.codec.w3c.W3CHttpResponseCodec.decode(W3CHttpResponseCodec.java:53)
	at org.openqa.selenium.remote.HttpCommandExecutor.execute(HttpCommandExecutor.java:184)
	at org.openqa.selenium.remote.service.DriverCommandExecutor.invokeExecute(DriverCommandExecutor.java:164)
	at org.openqa.selenium.remote.service.DriverCommandExecutor.execute(DriverCommandExecutor.java:139)
	at org.openqa.selenium.remote.RemoteWebDriver.execute(RemoteWebDriver.java:559)
	at org.openqa.selenium.remote.RemoteWebElement.execute(RemoteWebElement.java:251)
	at org.openqa.selenium.remote.RemoteWebElement.click(RemoteWebElement.java:77)
	at Common.Dashboard.DeleteExistDashboard(Dashboard.java:65)
	at Common.LogoutForAll.LogoutMethod(LogoutForAll.java:12)
	at NavigatorCore.ManageDashboardOptions.Logout(ManageDashboardOptions.java:611)
... Removed 29 stack frames]]>
    </failure>
  </testcase> <!-- Logout -->
  <testcase classname="NavigatorCore.ManageDashboardOptions" name="UpdateTagNameUsingEditButton" time="0.0">
    <ignored/>
  </testcase> <!-- UpdateTagNameUsingEditButton -->
  <testcase classname="NavigatorCore.ManageDashboardOptions" name="RenameDashboardUsingRenamebutton" time="0.0">
    <ignored/>
  </testcase> <!-- RenameDashboardUsingRenamebutton -->
  <testcase classname="NavigatorCore.ManageDashboardOptions" name="DeleteTagUsingDeleteButton" time="0.0">
    <ignored/>
  </testcase> <!-- DeleteTagUsingDeleteButton -->
  <testcase classname="NavigatorCore.ManageDashboardOptions" name="CreareDashboardUsingNewButton" time="0.0">
    <ignored/>
  </testcase> <!-- CreareDashboardUsingNewButton -->
  <testcase classname="NavigatorCore.ManageDashboardOptions" name="ExportDashboard" time="0.0">
    <ignored/>
  </testcase> <!-- ExportDashboard -->
  <testcase classname="NavigatorCore.ManageDashboardOptions" name="DeleteDashboardUsingDeleteButton" time="0.0">
    <ignored/>
  </testcase> <!-- DeleteDashboardUsingDeleteButton -->
  <testcase classname="NavigatorCore.ManageDashboardOptions" name="CreateTagUsingAddButton" time="0.0">
    <ignored/>
  </testcase> <!-- CreateTagUsingAddButton -->
</testsuite> <!-- Manage Dashboard page options -->
