<?xml version="1.0" encoding="UTF-8"?>
<!-- Generated by org.testng.reporters.JUnitXMLReporter -->
<testsuite ignored="2" hostname="DESKTOP-9QJNAOQ" failures="0" tests="9" name="Manage Dashboard page options" time="231.947" errors="0" timestamp="10 Mar 2022 08:30:35 GMT">
  <testcase classname="NavigatorCore.ManageDashboardOptions" name="Login" time="32.807"/>
  <testcase classname="NavigatorCore.ManageDashboardOptions" name="CreareDashboardUsingNewButton" time="12.5"/>
  <testcase classname="NavigatorCore.ManageDashboardOptions" name="RenameDashboardUsingRenamebutton" time="19.88"/>
  <testcase classname="NavigatorCore.ManageDashboardOptions" name="DeleteDashboardUsingDeleteButton" time="12.331"/>
  <testcase classname="NavigatorCore.ManageDashboardOptions" name="CreateTagUsingAddButton" time="21.58"/>
  <testcase classname="NavigatorCore.ManageDashboardOptions" name="UpdateTagNameUsingEditButton" time="10.219"/>
  <testcase classname="NavigatorCore.ManageDashboardOptions" name="DeleteTagUsingDeleteButton" time="11.837"/>
  <testcase classname="NavigatorCore.ManageDashboardOptions" name="ExportDashboard" time="6.171"/>
  <testcase classname="NavigatorCore.ManageDashboardOptions" name="Logout" time="5.976"/>
  <testcase classname="NavigatorCore.ManageDashboardOptions" name="ImportDashboard" time="0.0">
    <ignored/>
  </testcase> <!-- ImportDashboard -->
  <testcase classname="NavigatorCore.ManageDashboardOptions" name="AddToCurrentViewButton" time="0.0">
    <ignored/>
  </testcase> <!-- AddToCurrentViewButton -->
</testsuite> <!-- Manage Dashboard page options -->
