<?xml version="1.0" encoding="UTF-8"?>
<!-- Generated by org.testng.reporters.JUnitXMLReporter -->
<testsuite ignored="0" hostname="DESKTOP-9QJNAOQ" failures="0" tests="14" name="Queue Message Options" time="930.106" errors="0" timestamp="01 Feb 2022 15:30:48 GMT">
  <testcase classname="ApodGUI.QueueMessages" name="Login" time="128.254"/>
  <testcase classname="ApodGUI.QueueMessages" name="PutNewMessageIntoQueue" time="51.965"/>
  <testcase classname="ApodGUI.QueueMessages" name="LoadFromFileUsingYesbutton" time="52.158"/>
  <testcase classname="ApodGUI.QueueMessages" name="LoadFromFileUsingConfigurebuttonWithSingleMessage" time="60.005"/>
  <testcase classname="ApodGUI.QueueMessages" name="LoadFromFileUsingConfigurebuttonWithMultipleMessages" time="67.617"/>
  <testcase classname="ApodGUI.QueueMessages" name="ExportAllMessages" time="40.435"/>
  <testcase classname="ApodGUI.QueueMessages" name="CopyAllMessagesFromOneQueueToAnotherQueue" time="40.977"/>
  <testcase classname="ApodGUI.QueueMessages" name="MoveAllMessagesFromOneQueueToAnotherQueue" time="70.009"/>
  <testcase classname="ApodGUI.QueueMessages" name="DeleteAllMessagesFromQueue" time="38.321"/>
  <testcase classname="ApodGUI.QueueMessages" name="ClearAllMessagesFromQueue" time="34.957"/>
  <testcase classname="ApodGUI.QueueMessages" name="PutMessageUsingJsonFile" time="52.519"/>
  <testcase classname="ApodGUI.QueueMessages" name="PutMessageUsingXMLFile" time="52.363"/>
  <testcase classname="ApodGUI.QueueMessages" name="PutHexMessageIntoQueue" time="43.015"/>
  <testcase classname="ApodGUI.QueueMessages" name="Logout" time="26.924"/>
</testsuite> <!-- Queue Message Options -->
