<?xml version="1.0" encoding="UTF-8"?>
<!-- Generated by org.testng.reporters.JUnitXMLReporter -->
<testsuite ignored="9" hostname="DESKTOP-9QJNAOQ" failures="0" tests="5" name="Queue Message Options" time="358.551" errors="0" timestamp="10 Feb 2022 08:59:01 GMT">
  <testcase classname="ApodGUI.QueueMessages" name="Login" time="140.554"/>
  <testcase classname="ApodGUI.QueueMessages" name="PutMessageUsingJsonFile" time="53.071"/>
  <testcase classname="ApodGUI.QueueMessages" name="PutMessageUsingXMLFile" time="52.299"/>
  <testcase classname="ApodGUI.QueueMessages" name="PutHexMessageIntoQueue" time="42.89"/>
  <testcase classname="ApodGUI.QueueMessages" name="Logout" time="26.714"/>
  <testcase classname="ApodGUI.QueueMessages" name="ClearAllMessagesFromQueue" time="0.0">
    <ignored/>
  </testcase> <!-- ClearAllMessagesFromQueue -->
  <testcase classname="ApodGUI.QueueMessages" name="DeleteAllMessagesFromQueue" time="0.0">
    <ignored/>
  </testcase> <!-- DeleteAllMessagesFromQueue -->
  <testcase classname="ApodGUI.QueueMessages" name="ExportAllMessages" time="0.0">
    <ignored/>
  </testcase> <!-- ExportAllMessages -->
  <testcase classname="ApodGUI.QueueMessages" name="LoadFromFileUsingYesbutton" time="0.0">
    <ignored/>
  </testcase> <!-- LoadFromFileUsingYesbutton -->
  <testcase classname="ApodGUI.QueueMessages" name="PutNewMessageIntoQueue" time="0.0">
    <ignored/>
  </testcase> <!-- PutNewMessageIntoQueue -->
  <testcase classname="ApodGUI.QueueMessages" name="LoadFromFileUsingConfigurebuttonWithMultipleMessages" time="0.0">
    <ignored/>
  </testcase> <!-- LoadFromFileUsingConfigurebuttonWithMultipleMessages -->
  <testcase classname="ApodGUI.QueueMessages" name="CopyAllMessagesFromOneQueueToAnotherQueue" time="0.0">
    <ignored/>
  </testcase> <!-- CopyAllMessagesFromOneQueueToAnotherQueue -->
  <testcase classname="ApodGUI.QueueMessages" name="LoadFromFileUsingConfigurebuttonWithSingleMessage" time="0.0">
    <ignored/>
  </testcase> <!-- LoadFromFileUsingConfigurebuttonWithSingleMessage -->
  <testcase classname="ApodGUI.QueueMessages" name="MoveAllMessagesFromOneQueueToAnotherQueue" time="0.0">
    <ignored/>
  </testcase> <!-- MoveAllMessagesFromOneQueueToAnotherQueue -->
</testsuite> <!-- Queue Message Options -->
