<?xml version="1.0" encoding="UTF-8"?>
<!-- Generated by org.testng.reporters.JUnitXMLReporter -->
<testsuite ignored="0" hostname="DESKTOP-K4AEKHO" failures="0" tests="14" name="Queue Message Options" time="1974.441" errors="0" timestamp="2023-08-23T12:44:41 IST">
  <testcase classname="ApodGUI.QueueMessages" name="Login" time="427.38"/>
  <testcase classname="ApodGUI.QueueMessages" name="PutNewMessageIntoQueue" time="81.271"/>
  <testcase classname="ApodGUI.QueueMessages" name="LoadFromFileUsingYesbutton" time="164.043"/>
  <testcase classname="ApodGUI.QueueMessages" name="LoadFromFileUsingConfigurebuttonWithSingleMessage" time="164.606"/>
  <testcase classname="ApodGUI.QueueMessages" name="LoadFromFileUsingConfigurebuttonWithMultipleMessages" time="170.418"/>
  <testcase classname="ApodGUI.QueueMessages" name="ExportAllMessages" time="76.732"/>
  <testcase classname="ApodGUI.QueueMessages" name="CopyAllMessagesFromOneQueueToAnotherQueue" time="125.573"/>
  <testcase classname="ApodGUI.QueueMessages" name="MoveAllMessagesFromOneQueueToAnotherQueue" time="177.698"/>
  <testcase classname="ApodGUI.QueueMessages" name="DeleteAllMessagesFromQueue" time="94.904"/>
  <testcase classname="ApodGUI.QueueMessages" name="ClearAllMessagesFromQueue" time="92.036"/>
  <testcase classname="ApodGUI.QueueMessages" name="PutMessageUsingJsonFile" time="109.947"/>
  <testcase classname="ApodGUI.QueueMessages" name="PutMessageUsingXMLFile" time="118.316"/>
  <testcase classname="ApodGUI.QueueMessages" name="PutHexMessageIntoQueue" time="116.466"/>
  <testcase classname="ApodGUI.QueueMessages" name="Logout" time="26.836"/>
</testsuite> <!-- Queue Message Options -->
