<?xml version="1.0" encoding="UTF-8"?>
<!-- Generated by org.testng.reporters.JUnitXMLReporter -->
<testsuite ignored="0" hostname="DESKTOP-9QJNAOQ" failures="0" tests="14" name="Queue Message Options" time="1012.896" errors="0" timestamp="28 Jul 2022 13:39:15 GMT">
  <testcase classname="ApodGUI.QueueMessages" name="Login" time="181.16"/>
  <testcase classname="ApodGUI.QueueMessages" name="PutNewMessageIntoQueue" time="55.42"/>
  <testcase classname="ApodGUI.QueueMessages" name="LoadFromFileUsingYesbutton" time="56.005"/>
  <testcase classname="ApodGUI.QueueMessages" name="LoadFromFileUsingConfigurebuttonWithSingleMessage" time="61.657"/>
  <testcase classname="ApodGUI.QueueMessages" name="LoadFromFileUsingConfigurebuttonWithMultipleMessages" time="71.765"/>
  <testcase classname="ApodGUI.QueueMessages" name="ExportAllMessages" time="47.993"/>
  <testcase classname="ApodGUI.QueueMessages" name="CopyAllMessagesFromOneQueueToAnotherQueue" time="44.767"/>
  <testcase classname="ApodGUI.QueueMessages" name="MoveAllMessagesFromOneQueueToAnotherQueue" time="75.765"/>
  <testcase classname="ApodGUI.QueueMessages" name="DeleteAllMessagesFromQueue" time="42.502"/>
  <testcase classname="ApodGUI.QueueMessages" name="ClearAllMessagesFromQueue" time="41.477"/>
  <testcase classname="ApodGUI.QueueMessages" name="PutMessageUsingJsonFile" time="56.644"/>
  <testcase classname="ApodGUI.QueueMessages" name="PutMessageUsingXMLFile" time="56.869"/>
  <testcase classname="ApodGUI.QueueMessages" name="PutHexMessageIntoQueue" time="47.391"/>
  <testcase classname="ApodGUI.QueueMessages" name="Logout" time="27.202"/>
</testsuite> <!-- Queue Message Options -->
