<?xml version="1.0" encoding="UTF-8"?>
<!-- Generated by org.testng.reporters.JUnitXMLReporter -->
<testsuite ignored="8" hostname="DESKTOP-9QJNAOQ" failures="0" tests="6" name="Queue Message Options" time="401.778" errors="0" timestamp="16 May 2022 13:04:47 GMT">
  <testcase classname="ApodGUI.QueueMessages" name="Login" time="127.934"/>
  <testcase classname="ApodGUI.QueueMessages" name="ClearAllMessagesFromQueue" time="34.294"/>
  <testcase classname="ApodGUI.QueueMessages" name="PutMessageUsingJsonFile" time="63.767"/>
  <testcase classname="ApodGUI.QueueMessages" name="PutMessageUsingXMLFile" time="52.642"/>
  <testcase classname="ApodGUI.QueueMessages" name="PutHexMessageIntoQueue" time="42.905"/>
  <testcase classname="ApodGUI.QueueMessages" name="Logout" time="26.664"/>
  <testcase classname="ApodGUI.QueueMessages" name="DeleteAllMessagesFromQueue" time="0.0">
    <ignored/>
  </testcase> <!-- DeleteAllMessagesFromQueue -->
  <testcase classname="ApodGUI.QueueMessages" name="ExportAllMessages" time="0.0">
    <ignored/>
  </testcase> <!-- ExportAllMessages -->
  <testcase classname="ApodGUI.QueueMessages" name="LoadFromFileUsingYesbutton" time="0.0">
    <ignored/>
  </testcase> <!-- LoadFromFileUsingYesbutton -->
  <testcase classname="ApodGUI.QueueMessages" name="PutNewMessageIntoQueue" time="0.0">
    <ignored/>
  </testcase> <!-- PutNewMessageIntoQueue -->
  <testcase classname="ApodGUI.QueueMessages" name="LoadFromFileUsingConfigurebuttonWithMultipleMessages" time="0.0">
    <ignored/>
  </testcase> <!-- LoadFromFileUsingConfigurebuttonWithMultipleMessages -->
  <testcase classname="ApodGUI.QueueMessages" name="CopyAllMessagesFromOneQueueToAnotherQueue" time="0.0">
    <ignored/>
  </testcase> <!-- CopyAllMessagesFromOneQueueToAnotherQueue -->
  <testcase classname="ApodGUI.QueueMessages" name="LoadFromFileUsingConfigurebuttonWithSingleMessage" time="0.0">
    <ignored/>
  </testcase> <!-- LoadFromFileUsingConfigurebuttonWithSingleMessage -->
  <testcase classname="ApodGUI.QueueMessages" name="MoveAllMessagesFromOneQueueToAnotherQueue" time="0.0">
    <ignored/>
  </testcase> <!-- MoveAllMessagesFromOneQueueToAnotherQueue -->
</testsuite> <!-- Queue Message Options -->
