<?xml version="1.0" encoding="UTF-8"?>
<!-- Generated by org.testng.reporters.JUnitXMLReporter -->
<testsuite ignored="0" hostname="DESKTOP-9QJNAOQ" failures="1" tests="14" name="Queue Message Options" time="1307.632" errors="0" timestamp="24 May 2022 14:56:22 GMT">
  <testcase classname="ApodGUI.QueueMessages" name="Login" time="172.904"/>
  <testcase classname="ApodGUI.QueueMessages" name="PutNewMessageIntoQueue" time="54.754"/>
  <testcase classname="ApodGUI.QueueMessages" name="LoadFromFileUsingYesbutton" time="53.087"/>
  <testcase classname="ApodGUI.QueueMessages" name="LoadFromFileUsingConfigurebuttonWithSingleMessage" time="62.01"/>
  <testcase classname="ApodGUI.QueueMessages" name="LoadFromFileUsingConfigurebuttonWithMultipleMessages" time="72.065"/>
  <testcase classname="ApodGUI.QueueMessages" name="ExportAllMessages" time="48.488"/>
  <testcase classname="ApodGUI.QueueMessages" name="CopyAllMessagesFromOneQueueToAnotherQueue" time="45.196"/>
  <testcase classname="ApodGUI.QueueMessages" name="MoveAllMessagesFromOneQueueToAnotherQueue" time="51.533">
    <failure type="org.openqa.selenium.ElementClickInterceptedException" message="element click intercepted: Element &amp;lt;i _ngcontent-wgo-c23=&amp;quot;&amp;quot; class=&amp;quot;fa fa-refresh ng-tns-c23-71 ng-star-inserted no-loading-spinner&amp;quot; style=&amp;quot;font-size: 24px; color: #1aa86f;&amp;quot;&amp;gt;&amp;lt;/i&amp;gt; is not clickable at point (50, 216). Other element would receive the click: &amp;lt;ngb-modal-window role=&amp;quot;dialog&amp;quot; tabindex=&amp;quot;-1&amp;quot; class=&amp;quot;modal d-block fade show&amp;quot; aria-modal=&amp;quot;true&amp;quot;&amp;gt;...&amp;lt;/ngb-modal-window&amp;gt;
  (Session info: chrome=101.0.4951.67)
Build info: version: &amp;apos;4.0.0&amp;apos;, revision: &amp;apos;3a21814679&amp;apos;
System info: host: &amp;apos;DESKTOP-9QJNAOQ&amp;apos;, ip: &amp;apos;10.1.4.85&amp;apos;, os.name: &amp;apos;Windows 10&amp;apos;, os.arch: &amp;apos;amd64&amp;apos;, os.version: &amp;apos;10.0&amp;apos;, java.version: &amp;apos;11.0.14&amp;apos;
Driver info: org.openqa.selenium.chrome.ChromeDriver
Command: [082053f82aedca25bc78ab1dc29a98d6, clickElement {id=7e5a7088-010c-4fa5-af75-a99001964f5d}]
Capabilities {acceptInsecureCerts: false, browserName: chrome, browserVersion: 101.0.4951.67, chrome: {chromedriverVersion: 100.0.4896.60 (6a5d10861ce8..., userDataDir: C:\Users\Nagaraju\AppData\L...}, goog:chromeOptions: {debuggerAddress: localhost:50531}, javascriptEnabled: true, networkConnectionEnabled: false, pageLoadStrategy: normal, platform: WINDOWS, platformName: WINDOWS, proxy: Proxy(), se:cdp: ws://localhost:50531/devtoo..., se:cdpVersion: 101.0.4951.67, setWindowRect: true, strictFileInteractability: false, timeouts: {implicit: 0, pageLoad: 300000, script: 30000}, unhandledPromptBehavior: dismiss and notify, webauthn:extension:credBlob: true, webauthn:extension:largeBlob: true, webauthn:virtualAuthenticators: true}
Element: [[ChromeDriver: chrome on WINDOWS (082053f82aedca25bc78ab1dc29a98d6)] -&amp;gt; xpath: //div[2]/div/div/div/div[2]/div/div/i]
Session ID: 082053f82aedca25bc78ab1dc29a98d6">
      <![CDATA[org.openqa.selenium.ElementClickInterceptedException: element click intercepted: Element <i _ngcontent-wgo-c23="" class="fa fa-refresh ng-tns-c23-71 ng-star-inserted no-loading-spinner" style="font-size: 24px; color: #1aa86f;"></i> is not clickable at point (50, 216). Other element would receive the click: <ngb-modal-window role="dialog" tabindex="-1" class="modal d-block fade show" aria-modal="true">...</ngb-modal-window>
  (Session info: chrome=101.0.4951.67)
Build info: version: '4.0.0', revision: '3a21814679'
System info: host: 'DESKTOP-9QJNAOQ', ip: '10.1.4.85', os.name: 'Windows 10', os.arch: 'amd64', os.version: '10.0', java.version: '11.0.14'
Driver info: org.openqa.selenium.chrome.ChromeDriver
Command: [082053f82aedca25bc78ab1dc29a98d6, clickElement {id=7e5a7088-010c-4fa5-af75-a99001964f5d}]
Capabilities {acceptInsecureCerts: false, browserName: chrome, browserVersion: 101.0.4951.67, chrome: {chromedriverVersion: 100.0.4896.60 (6a5d10861ce8..., userDataDir: C:\Users\Nagaraju\AppData\L...}, goog:chromeOptions: {debuggerAddress: localhost:50531}, javascriptEnabled: true, networkConnectionEnabled: false, pageLoadStrategy: normal, platform: WINDOWS, platformName: WINDOWS, proxy: Proxy(), se:cdp: ws://localhost:50531/devtoo..., se:cdpVersion: 101.0.4951.67, setWindowRect: true, strictFileInteractability: false, timeouts: {implicit: 0, pageLoad: 300000, script: 30000}, unhandledPromptBehavior: dismiss and notify, webauthn:extension:credBlob: true, webauthn:extension:largeBlob: true, webauthn:virtualAuthenticators: true}
Element: [[ChromeDriver: chrome on WINDOWS (082053f82aedca25bc78ab1dc29a98d6)] -> xpath: //div[2]/div/div/div/div[2]/div/div/i]
Session ID: 082053f82aedca25bc78ab1dc29a98d6
	at org.openqa.selenium.remote.codec.w3c.W3CHttpResponseCodec.createException(W3CHttpResponseCodec.java:200)
	at org.openqa.selenium.remote.codec.w3c.W3CHttpResponseCodec.decode(W3CHttpResponseCodec.java:133)
	at org.openqa.selenium.remote.codec.w3c.W3CHttpResponseCodec.decode(W3CHttpResponseCodec.java:53)
	at org.openqa.selenium.remote.HttpCommandExecutor.execute(HttpCommandExecutor.java:184)
	at org.openqa.selenium.remote.service.DriverCommandExecutor.invokeExecute(DriverCommandExecutor.java:164)
	at org.openqa.selenium.remote.service.DriverCommandExecutor.execute(DriverCommandExecutor.java:139)
	at org.openqa.selenium.remote.RemoteWebDriver.execute(RemoteWebDriver.java:559)
	at org.openqa.selenium.remote.RemoteWebElement.execute(RemoteWebElement.java:251)
	at org.openqa.selenium.remote.RemoteWebElement.click(RemoteWebElement.java:77)
	at ApodGUI.QueueMessages.MoveAllMessagesFromOneQueueToAnotherQueue(QueueMessages.java:713)
... Removed 29 stack frames]]>
    </failure>
  </testcase> <!-- MoveAllMessagesFromOneQueueToAnotherQueue -->
  <testcase classname="ApodGUI.QueueMessages" name="DeleteAllMessagesFromQueue" time="42.542"/>
  <testcase classname="ApodGUI.QueueMessages" name="ClearAllMessagesFromQueue" time="41.514"/>
  <testcase classname="ApodGUI.QueueMessages" name="PutMessageUsingJsonFile" time="56.994"/>
  <testcase classname="ApodGUI.QueueMessages" name="PutMessageUsingXMLFile" time="57.236"/>
  <testcase classname="ApodGUI.QueueMessages" name="PutHexMessageIntoQueue" time="47.641"/>
  <testcase classname="ApodGUI.QueueMessages" name="Logout" time="27.221"/>
</testsuite> <!-- Queue Message Options -->
