<?xml version="1.0" encoding="UTF-8"?>
<!-- Generated by org.testng.reporters.JUnitXMLReporter -->
<testsuite ignored="0" hostname="DESKTOP-9QJNAOQ" failures="0" tests="14" name="Queue Message Options" time="922.608" errors="0" timestamp="11 Mar 2022 09:14:11 GMT">
  <testcase classname="ApodGUI.QueueMessages" name="Login" time="126.646"/>
  <testcase classname="ApodGUI.QueueMessages" name="PutNewMessageIntoQueue" time="52.231"/>
  <testcase classname="ApodGUI.QueueMessages" name="LoadFromFileUsingYesbutton" time="50.695"/>
  <testcase classname="ApodGUI.QueueMessages" name="LoadFromFileUsingConfigurebuttonWithSingleMessage" time="59.924"/>
  <testcase classname="ApodGUI.QueueMessages" name="LoadFromFileUsingConfigurebuttonWithMultipleMessages" time="67.853"/>
  <testcase classname="ApodGUI.QueueMessages" name="ExportAllMessages" time="39.631"/>
  <testcase classname="ApodGUI.QueueMessages" name="CopyAllMessagesFromOneQueueToAnotherQueue" time="42.087"/>
  <testcase classname="ApodGUI.QueueMessages" name="MoveAllMessagesFromOneQueueToAnotherQueue" time="67.961"/>
  <testcase classname="ApodGUI.QueueMessages" name="DeleteAllMessagesFromQueue" time="39.044"/>
  <testcase classname="ApodGUI.QueueMessages" name="ClearAllMessagesFromQueue" time="35.012"/>
  <testcase classname="ApodGUI.QueueMessages" name="PutMessageUsingJsonFile" time="52.731"/>
  <testcase classname="ApodGUI.QueueMessages" name="PutMessageUsingXMLFile" time="52.61"/>
  <testcase classname="ApodGUI.QueueMessages" name="PutHexMessageIntoQueue" time="43.791"/>
  <testcase classname="ApodGUI.QueueMessages" name="Logout" time="27.414"/>
</testsuite> <!-- Queue Message Options -->
