<?xml version="1.0" encoding="UTF-8"?>
<!-- Generated by org.testng.reporters.JUnitXMLReporter -->
<testsuite ignored="0" hostname="DESKTOP-9QJNAOQ" failures="0" tests="14" name="Queue Message Options" time="1019.273" errors="0" timestamp="09 Aug 2022 08:51:50 GMT">
  <testcase classname="ApodGUI.QueueMessages" name="Login" time="187.235"/>
  <testcase classname="ApodGUI.QueueMessages" name="PutNewMessageIntoQueue" time="54.422"/>
  <testcase classname="ApodGUI.QueueMessages" name="LoadFromFileUsingYesbutton" time="53.369"/>
  <testcase classname="ApodGUI.QueueMessages" name="LoadFromFileUsingConfigurebuttonWithSingleMessage" time="61.952"/>
  <testcase classname="ApodGUI.QueueMessages" name="LoadFromFileUsingConfigurebuttonWithMultipleMessages" time="71.754"/>
  <testcase classname="ApodGUI.QueueMessages" name="ExportAllMessages" time="47.948"/>
  <testcase classname="ApodGUI.QueueMessages" name="CopyAllMessagesFromOneQueueToAnotherQueue" time="45.055"/>
  <testcase classname="ApodGUI.QueueMessages" name="MoveAllMessagesFromOneQueueToAnotherQueue" time="75.786"/>
  <testcase classname="ApodGUI.QueueMessages" name="DeleteAllMessagesFromQueue" time="42.64"/>
  <testcase classname="ApodGUI.QueueMessages" name="ClearAllMessagesFromQueue" time="41.435"/>
  <testcase classname="ApodGUI.QueueMessages" name="PutMessageUsingJsonFile" time="56.757"/>
  <testcase classname="ApodGUI.QueueMessages" name="PutMessageUsingXMLFile" time="56.547"/>
  <testcase classname="ApodGUI.QueueMessages" name="PutHexMessageIntoQueue" time="47.729"/>
  <testcase classname="ApodGUI.QueueMessages" name="Logout" time="27.267"/>
</testsuite> <!-- Queue Message Options -->
