<?xml version="1.0" encoding="UTF-8"?>
<!-- Generated by org.testng.reporters.JUnitXMLReporter -->
<testsuite ignored="0" hostname="DESKTOP-9QJNAOQ" failures="1" tests="18" name="Test EMS Queue Viewlet" time="1098.211" errors="0" timestamp="14 Feb 2022 10:27:12 GMT">
  <testcase classname="EMS.EMSQueues" name="Login" time="140.91"/>
  <testcase classname="EMS.EMSQueues" name="BrowseMessages" time="20.707"/>
  <testcase classname="EMS.EMSQueues" name="ShowObjectAttributesForQueues" time="34.041">
    <failure type="org.openqa.selenium.NoSuchElementException" message="no such element: Unable to locate element: {&amp;quot;method&amp;quot;:&amp;quot;css selector&amp;quot;,&amp;quot;selector&amp;quot;:&amp;quot;#Attributes\ failed&amp;quot;}
  (Session info: chrome=98.0.4758.82)
For documentation on this error, please visit: https://selenium.dev/exceptions/#no_such_element
Build info: version: &amp;apos;4.0.0&amp;apos;, revision: &amp;apos;3a21814679&amp;apos;
System info: host: &amp;apos;DESKTOP-9QJNAOQ&amp;apos;, ip: &amp;apos;192.168.43.213&amp;apos;, os.name: &amp;apos;Windows 10&amp;apos;, os.arch: &amp;apos;amd64&amp;apos;, os.version: &amp;apos;10.0&amp;apos;, java.version: &amp;apos;11.0.14&amp;apos;
Driver info: org.openqa.selenium.chrome.ChromeDriver
Command: [62eed434420dd98ba27f592dfcc649de, findElement {using=id, value=Attributes failed}]
Capabilities {acceptInsecureCerts: false, browserName: chrome, browserVersion: 98.0.4758.82, chrome: {chromedriverVersion: 98.0.4758.80 (7f0488e8ba0d8..., userDataDir: C:\Users\Nagaraju\AppData\L...}, goog:chromeOptions: {debuggerAddress: localhost:59951}, javascriptEnabled: true, networkConnectionEnabled: false, pageLoadStrategy: normal, platform: WINDOWS, platformName: WINDOWS, proxy: Proxy(), se:cdp: ws://localhost:59951/devtoo..., se:cdpVersion: 98.0.4758.82, setWindowRect: true, strictFileInteractability: false, timeouts: {implicit: 0, pageLoad: 300000, script: 30000}, unhandledPromptBehavior: dismiss and notify, webauthn:extension:credBlob: true, webauthn:extension:largeBlob: true, webauthn:virtualAuthenticators: true}
Session ID: 62eed434420dd98ba27f592dfcc649de">
      <![CDATA[org.openqa.selenium.NoSuchElementException: no such element: Unable to locate element: {"method":"css selector","selector":"#Attributes\ failed"}
  (Session info: chrome=98.0.4758.82)
For documentation on this error, please visit: https://selenium.dev/exceptions/#no_such_element
Build info: version: '4.0.0', revision: '3a21814679'
System info: host: 'DESKTOP-9QJNAOQ', ip: '192.168.43.213', os.name: 'Windows 10', os.arch: 'amd64', os.version: '10.0', java.version: '11.0.14'
Driver info: org.openqa.selenium.chrome.ChromeDriver
Command: [62eed434420dd98ba27f592dfcc649de, findElement {using=id, value=Attributes failed}]
Capabilities {acceptInsecureCerts: false, browserName: chrome, browserVersion: 98.0.4758.82, chrome: {chromedriverVersion: 98.0.4758.80 (7f0488e8ba0d8..., userDataDir: C:\Users\Nagaraju\AppData\L...}, goog:chromeOptions: {debuggerAddress: localhost:59951}, javascriptEnabled: true, networkConnectionEnabled: false, pageLoadStrategy: normal, platform: WINDOWS, platformName: WINDOWS, proxy: Proxy(), se:cdp: ws://localhost:59951/devtoo..., se:cdpVersion: 98.0.4758.82, setWindowRect: true, strictFileInteractability: false, timeouts: {implicit: 0, pageLoad: 300000, script: 30000}, unhandledPromptBehavior: dismiss and notify, webauthn:extension:credBlob: true, webauthn:extension:largeBlob: true, webauthn:virtualAuthenticators: true}
Session ID: 62eed434420dd98ba27f592dfcc649de
	at org.openqa.selenium.remote.codec.w3c.W3CHttpResponseCodec.createException(W3CHttpResponseCodec.java:200)
	at org.openqa.selenium.remote.codec.w3c.W3CHttpResponseCodec.decode(W3CHttpResponseCodec.java:133)
	at org.openqa.selenium.remote.codec.w3c.W3CHttpResponseCodec.decode(W3CHttpResponseCodec.java:53)
	at org.openqa.selenium.remote.HttpCommandExecutor.execute(HttpCommandExecutor.java:184)
	at org.openqa.selenium.remote.service.DriverCommandExecutor.invokeExecute(DriverCommandExecutor.java:164)
	at org.openqa.selenium.remote.service.DriverCommandExecutor.execute(DriverCommandExecutor.java:139)
	at org.openqa.selenium.remote.RemoteWebDriver.execute(RemoteWebDriver.java:559)
	at org.openqa.selenium.remote.ElementLocation$ElementFinder$2.findElement(ElementLocation.java:162)
	at org.openqa.selenium.remote.ElementLocation.findElement(ElementLocation.java:60)
	at org.openqa.selenium.remote.RemoteWebDriver.findElement(RemoteWebDriver.java:383)
	at org.openqa.selenium.remote.RemoteWebDriver.findElement(RemoteWebDriver.java:375)
	at EMS.EMSQueues.ShowObjectAttributesForQueues(EMSQueues.java:235)
... Removed 29 stack frames]]>
    </failure>
  </testcase> <!-- ShowObjectAttributesForQueues -->
  <testcase classname="EMS.EMSQueues" name="ShowQueueStatus" time="19.08"/>
  <testcase classname="EMS.EMSQueues" name="CreateQueueFromOptions" time="77.412"/>
  <testcase classname="EMS.EMSQueues" name="CopyAsOptionFromQueueCommands" time="62.506"/>
  <testcase classname="EMS.EMSQueues" name="RenameQueueFromCommandsOption" time="72.914"/>
  <testcase classname="EMS.EMSQueues" name="DeleteoptionFromQueueCommands" time="26.26"/>
  <testcase classname="EMS.EMSQueues" name="QueueProperties" time="33.881"/>
  <testcase classname="EMS.EMSQueues" name="QueueEvents" time="41.502"/>
  <testcase classname="EMS.EMSQueues" name="AddToFavoriteViewlet" time="35.939"/>
  <testcase classname="EMS.EMSQueues" name="CompareQueues" time="24.678"/>
  <testcase classname="EMS.EMSQueues" name="CheckDifferencesForEMSQueues" time="22.616"/>
  <testcase classname="EMS.EMSQueues" name="ShowQueueStatusForMultipleQueues" time="17.125"/>
  <testcase classname="EMS.EMSQueues" name="MultipleQueueProperties" time="102.363"/>
  <testcase classname="EMS.EMSQueues" name="AddToFavoriteForMultipleQueues" time="23.514"/>
  <testcase classname="EMS.EMSQueues" name="AddQueueFromPlusIcon" time="77.467"/>
  <testcase classname="EMS.EMSQueues" name="Logout" time="41.664"/>
</testsuite> <!-- Test EMS Queue Viewlet -->
