<?xml version="1.0" encoding="UTF-8"?>
<!-- Generated by org.testng.reporters.JUnitXMLReporter -->
<testsuite ignored="0" hostname="DESKTOP-9QJNAOQ" failures="0" tests="16" name="Test Service Viewlet" time="857.355" errors="0" timestamp="11 Mar 2022 09:47:25 GMT">
  <testcase classname="ApodGUI.ServiceViewlet" name="Login" time="46.059"/>
  <testcase classname="ApodGUI.ServiceViewlet" name="AddServiceViewlet" time="36.166"/>
  <testcase classname="ApodGUI.ServiceViewlet" name="CreateServiceFromPlusIcon" time="65.997"/>
  <testcase classname="ApodGUI.ServiceViewlet" name="CopyAsFromCommands" time="53.981"/>
  <testcase classname="ApodGUI.ServiceViewlet" name="RenameFromCommands" time="59.929"/>
  <testcase classname="ApodGUI.ServiceViewlet" name="DeleteFromCommands" time="29.925"/>
  <testcase classname="ApodGUI.ServiceViewlet" name="MQSCSnapshot" time="15.618"/>
  <testcase classname="ApodGUI.ServiceViewlet" name="SaveServiceSnapshot" time="6.373"/>
  <testcase classname="ApodGUI.ServiceViewlet" name="ServiceProperties" time="21.375"/>
  <testcase classname="ApodGUI.ServiceViewlet" name="ServiceEvents" time="41.387"/>
  <testcase classname="ApodGUI.ServiceViewlet" name="AddToFavoriteViewlet" time="37.215"/>
  <testcase classname="ApodGUI.ServiceViewlet" name="CompareServiceNames" time="24.343"/>
  <testcase classname="ApodGUI.ServiceViewlet" name="CheckDifferencesForServices" time="20.413"/>
  <testcase classname="ApodGUI.ServiceViewlet" name="AddToFavoriteForMultipleServices" time="26.474"/>
  <testcase classname="ApodGUI.ServiceViewlet" name="ShowObjectAttributesForService" time="153.872"/>
  <testcase classname="ApodGUI.ServiceViewlet" name="Logout" time="27.171"/>
</testsuite> <!-- Test Service Viewlet -->
