<?xml version="1.0" encoding="UTF-8"?>
<!-- Generated by org.testng.reporters.JUnitXMLReporter -->
<testsuite ignored="0" hostname="DESKTOP-9QJNAOQ" failures="2" tests="16" name="Test Service Viewlet" time="749.581" errors="0" timestamp="20 May 2022 13:59:46 GMT">
  <testcase classname="ApodGUI.ServiceViewlet" name="Login" time="52.188"/>
  <testcase classname="ApodGUI.ServiceViewlet" name="AddServiceViewlet" time="36.13"/>
  <testcase classname="ApodGUI.ServiceViewlet" name="CreateServiceFromPlusIcon" time="65.701"/>
  <testcase classname="ApodGUI.ServiceViewlet" name="CopyAsFromCommands" time="53.509"/>
  <testcase classname="ApodGUI.ServiceViewlet" name="RenameFromCommands" time="60.313"/>
  <testcase classname="ApodGUI.ServiceViewlet" name="DeleteFromCommands" time="29.706"/>
  <testcase classname="ApodGUI.ServiceViewlet" name="MQSCSnapshot" time="15.369"/>
  <testcase classname="ApodGUI.ServiceViewlet" name="SaveServiceSnapshot" time="6.406"/>
  <testcase classname="ApodGUI.ServiceViewlet" name="ServiceProperties" time="21.318"/>
  <testcase classname="ApodGUI.ServiceViewlet" name="ServiceEvents" time="12.141">
    <failure type="org.openqa.selenium.ElementClickInterceptedException" message="element click intercepted: Element &amp;lt;input _ngcontent-ius-c21=&amp;quot;&amp;quot; type=&amp;quot;checkbox&amp;quot; class=&amp;quot;ng-tns-c21-40 ng-star-inserted&amp;quot;&amp;gt; is not clickable at point (38, 281). Other element would receive the click: &amp;lt;ngb-modal-window role=&amp;quot;dialog&amp;quot; tabindex=&amp;quot;-1&amp;quot; class=&amp;quot;modal d-block fade show&amp;quot; aria-modal=&amp;quot;true&amp;quot;&amp;gt;...&amp;lt;/ngb-modal-window&amp;gt;
  (Session info: chrome=101.0.4951.67)
Build info: version: &amp;apos;4.0.0&amp;apos;, revision: &amp;apos;3a21814679&amp;apos;
System info: host: &amp;apos;DESKTOP-9QJNAOQ&amp;apos;, ip: &amp;apos;192.168.43.213&amp;apos;, os.name: &amp;apos;Windows 10&amp;apos;, os.arch: &amp;apos;amd64&amp;apos;, os.version: &amp;apos;10.0&amp;apos;, java.version: &amp;apos;11.0.14&amp;apos;
Driver info: org.openqa.selenium.chrome.ChromeDriver
Command: [19b61feb03a9c1330dc32c15a70eeb7c, clickElement {id=e0734681-8257-460e-aefa-1f280cae9ad1}]
Capabilities {acceptInsecureCerts: false, browserName: chrome, browserVersion: 101.0.4951.67, chrome: {chromedriverVersion: 100.0.4896.60 (6a5d10861ce8..., userDataDir: C:\Users\Nagaraju\AppData\L...}, goog:chromeOptions: {debuggerAddress: localhost:50718}, javascriptEnabled: true, networkConnectionEnabled: false, pageLoadStrategy: normal, platform: WINDOWS, platformName: WINDOWS, proxy: Proxy(), se:cdp: ws://localhost:50718/devtoo..., se:cdpVersion: 101.0.4951.67, setWindowRect: true, strictFileInteractability: false, timeouts: {implicit: 0, pageLoad: 300000, script: 30000}, unhandledPromptBehavior: dismiss and notify, webauthn:extension:credBlob: true, webauthn:extension:largeBlob: true, webauthn:virtualAuthenticators: true}
Element: [[ChromeDriver: chrome on WINDOWS (19b61feb03a9c1330dc32c15a70eeb7c)] -&amp;gt; xpath: /html/body/app-root/div/app-main-page/div/div/app-tab/div/div/div/app-viewlet/div/ngx-datatable/div/datatable-body/datatable-selection/datatable-scroller/datatable-row-wrapper/datatable-body-row/div[2]/datatable-body-cell[1]/div/input]
Session ID: 19b61feb03a9c1330dc32c15a70eeb7c">
      <![CDATA[org.openqa.selenium.ElementClickInterceptedException: element click intercepted: Element <input _ngcontent-ius-c21="" type="checkbox" class="ng-tns-c21-40 ng-star-inserted"> is not clickable at point (38, 281). Other element would receive the click: <ngb-modal-window role="dialog" tabindex="-1" class="modal d-block fade show" aria-modal="true">...</ngb-modal-window>
  (Session info: chrome=101.0.4951.67)
Build info: version: '4.0.0', revision: '3a21814679'
System info: host: 'DESKTOP-9QJNAOQ', ip: '192.168.43.213', os.name: 'Windows 10', os.arch: 'amd64', os.version: '10.0', java.version: '11.0.14'
Driver info: org.openqa.selenium.chrome.ChromeDriver
Command: [19b61feb03a9c1330dc32c15a70eeb7c, clickElement {id=e0734681-8257-460e-aefa-1f280cae9ad1}]
Capabilities {acceptInsecureCerts: false, browserName: chrome, browserVersion: 101.0.4951.67, chrome: {chromedriverVersion: 100.0.4896.60 (6a5d10861ce8..., userDataDir: C:\Users\Nagaraju\AppData\L...}, goog:chromeOptions: {debuggerAddress: localhost:50718}, javascriptEnabled: true, networkConnectionEnabled: false, pageLoadStrategy: normal, platform: WINDOWS, platformName: WINDOWS, proxy: Proxy(), se:cdp: ws://localhost:50718/devtoo..., se:cdpVersion: 101.0.4951.67, setWindowRect: true, strictFileInteractability: false, timeouts: {implicit: 0, pageLoad: 300000, script: 30000}, unhandledPromptBehavior: dismiss and notify, webauthn:extension:credBlob: true, webauthn:extension:largeBlob: true, webauthn:virtualAuthenticators: true}
Element: [[ChromeDriver: chrome on WINDOWS (19b61feb03a9c1330dc32c15a70eeb7c)] -> xpath: /html/body/app-root/div/app-main-page/div/div/app-tab/div/div/div/app-viewlet/div/ngx-datatable/div/datatable-body/datatable-selection/datatable-scroller/datatable-row-wrapper/datatable-body-row/div[2]/datatable-body-cell[1]/div/input]
Session ID: 19b61feb03a9c1330dc32c15a70eeb7c
	at org.openqa.selenium.remote.codec.w3c.W3CHttpResponseCodec.createException(W3CHttpResponseCodec.java:200)
	at org.openqa.selenium.remote.codec.w3c.W3CHttpResponseCodec.decode(W3CHttpResponseCodec.java:133)
	at org.openqa.selenium.remote.codec.w3c.W3CHttpResponseCodec.decode(W3CHttpResponseCodec.java:53)
	at org.openqa.selenium.remote.HttpCommandExecutor.execute(HttpCommandExecutor.java:184)
	at org.openqa.selenium.remote.service.DriverCommandExecutor.invokeExecute(DriverCommandExecutor.java:164)
	at org.openqa.selenium.remote.service.DriverCommandExecutor.execute(DriverCommandExecutor.java:139)
	at org.openqa.selenium.remote.RemoteWebDriver.execute(RemoteWebDriver.java:559)
	at org.openqa.selenium.remote.RemoteWebElement.execute(RemoteWebElement.java:251)
	at org.openqa.selenium.remote.RemoteWebElement.click(RemoteWebElement.java:77)
	at Common.AllEvents.Events(AllEvents.java:20)
	at ApodGUI.ServiceViewlet.ServiceEvents(ServiceViewlet.java:668)
... Removed 29 stack frames]]>
    </failure>
  </testcase> <!-- ServiceEvents -->
  <testcase classname="ApodGUI.ServiceViewlet" name="AddToFavoriteViewlet" time="1.151">
    <failure type="org.openqa.selenium.ElementClickInterceptedException" message="element click intercepted: Element &amp;lt;button _ngcontent-ius-c12=&amp;quot;&amp;quot; class=&amp;quot;g-button-blue button-add&amp;quot; id=&amp;quot;add-viewlet&amp;quot; type=&amp;quot;button&amp;quot;&amp;gt;...&amp;lt;/button&amp;gt; is not clickable at point (1463, 98). Other element would receive the click: &amp;lt;ngb-modal-window role=&amp;quot;dialog&amp;quot; tabindex=&amp;quot;-1&amp;quot; class=&amp;quot;modal d-block fade show&amp;quot; aria-modal=&amp;quot;true&amp;quot;&amp;gt;...&amp;lt;/ngb-modal-window&amp;gt;
  (Session info: chrome=101.0.4951.67)
Build info: version: &amp;apos;4.0.0&amp;apos;, revision: &amp;apos;3a21814679&amp;apos;
System info: host: &amp;apos;DESKTOP-9QJNAOQ&amp;apos;, ip: &amp;apos;192.168.43.213&amp;apos;, os.name: &amp;apos;Windows 10&amp;apos;, os.arch: &amp;apos;amd64&amp;apos;, os.version: &amp;apos;10.0&amp;apos;, java.version: &amp;apos;11.0.14&amp;apos;
Driver info: org.openqa.selenium.chrome.ChromeDriver
Command: [19b61feb03a9c1330dc32c15a70eeb7c, clickElement {id=4ccc403b-8b2c-4dbc-aa93-43381f9e6b0c}]
Capabilities {acceptInsecureCerts: false, browserName: chrome, browserVersion: 101.0.4951.67, chrome: {chromedriverVersion: 100.0.4896.60 (6a5d10861ce8..., userDataDir: C:\Users\Nagaraju\AppData\L...}, goog:chromeOptions: {debuggerAddress: localhost:50718}, javascriptEnabled: true, networkConnectionEnabled: false, pageLoadStrategy: normal, platform: WINDOWS, platformName: WINDOWS, proxy: Proxy(), se:cdp: ws://localhost:50718/devtoo..., se:cdpVersion: 101.0.4951.67, setWindowRect: true, strictFileInteractability: false, timeouts: {implicit: 0, pageLoad: 300000, script: 30000}, unhandledPromptBehavior: dismiss and notify, webauthn:extension:credBlob: true, webauthn:extension:largeBlob: true, webauthn:virtualAuthenticators: true}
Element: [[ChromeDriver: chrome on WINDOWS (19b61feb03a9c1330dc32c15a70eeb7c)] -&amp;gt; xpath: //button[3]]
Session ID: 19b61feb03a9c1330dc32c15a70eeb7c">
      <![CDATA[org.openqa.selenium.ElementClickInterceptedException: element click intercepted: Element <button _ngcontent-ius-c12="" class="g-button-blue button-add" id="add-viewlet" type="button">...</button> is not clickable at point (1463, 98). Other element would receive the click: <ngb-modal-window role="dialog" tabindex="-1" class="modal d-block fade show" aria-modal="true">...</ngb-modal-window>
  (Session info: chrome=101.0.4951.67)
Build info: version: '4.0.0', revision: '3a21814679'
System info: host: 'DESKTOP-9QJNAOQ', ip: '192.168.43.213', os.name: 'Windows 10', os.arch: 'amd64', os.version: '10.0', java.version: '11.0.14'
Driver info: org.openqa.selenium.chrome.ChromeDriver
Command: [19b61feb03a9c1330dc32c15a70eeb7c, clickElement {id=4ccc403b-8b2c-4dbc-aa93-43381f9e6b0c}]
Capabilities {acceptInsecureCerts: false, browserName: chrome, browserVersion: 101.0.4951.67, chrome: {chromedriverVersion: 100.0.4896.60 (6a5d10861ce8..., userDataDir: C:\Users\Nagaraju\AppData\L...}, goog:chromeOptions: {debuggerAddress: localhost:50718}, javascriptEnabled: true, networkConnectionEnabled: false, pageLoadStrategy: normal, platform: WINDOWS, platformName: WINDOWS, proxy: Proxy(), se:cdp: ws://localhost:50718/devtoo..., se:cdpVersion: 101.0.4951.67, setWindowRect: true, strictFileInteractability: false, timeouts: {implicit: 0, pageLoad: 300000, script: 30000}, unhandledPromptBehavior: dismiss and notify, webauthn:extension:credBlob: true, webauthn:extension:largeBlob: true, webauthn:virtualAuthenticators: true}
Element: [[ChromeDriver: chrome on WINDOWS (19b61feb03a9c1330dc32c15a70eeb7c)] -> xpath: //button[3]]
Session ID: 19b61feb03a9c1330dc32c15a70eeb7c
	at org.openqa.selenium.remote.codec.w3c.W3CHttpResponseCodec.createException(W3CHttpResponseCodec.java:200)
	at org.openqa.selenium.remote.codec.w3c.W3CHttpResponseCodec.decode(W3CHttpResponseCodec.java:133)
	at org.openqa.selenium.remote.codec.w3c.W3CHttpResponseCodec.decode(W3CHttpResponseCodec.java:53)
	at org.openqa.selenium.remote.HttpCommandExecutor.execute(HttpCommandExecutor.java:184)
	at org.openqa.selenium.remote.service.DriverCommandExecutor.invokeExecute(DriverCommandExecutor.java:164)
	at org.openqa.selenium.remote.service.DriverCommandExecutor.execute(DriverCommandExecutor.java:139)
	at org.openqa.selenium.remote.RemoteWebDriver.execute(RemoteWebDriver.java:559)
	at org.openqa.selenium.remote.RemoteWebElement.execute(RemoteWebElement.java:251)
	at org.openqa.selenium.remote.RemoteWebElement.click(RemoteWebElement.java:77)
	at ApodGUI.ServiceViewlet.AddToFavoriteViewlet(ServiceViewlet.java:680)
... Removed 29 stack frames]]>
    </failure>
  </testcase> <!-- AddToFavoriteViewlet -->
  <testcase classname="ApodGUI.ServiceViewlet" name="CompareServiceNames" time="24.186"/>
  <testcase classname="ApodGUI.ServiceViewlet" name="CheckDifferencesForServices" time="21.59"/>
  <testcase classname="ApodGUI.ServiceViewlet" name="AddToFavoriteForMultipleServices" time="0.0">
    <skipped/>
  </testcase> <!-- AddToFavoriteForMultipleServices -->
  <testcase classname="ApodGUI.ServiceViewlet" name="ShowObjectAttributesForService" time="155.699"/>
  <testcase classname="ApodGUI.ServiceViewlet" name="Logout" time="27.453"/>
</testsuite> <!-- Test Service Viewlet -->
