<?xml version="1.0" encoding="UTF-8"?>
<!-- Generated by org.testng.reporters.JUnitXMLReporter -->
<testsuite ignored="0" hostname="DESKTOP-9QJNAOQ" failures="1" tests="18" name="Test EMS Queue Viewlet" time="1087.221" errors="0" timestamp="13 May 2022 07:52:52 GMT">
  <testcase classname="EMS.EMSQueues" name="Login" time="111.008"/>
  <testcase classname="EMS.EMSQueues" name="BrowseMessages" time="20.878"/>
  <testcase classname="EMS.EMSQueues" name="ShowObjectAttributesForQueues" time="34.486">
    <failure type="org.openqa.selenium.NoSuchElementException" message="no such element: Unable to locate element: {&amp;quot;method&amp;quot;:&amp;quot;css selector&amp;quot;,&amp;quot;selector&amp;quot;:&amp;quot;#Attributes\ failed&amp;quot;}
  (Session info: chrome=101.0.4951.54)
For documentation on this error, please visit: https://selenium.dev/exceptions/#no_such_element
Build info: version: &amp;apos;4.0.0&amp;apos;, revision: &amp;apos;3a21814679&amp;apos;
System info: host: &amp;apos;DESKTOP-9QJNAOQ&amp;apos;, ip: &amp;apos;192.168.43.213&amp;apos;, os.name: &amp;apos;Windows 10&amp;apos;, os.arch: &amp;apos;amd64&amp;apos;, os.version: &amp;apos;10.0&amp;apos;, java.version: &amp;apos;11.0.14&amp;apos;
Driver info: org.openqa.selenium.chrome.ChromeDriver
Command: [ea87a10533a3586fa538b8d09414ca87, findElement {using=id, value=Attributes failed}]
Capabilities {acceptInsecureCerts: false, browserName: chrome, browserVersion: 101.0.4951.54, chrome: {chromedriverVersion: 100.0.4896.60 (6a5d10861ce8..., userDataDir: C:\Users\Nagaraju\AppData\L...}, goog:chromeOptions: {debuggerAddress: localhost:49346}, javascriptEnabled: true, networkConnectionEnabled: false, pageLoadStrategy: normal, platform: WINDOWS, platformName: WINDOWS, proxy: Proxy(), se:cdp: ws://localhost:49346/devtoo..., se:cdpVersion: 101.0.4951.54, setWindowRect: true, strictFileInteractability: false, timeouts: {implicit: 0, pageLoad: 300000, script: 30000}, unhandledPromptBehavior: dismiss and notify, webauthn:extension:credBlob: true, webauthn:extension:largeBlob: true, webauthn:virtualAuthenticators: true}
Session ID: ea87a10533a3586fa538b8d09414ca87">
      <![CDATA[org.openqa.selenium.NoSuchElementException: no such element: Unable to locate element: {"method":"css selector","selector":"#Attributes\ failed"}
  (Session info: chrome=101.0.4951.54)
For documentation on this error, please visit: https://selenium.dev/exceptions/#no_such_element
Build info: version: '4.0.0', revision: '3a21814679'
System info: host: 'DESKTOP-9QJNAOQ', ip: '192.168.43.213', os.name: 'Windows 10', os.arch: 'amd64', os.version: '10.0', java.version: '11.0.14'
Driver info: org.openqa.selenium.chrome.ChromeDriver
Command: [ea87a10533a3586fa538b8d09414ca87, findElement {using=id, value=Attributes failed}]
Capabilities {acceptInsecureCerts: false, browserName: chrome, browserVersion: 101.0.4951.54, chrome: {chromedriverVersion: 100.0.4896.60 (6a5d10861ce8..., userDataDir: C:\Users\Nagaraju\AppData\L...}, goog:chromeOptions: {debuggerAddress: localhost:49346}, javascriptEnabled: true, networkConnectionEnabled: false, pageLoadStrategy: normal, platform: WINDOWS, platformName: WINDOWS, proxy: Proxy(), se:cdp: ws://localhost:49346/devtoo..., se:cdpVersion: 101.0.4951.54, setWindowRect: true, strictFileInteractability: false, timeouts: {implicit: 0, pageLoad: 300000, script: 30000}, unhandledPromptBehavior: dismiss and notify, webauthn:extension:credBlob: true, webauthn:extension:largeBlob: true, webauthn:virtualAuthenticators: true}
Session ID: ea87a10533a3586fa538b8d09414ca87
	at org.openqa.selenium.remote.codec.w3c.W3CHttpResponseCodec.createException(W3CHttpResponseCodec.java:200)
	at org.openqa.selenium.remote.codec.w3c.W3CHttpResponseCodec.decode(W3CHttpResponseCodec.java:133)
	at org.openqa.selenium.remote.codec.w3c.W3CHttpResponseCodec.decode(W3CHttpResponseCodec.java:53)
	at org.openqa.selenium.remote.HttpCommandExecutor.execute(HttpCommandExecutor.java:184)
	at org.openqa.selenium.remote.service.DriverCommandExecutor.invokeExecute(DriverCommandExecutor.java:164)
	at org.openqa.selenium.remote.service.DriverCommandExecutor.execute(DriverCommandExecutor.java:139)
	at org.openqa.selenium.remote.RemoteWebDriver.execute(RemoteWebDriver.java:559)
	at org.openqa.selenium.remote.ElementLocation$ElementFinder$2.findElement(ElementLocation.java:162)
	at org.openqa.selenium.remote.ElementLocation.findElement(ElementLocation.java:60)
	at org.openqa.selenium.remote.RemoteWebDriver.findElement(RemoteWebDriver.java:383)
	at org.openqa.selenium.remote.RemoteWebDriver.findElement(RemoteWebDriver.java:375)
	at EMS.EMSQueues.ShowObjectAttributesForQueues(EMSQueues.java:235)
... Removed 29 stack frames]]>
    </failure>
  </testcase> <!-- ShowObjectAttributesForQueues -->
  <testcase classname="EMS.EMSQueues" name="ShowQueueStatus" time="19.504"/>
  <testcase classname="EMS.EMSQueues" name="CreateQueueFromOptions" time="78.555"/>
  <testcase classname="EMS.EMSQueues" name="CopyAsOptionFromQueueCommands" time="64.17"/>
  <testcase classname="EMS.EMSQueues" name="RenameQueueFromCommandsOption" time="72.836"/>
  <testcase classname="EMS.EMSQueues" name="DeleteoptionFromQueueCommands" time="25.753"/>
  <testcase classname="EMS.EMSQueues" name="QueueProperties" time="33.847"/>
  <testcase classname="EMS.EMSQueues" name="QueueEvents" time="53.735"/>
  <testcase classname="EMS.EMSQueues" name="AddToFavoriteViewlet" time="36.063"/>
  <testcase classname="EMS.EMSQueues" name="CompareQueues" time="25.384"/>
  <testcase classname="EMS.EMSQueues" name="CheckDifferencesForEMSQueues" time="22.429"/>
  <testcase classname="EMS.EMSQueues" name="ShowQueueStatusForMultipleQueues" time="17.732"/>
  <testcase classname="EMS.EMSQueues" name="MultipleQueueProperties" time="104.037"/>
  <testcase classname="EMS.EMSQueues" name="AddToFavoriteForMultipleQueues" time="24.223"/>
  <testcase classname="EMS.EMSQueues" name="AddQueueFromPlusIcon" time="77.834"/>
  <testcase classname="EMS.EMSQueues" name="Logout" time="46.3"/>
</testsuite> <!-- Test EMS Queue Viewlet -->
