<?xml version="1.0" encoding="UTF-8"?>
<!-- Generated by org.testng.reporters.JUnitXMLReporter -->
<testsuite ignored="3" hostname="DESKTOP-K4AEKHO" failures="0" tests="6" name="Test Queue Properties" time="925.305" errors="0" timestamp="2023-01-30T11:54:18 IST">
  <testcase classname="ApodGUI.QueueProperties" name="Login" time="151.935"/>
  <testcase classname="ApodGUI.QueueProperties" name="PutMessageInInhibitedQueue" time="136.246"/>
  <testcase classname="ApodGUI.QueueProperties" name="GetMessageFromInhibitedQueue" time="130.847"/>
  <testcase classname="ApodGUI.QueueProperties" name="MaximumQueueDepth" time="235.468"/>
  <testcase classname="ApodGUI.QueueProperties" name="MessageLength" time="236.415"/>
  <testcase classname="ApodGUI.QueueProperties" name="Logout" time="26.486"/>
  <testcase classname="ApodGUI.QueueProperties" name="MQStatisticsForManager" time="0.0">
    <ignored/>
  </testcase> <!-- MQStatisticsForManager -->
  <testcase classname="ApodGUI.QueueProperties" name="MQStatisticsForChannels" time="0.0">
    <ignored/>
  </testcase> <!-- MQStatisticsForChannels -->
  <testcase classname="ApodGUI.QueueProperties" name="QueueStatistics" time="0.0">
    <ignored/>
  </testcase> <!-- QueueStatistics -->
</testsuite> <!-- Test Queue Properties -->
