<?xml version="1.0" encoding="UTF-8"?>
<!-- Generated by org.testng.reporters.JUnitXMLReporter -->
<testsuite ignored="3" hostname="DESKTOP-9QJNAOQ" failures="0" tests="6" name="Test Queue Viewlet" time="674.649" errors="0" timestamp="09 Aug 2022 09:23:19 GMT">
  <testcase classname="ApodGUI.QueueProperties" name="Login" time="134.873"/>
  <testcase classname="ApodGUI.QueueProperties" name="PutMessageInInhibitedQueue" time="86.942"/>
  <testcase classname="ApodGUI.QueueProperties" name="GetMessageFromInhibitedQueue" time="86.085"/>
  <testcase classname="ApodGUI.QueueProperties" name="MaximumQueueDepth" time="150.454"/>
  <testcase classname="ApodGUI.QueueProperties" name="MessageLength" time="139.94"/>
  <testcase classname="ApodGUI.QueueProperties" name="Logout" time="27.173"/>
  <testcase classname="ApodGUI.QueueProperties" name="MQStatisticsForManager" time="0.0">
    <ignored/>
  </testcase> <!-- MQStatisticsForManager -->
  <testcase classname="ApodGUI.QueueProperties" name="MQStatisticsForChannels" time="0.0">
    <ignored/>
  </testcase> <!-- MQStatisticsForChannels -->
  <testcase classname="ApodGUI.QueueProperties" name="QueueStatistics" time="0.0">
    <ignored/>
  </testcase> <!-- QueueStatistics -->
</testsuite> <!-- Test Queue Viewlet -->
