<?xml version="1.0" encoding="UTF-8"?>
<!-- Generated by org.testng.reporters.JUnitXMLReporter -->
<testsuite ignored="1" hostname="DESKTOP-9QJNAOQ" failures="1" tests="12" name="Test Auth Info Viewlet" time="591.363" errors="0" timestamp="17 May 2022 16:27:28 GMT">
  <testcase classname="ApodGUI.AuthorizationInfoViewlet" name="Login" time="46.029"/>
  <testcase classname="ApodGUI.AuthorizationInfoViewlet" name="AddAuthInfoViewlet" time="42.527"/>
  <testcase classname="ApodGUI.AuthorizationInfoViewlet" name="PropertieOfAuthInfo" time="1.135">
    <failure type="org.openqa.selenium.ElementClickInterceptedException" message="element click intercepted: Element &amp;lt;i _ngcontent-ayh-c21=&amp;quot;&amp;quot; class=&amp;quot;fa fa-close close-btn ng-tns-c21-9 ng-star-inserted&amp;quot; title=&amp;quot;Clear all selected checkboxes&amp;quot;&amp;gt;&amp;lt;/i&amp;gt; is not clickable at point (66, 254). Other element would receive the click: &amp;lt;ngb-modal-window role=&amp;quot;dialog&amp;quot; tabindex=&amp;quot;-1&amp;quot; class=&amp;quot;modal d-block fade show&amp;quot; aria-modal=&amp;quot;true&amp;quot;&amp;gt;...&amp;lt;/ngb-modal-window&amp;gt;
  (Session info: chrome=101.0.4951.54)
Build info: version: &amp;apos;4.0.0&amp;apos;, revision: &amp;apos;3a21814679&amp;apos;
System info: host: &amp;apos;DESKTOP-9QJNAOQ&amp;apos;, ip: &amp;apos;192.168.43.213&amp;apos;, os.name: &amp;apos;Windows 10&amp;apos;, os.arch: &amp;apos;amd64&amp;apos;, os.version: &amp;apos;10.0&amp;apos;, java.version: &amp;apos;11.0.14&amp;apos;
Driver info: org.openqa.selenium.chrome.ChromeDriver
Command: [c549fcb4427809445ba00ed45974ac68, clickElement {id=036d6cd6-2587-4ce0-8448-71356ab9a29a}]
Capabilities {acceptInsecureCerts: false, browserName: chrome, browserVersion: 101.0.4951.54, chrome: {chromedriverVersion: 100.0.4896.60 (6a5d10861ce8..., userDataDir: C:\Users\Nagaraju\AppData\L...}, goog:chromeOptions: {debuggerAddress: localhost:51918}, javascriptEnabled: true, networkConnectionEnabled: false, pageLoadStrategy: normal, platform: WINDOWS, platformName: WINDOWS, proxy: Proxy(), se:cdp: ws://localhost:51918/devtoo..., se:cdpVersion: 101.0.4951.54, setWindowRect: true, strictFileInteractability: false, timeouts: {implicit: 0, pageLoad: 300000, script: 30000}, unhandledPromptBehavior: dismiss and notify, webauthn:extension:credBlob: true, webauthn:extension:largeBlob: true, webauthn:virtualAuthenticators: true}
Element: [[ChromeDriver: chrome on WINDOWS (c549fcb4427809445ba00ed45974ac68)] -&amp;gt; xpath: //datatable-header-cell[2]/div/i]
Session ID: c549fcb4427809445ba00ed45974ac68">
      <![CDATA[org.openqa.selenium.ElementClickInterceptedException: element click intercepted: Element <i _ngcontent-ayh-c21="" class="fa fa-close close-btn ng-tns-c21-9 ng-star-inserted" title="Clear all selected checkboxes"></i> is not clickable at point (66, 254). Other element would receive the click: <ngb-modal-window role="dialog" tabindex="-1" class="modal d-block fade show" aria-modal="true">...</ngb-modal-window>
  (Session info: chrome=101.0.4951.54)
Build info: version: '4.0.0', revision: '3a21814679'
System info: host: 'DESKTOP-9QJNAOQ', ip: '192.168.43.213', os.name: 'Windows 10', os.arch: 'amd64', os.version: '10.0', java.version: '11.0.14'
Driver info: org.openqa.selenium.chrome.ChromeDriver
Command: [c549fcb4427809445ba00ed45974ac68, clickElement {id=036d6cd6-2587-4ce0-8448-71356ab9a29a}]
Capabilities {acceptInsecureCerts: false, browserName: chrome, browserVersion: 101.0.4951.54, chrome: {chromedriverVersion: 100.0.4896.60 (6a5d10861ce8..., userDataDir: C:\Users\Nagaraju\AppData\L...}, goog:chromeOptions: {debuggerAddress: localhost:51918}, javascriptEnabled: true, networkConnectionEnabled: false, pageLoadStrategy: normal, platform: WINDOWS, platformName: WINDOWS, proxy: Proxy(), se:cdp: ws://localhost:51918/devtoo..., se:cdpVersion: 101.0.4951.54, setWindowRect: true, strictFileInteractability: false, timeouts: {implicit: 0, pageLoad: 300000, script: 30000}, unhandledPromptBehavior: dismiss and notify, webauthn:extension:credBlob: true, webauthn:extension:largeBlob: true, webauthn:virtualAuthenticators: true}
Element: [[ChromeDriver: chrome on WINDOWS (c549fcb4427809445ba00ed45974ac68)] -> xpath: //datatable-header-cell[2]/div/i]
Session ID: c549fcb4427809445ba00ed45974ac68
	at org.openqa.selenium.remote.codec.w3c.W3CHttpResponseCodec.createException(W3CHttpResponseCodec.java:200)
	at org.openqa.selenium.remote.codec.w3c.W3CHttpResponseCodec.decode(W3CHttpResponseCodec.java:133)
	at org.openqa.selenium.remote.codec.w3c.W3CHttpResponseCodec.decode(W3CHttpResponseCodec.java:53)
	at org.openqa.selenium.remote.HttpCommandExecutor.execute(HttpCommandExecutor.java:184)
	at org.openqa.selenium.remote.service.DriverCommandExecutor.invokeExecute(DriverCommandExecutor.java:164)
	at org.openqa.selenium.remote.service.DriverCommandExecutor.execute(DriverCommandExecutor.java:139)
	at org.openqa.selenium.remote.RemoteWebDriver.execute(RemoteWebDriver.java:559)
	at org.openqa.selenium.remote.RemoteWebElement.execute(RemoteWebElement.java:251)
	at org.openqa.selenium.remote.RemoteWebElement.click(RemoteWebElement.java:77)
	at ApodGUI.AuthorizationInfoViewlet.PropertieOfAuthInfo(AuthorizationInfoViewlet.java:162)
... Removed 29 stack frames]]>
    </failure>
  </testcase> <!-- PropertieOfAuthInfo -->
  <testcase classname="ApodGUI.AuthorizationInfoViewlet" name="MQSCSnapshot" time="17.35"/>
  <testcase classname="ApodGUI.AuthorizationInfoViewlet" name="SaveAuthinfoSnapshot" time="6.544"/>
  <testcase classname="ApodGUI.AuthorizationInfoViewlet" name="AuthInfoEvents" time="52.081"/>
  <testcase classname="ApodGUI.AuthorizationInfoViewlet" name="AddToFavoriteViewlet" time="33.917"/>
  <testcase classname="ApodGUI.AuthorizationInfoViewlet" name="CompareAuthInfo" time="25.549"/>
  <testcase classname="ApodGUI.AuthorizationInfoViewlet" name="CheckDifferencesForAuthInfos" time="20.658"/>
  <testcase classname="ApodGUI.AuthorizationInfoViewlet" name="AddToFavoriteForMultipleAuthInfo" time="27.15"/>
  <testcase classname="ApodGUI.AuthorizationInfoViewlet" name="ShowObjectAttributesForAuthInfo" time="65.605"/>
  <testcase classname="ApodGUI.AuthorizationInfoViewlet" name="Logout" time="27.865"/>
  <testcase classname="ApodGUI.AuthorizationInfoViewlet" name="CreateAuthInfoFromPlusIcon" time="0.0">
    <ignored/>
  </testcase> <!-- CreateAuthInfoFromPlusIcon -->
</testsuite> <!-- Test Auth Info Viewlet -->
