<?xml version="1.0" encoding="UTF-8"?>
<!-- Generated by org.testng.reporters.JUnitXMLReporter -->
<testsuite ignored="20" hostname="DESKTOP-9QJNAOQ" failures="0" tests="6" name="Test Queue Viewlet" time="565.227" errors="0" timestamp="17 Feb 2022 11:05:45 GMT">
  <testcase classname="ApodGUI.QueuesViewlet" name="Login" time="228.137"/>
  <testcase classname="ApodGUI.QueuesViewlet" name="CreateQueueFromOptions" time="51.819"/>
  <testcase classname="ApodGUI.QueuesViewlet" name="CopyAsQueueCommands" time="62.482"/>
  <testcase classname="ApodGUI.QueuesViewlet" name="RenameQueueFromCommandsOption" time="76.604"/>
  <testcase classname="ApodGUI.QueuesViewlet" name="DeleteQueueFromCommandsOption" time="54.603"/>
  <testcase classname="ApodGUI.QueuesViewlet" name="Logout" time="34.989"/>
  <testcase classname="ApodGUI.QueuesViewlet" name="RenameForMultipleQueues" time="0.0">
    <ignored/>
  </testcase> <!-- RenameForMultipleQueues -->
  <testcase classname="ApodGUI.QueuesViewlet" name="SaveMQSCSnapshot" time="0.0">
    <ignored/>
  </testcase> <!-- SaveMQSCSnapshot -->
  <testcase classname="ApodGUI.QueuesViewlet" name="MQSCSnapshot" time="0.0">
    <ignored/>
  </testcase> <!-- MQSCSnapshot -->
  <testcase classname="ApodGUI.QueuesViewlet" name="AddQueueFromPlusIcon" time="0.0">
    <ignored/>
  </testcase> <!-- AddQueueFromPlusIcon -->
  <testcase classname="ApodGUI.QueuesViewlet" name="QueueProperties" time="0.0">
    <ignored/>
  </testcase> <!-- QueueProperties -->
  <testcase classname="ApodGUI.QueuesViewlet" name="MultipleQueueProperties" time="0.0">
    <ignored/>
  </testcase> <!-- MultipleQueueProperties -->
  <testcase classname="ApodGUI.QueuesViewlet" name="CheckDifferencesForQueues" time="0.0">
    <ignored/>
  </testcase> <!-- CheckDifferencesForQueues -->
  <testcase classname="ApodGUI.QueuesViewlet" name="CopyAsForMultipleQueues" time="0.0">
    <ignored/>
  </testcase> <!-- CopyAsForMultipleQueues -->
  <testcase classname="ApodGUI.QueuesViewlet" name="InhibitGetFromCommands" time="0.0">
    <ignored/>
  </testcase> <!-- InhibitGetFromCommands -->
  <testcase classname="ApodGUI.QueuesViewlet" name="DeleteMultipleQueues" time="0.0">
    <ignored/>
  </testcase> <!-- DeleteMultipleQueues -->
  <testcase classname="ApodGUI.QueuesViewlet" name="InhibitPutFromCommands" time="0.0">
    <ignored/>
  </testcase> <!-- InhibitPutFromCommands -->
  <testcase classname="ApodGUI.QueuesViewlet" name="SearchFilter" time="0.0">
    <ignored/>
  </testcase> <!-- SearchFilter -->
  <testcase classname="ApodGUI.QueuesViewlet" name="ShowQueueStatusForMultipleQueues" time="0.0">
    <ignored/>
  </testcase> <!-- ShowQueueStatusForMultipleQueues -->
  <testcase classname="ApodGUI.QueuesViewlet" name="AddToFavoriteViewlet" time="0.0">
    <ignored/>
  </testcase> <!-- AddToFavoriteViewlet -->
  <testcase classname="ApodGUI.QueuesViewlet" name="ShowObjectAttributesForQueues" time="0.0">
    <ignored/>
  </testcase> <!-- ShowObjectAttributesForQueues -->
  <testcase classname="ApodGUI.QueuesViewlet" name="CompareQueues" time="0.0">
    <ignored/>
  </testcase> <!-- CompareQueues -->
  <testcase classname="ApodGUI.QueuesViewlet" name="ShowQueueStatus" time="0.0">
    <ignored/>
  </testcase> <!-- ShowQueueStatus -->
  <testcase classname="ApodGUI.QueuesViewlet" name="AddToFavoriteForMultipleQueues" time="0.0">
    <ignored/>
  </testcase> <!-- AddToFavoriteForMultipleQueues -->
  <testcase classname="ApodGUI.QueuesViewlet" name="QueueEvents" time="0.0">
    <ignored/>
  </testcase> <!-- QueueEvents -->
  <testcase classname="ApodGUI.QueuesViewlet" name="BrowseMessages" time="0.0">
    <ignored/>
  </testcase> <!-- BrowseMessages -->
</testsuite> <!-- Test Queue Viewlet -->
