<?xml version="1.0" encoding="UTF-8"?>
<!-- Generated by org.testng.reporters.JUnitXMLReporter -->
<testsuite ignored="1" hostname="DESKTOP-K4AEKHO" failures="0" tests="11" name="Test Comm info Viewlet options" time="843.951" errors="0" timestamp="2023-09-06T12:17:51 IST">
  <testcase classname="ApodGUI.CommInfoViewlet" name="Login" time="127.796"/>
  <testcase classname="ApodGUI.CommInfoViewlet" name="AddCommInfoViewlet" time="45.815"/>
  <testcase classname="ApodGUI.CommInfoViewlet" name="Properties" time="33.026"/>
  <testcase classname="ApodGUI.CommInfoViewlet" name="CopyAsOfCommumicationInfo" time="100.421"/>
  <testcase classname="ApodGUI.CommInfoViewlet" name="DeleteCommunicationInfo" time="105.796"/>
  <testcase classname="ApodGUI.CommInfoViewlet" name="AddCommunicationInfoToFavoriteViewlet" time="92.69"/>
  <testcase classname="ApodGUI.CommInfoViewlet" name="CompareCommunicationInfos" time="56.493"/>
  <testcase classname="ApodGUI.CommInfoViewlet" name="DifferencesOfCommunicationInfos" time="45.629"/>
  <testcase classname="ApodGUI.CommInfoViewlet" name="AddMultipleCommumicationInfosToFavoriteViewlet" time="50.952"/>
  <testcase classname="ApodGUI.CommInfoViewlet" name="AddCommunicationInfoUsingPlusIcon" time="137.451"/>
  <testcase classname="ApodGUI.CommInfoViewlet" name="Logout" time="26.71"/>
  <testcase classname="ApodGUI.CommInfoViewlet" name="ShowObjectAttributes" time="0.0">
    <ignored/>
  </testcase> <!-- ShowObjectAttributes -->
</testsuite> <!-- Test Comm info Viewlet options -->
