<?xml version="1.0" encoding="UTF-8"?>
<!-- Generated by org.testng.reporters.JUnitXMLReporter -->
<testsuite ignored="1" hostname="DESKTOP-K4AEKHO" failures="0" tests="20" name="Test Process Viewlet" time="1061.922" errors="0" timestamp="2023-08-09T19:13:44 IST">
  <testcase classname="ApodGUI.ProcessViewlet" name="Login" time="70.701"/>
  <testcase classname="ApodGUI.ProcessViewlet" name="AddProcessViewlet" time="35.753"/>
  <testcase classname="ApodGUI.ProcessViewlet" name="CreateProcessFromPlusIcon" time="44.765"/>
  <testcase classname="ApodGUI.ProcessViewlet" name="CopyAsFromCommands" time="76.873"/>
  <testcase classname="ApodGUI.ProcessViewlet" name="RenameFromCommands" time="87.511"/>
  <testcase classname="ApodGUI.ProcessViewlet" name="DeleteFromCommands" time="71.071"/>
  <testcase classname="ApodGUI.ProcessViewlet" name="MQSCSnapshot" time="17.915"/>
  <testcase classname="ApodGUI.ProcessViewlet" name="SaveProcessSnapshot" time="6.265"/>
  <testcase classname="ApodGUI.ProcessViewlet" name="Properties" time="23.575"/>
  <testcase classname="ApodGUI.ProcessViewlet" name="ProcessEvents" time="64.863"/>
  <testcase classname="ApodGUI.ProcessViewlet" name="AddToFavoriteViewlet" time="55.926"/>
  <testcase classname="ApodGUI.ProcessViewlet" name="CreateProcess" time="52.72"/>
  <testcase classname="ApodGUI.ProcessViewlet" name="CompareProcessNames" time="26.177"/>
  <testcase classname="ApodGUI.ProcessViewlet" name="CheckDifferencesForProcess" time="22.576"/>
  <testcase classname="ApodGUI.ProcessViewlet" name="CopyAsFromCommandsForMultipleProcess" time="74.302"/>
  <testcase classname="ApodGUI.ProcessViewlet" name="RenameFromCommandsForMultipleProcess" time="91.809"/>
  <testcase classname="ApodGUI.ProcessViewlet" name="DeleteFromCommandsForMultipleProcess" time="62.927"/>
  <testcase classname="ApodGUI.ProcessViewlet" name="MultipleProperties" time="80.936"/>
  <testcase classname="ApodGUI.ProcessViewlet" name="AddToFavoriteForMultipleProcess" time="31.645"/>
  <testcase classname="ApodGUI.ProcessViewlet" name="Logout" time="26.641"/>
  <testcase classname="ApodGUI.ProcessViewlet" name="ShowObjectAttributesForProcess" time="0.0">
    <ignored/>
  </testcase> <!-- ShowObjectAttributesForProcess -->
</testsuite> <!-- Test Process Viewlet -->
