<?xml version="1.0" encoding="UTF-8"?>
<!-- Generated by org.testng.reporters.JUnitXMLReporter -->
<testsuite ignored="0" hostname="DESKTOP-K4AEKHO" failures="0" tests="21" name="Test Process Viewlet" time="912.097" errors="0" timestamp="2023-05-17T12:34:14 IST">
  <testcase classname="ApodGUI.ProcessViewlet" name="Login" time="44.152"/>
  <testcase classname="ApodGUI.ProcessViewlet" name="AddProcessViewlet" time="35.696"/>
  <testcase classname="ApodGUI.ProcessViewlet" name="CreateProcessFromPlusIcon" time="53.898"/>
  <testcase classname="ApodGUI.ProcessViewlet" name="CopyAsFromCommands" time="49.975"/>
  <testcase classname="ApodGUI.ProcessViewlet" name="RenameFromCommands" time="56.861"/>
  <testcase classname="ApodGUI.ProcessViewlet" name="DeleteFromCommands" time="29.775"/>
  <testcase classname="ApodGUI.ProcessViewlet" name="MQSCSnapshot" time="18.171"/>
  <testcase classname="ApodGUI.ProcessViewlet" name="SaveProcessSnapshot" time="6.231"/>
  <testcase classname="ApodGUI.ProcessViewlet" name="Properties" time="23.406"/>
  <testcase classname="ApodGUI.ProcessViewlet" name="ProcessEvents" time="46.627"/>
  <testcase classname="ApodGUI.ProcessViewlet" name="AddToFavoriteViewlet" time="50.062"/>
  <testcase classname="ApodGUI.ProcessViewlet" name="CreateProcess" time="52.693"/>
  <testcase classname="ApodGUI.ProcessViewlet" name="CompareProcessNames" time="25.66"/>
  <testcase classname="ApodGUI.ProcessViewlet" name="CheckDifferencesForProcess" time="21.602"/>
  <testcase classname="ApodGUI.ProcessViewlet" name="CopyAsFromCommandsForMultipleProcess" time="43.337"/>
  <testcase classname="ApodGUI.ProcessViewlet" name="RenameFromCommandsForMultipleProcess" time="60.762"/>
  <testcase classname="ApodGUI.ProcessViewlet" name="DeleteFromCommandsForMultipleProcess" time="31.16"/>
  <testcase classname="ApodGUI.ProcessViewlet" name="MultipleProperties" time="79.735"/>
  <testcase classname="ApodGUI.ProcessViewlet" name="AddToFavoriteForMultipleProcess" time="26.7"/>
  <testcase classname="ApodGUI.ProcessViewlet" name="ShowObjectAttributesForProcess" time="92.968"/>
  <testcase classname="ApodGUI.ProcessViewlet" name="Logout" time="26.546"/>
</testsuite> <!-- Test Process Viewlet -->
