<?xml version="1.0" encoding="UTF-8"?>
<!-- Generated by org.testng.reporters.JUnitXMLReporter -->
<testsuite ignored="10" hostname="DESKTOP-9QJNAOQ" failures="2" tests="18" name="Test Channel Viewlet" time="1102.994" errors="0" timestamp="11 Mar 2022 09:32:55 GMT">
  <testcase classname="ApodGUI.ChannelViewlet" name="Login" time="92.338"/>
  <testcase classname="ApodGUI.ChannelViewlet" name="ShowChannelStatus" time="17.532"/>
  <testcase classname="ApodGUI.ChannelViewlet" name="CreateChannelFromIcon" time="60.778"/>
  <testcase classname="ApodGUI.ChannelViewlet" name="CopyAsFromCommands" time="53.777"/>
  <testcase classname="ApodGUI.ChannelViewlet" name="RenameFromCommands" time="61.899"/>
  <testcase classname="ApodGUI.ChannelViewlet" name="DeleteChannel" time="34.426"/>
  <testcase classname="ApodGUI.ChannelViewlet" name="MQSCSnapshot" time="14.839"/>
  <testcase classname="ApodGUI.ChannelViewlet" name="SaveChannelSnapshot" time="6.447"/>
  <testcase classname="ApodGUI.ChannelViewlet" name="Properties" time="21.52"/>
  <testcase classname="ApodGUI.ChannelViewlet" name="Events" time="41.474"/>
  <testcase classname="ApodGUI.ChannelViewlet" name="AddToFavorites" time="37.711"/>
  <testcase classname="ApodGUI.ChannelViewlet" name="ComapareChannels" time="21.091"/>
  <testcase classname="ApodGUI.ChannelViewlet" name="CheckDifferencesForChannels" time="26.986"/>
  <testcase classname="ApodGUI.ChannelViewlet" name="ShowChannelStatusForMultiple" time="33.052">
    <failure type="org.openqa.selenium.NoSuchElementException" message="no such element: Unable to locate element: {&amp;quot;method&amp;quot;:&amp;quot;css selector&amp;quot;,&amp;quot;selector&amp;quot;:&amp;quot;Channel status failed&amp;quot;}
  (Session info: chrome=99.0.4844.51)
For documentation on this error, please visit: https://selenium.dev/exceptions/#no_such_element
Build info: version: &amp;apos;4.0.0&amp;apos;, revision: &amp;apos;3a21814679&amp;apos;
System info: host: &amp;apos;DESKTOP-9QJNAOQ&amp;apos;, ip: &amp;apos;192.168.43.213&amp;apos;, os.name: &amp;apos;Windows 10&amp;apos;, os.arch: &amp;apos;amd64&amp;apos;, os.version: &amp;apos;10.0&amp;apos;, java.version: &amp;apos;11.0.14&amp;apos;
Driver info: org.openqa.selenium.chrome.ChromeDriver
Command: [8a40ba31fb3bfac4a72bb7adaf7a1c24, findElement {using=css selector, value=Channel status failed}]
Capabilities {acceptInsecureCerts: false, browserName: chrome, browserVersion: 99.0.4844.51, chrome: {chromedriverVersion: 98.0.4758.80 (7f0488e8ba0d8..., userDataDir: C:\Users\Nagaraju\AppData\L...}, goog:chromeOptions: {debuggerAddress: localhost:52482}, javascriptEnabled: true, networkConnectionEnabled: false, pageLoadStrategy: normal, platform: WINDOWS, platformName: WINDOWS, proxy: Proxy(), se:cdp: ws://localhost:52482/devtoo..., se:cdpVersion: 99.0.4844.51, setWindowRect: true, strictFileInteractability: false, timeouts: {implicit: 0, pageLoad: 300000, script: 30000}, unhandledPromptBehavior: dismiss and notify, webauthn:extension:credBlob: true, webauthn:extension:largeBlob: true, webauthn:virtualAuthenticators: true}
Session ID: 8a40ba31fb3bfac4a72bb7adaf7a1c24">
      <![CDATA[org.openqa.selenium.NoSuchElementException: no such element: Unable to locate element: {"method":"css selector","selector":"Channel status failed"}
  (Session info: chrome=99.0.4844.51)
For documentation on this error, please visit: https://selenium.dev/exceptions/#no_such_element
Build info: version: '4.0.0', revision: '3a21814679'
System info: host: 'DESKTOP-9QJNAOQ', ip: '192.168.43.213', os.name: 'Windows 10', os.arch: 'amd64', os.version: '10.0', java.version: '11.0.14'
Driver info: org.openqa.selenium.chrome.ChromeDriver
Command: [8a40ba31fb3bfac4a72bb7adaf7a1c24, findElement {using=css selector, value=Channel status failed}]
Capabilities {acceptInsecureCerts: false, browserName: chrome, browserVersion: 99.0.4844.51, chrome: {chromedriverVersion: 98.0.4758.80 (7f0488e8ba0d8..., userDataDir: C:\Users\Nagaraju\AppData\L...}, goog:chromeOptions: {debuggerAddress: localhost:52482}, javascriptEnabled: true, networkConnectionEnabled: false, pageLoadStrategy: normal, platform: WINDOWS, platformName: WINDOWS, proxy: Proxy(), se:cdp: ws://localhost:52482/devtoo..., se:cdpVersion: 99.0.4844.51, setWindowRect: true, strictFileInteractability: false, timeouts: {implicit: 0, pageLoad: 300000, script: 30000}, unhandledPromptBehavior: dismiss and notify, webauthn:extension:credBlob: true, webauthn:extension:largeBlob: true, webauthn:virtualAuthenticators: true}
Session ID: 8a40ba31fb3bfac4a72bb7adaf7a1c24
	at org.openqa.selenium.remote.codec.w3c.W3CHttpResponseCodec.createException(W3CHttpResponseCodec.java:200)
	at org.openqa.selenium.remote.codec.w3c.W3CHttpResponseCodec.decode(W3CHttpResponseCodec.java:133)
	at org.openqa.selenium.remote.codec.w3c.W3CHttpResponseCodec.decode(W3CHttpResponseCodec.java:53)
	at org.openqa.selenium.remote.HttpCommandExecutor.execute(HttpCommandExecutor.java:184)
	at org.openqa.selenium.remote.service.DriverCommandExecutor.invokeExecute(DriverCommandExecutor.java:164)
	at org.openqa.selenium.remote.service.DriverCommandExecutor.execute(DriverCommandExecutor.java:139)
	at org.openqa.selenium.remote.RemoteWebDriver.execute(RemoteWebDriver.java:559)
	at org.openqa.selenium.remote.ElementLocation$ElementFinder$2.findElement(ElementLocation.java:162)
	at org.openqa.selenium.remote.ElementLocation.findElement(ElementLocation.java:60)
	at org.openqa.selenium.remote.RemoteWebDriver.findElement(RemoteWebDriver.java:383)
	at org.openqa.selenium.remote.RemoteWebDriver.findElement(RemoteWebDriver.java:375)
	at ApodGUI.ChannelViewlet.ShowChannelStatusForMultiple(ChannelViewlet.java:1168)
... Removed 29 stack frames]]>
    </failure>
  </testcase> <!-- ShowChannelStatusForMultiple -->
  <testcase classname="ApodGUI.ChannelViewlet" name="MultipleProperties" time="74.295"/>
  <testcase classname="ApodGUI.ChannelViewlet" name="AddToFavoriteForMultipleChannels" time="28.709"/>
  <testcase classname="ApodGUI.ChannelViewlet" name="ShowObjectAttributes" time="209.084">
    <failure type="org.openqa.selenium.NoSuchElementException" message="no such element: Unable to locate element: {&amp;quot;method&amp;quot;:&amp;quot;css selector&amp;quot;,&amp;quot;selector&amp;quot;:&amp;quot;#Object\ attributes\ failed&amp;quot;}
  (Session info: chrome=99.0.4844.51)
For documentation on this error, please visit: https://selenium.dev/exceptions/#no_such_element
Build info: version: &amp;apos;4.0.0&amp;apos;, revision: &amp;apos;3a21814679&amp;apos;
System info: host: &amp;apos;DESKTOP-9QJNAOQ&amp;apos;, ip: &amp;apos;192.168.43.213&amp;apos;, os.name: &amp;apos;Windows 10&amp;apos;, os.arch: &amp;apos;amd64&amp;apos;, os.version: &amp;apos;10.0&amp;apos;, java.version: &amp;apos;11.0.14&amp;apos;
Driver info: org.openqa.selenium.chrome.ChromeDriver
Command: [8a40ba31fb3bfac4a72bb7adaf7a1c24, findElement {using=id, value=Object attributes failed}]
Capabilities {acceptInsecureCerts: false, browserName: chrome, browserVersion: 99.0.4844.51, chrome: {chromedriverVersion: 98.0.4758.80 (7f0488e8ba0d8..., userDataDir: C:\Users\Nagaraju\AppData\L...}, goog:chromeOptions: {debuggerAddress: localhost:52482}, javascriptEnabled: true, networkConnectionEnabled: false, pageLoadStrategy: normal, platform: WINDOWS, platformName: WINDOWS, proxy: Proxy(), se:cdp: ws://localhost:52482/devtoo..., se:cdpVersion: 99.0.4844.51, setWindowRect: true, strictFileInteractability: false, timeouts: {implicit: 0, pageLoad: 300000, script: 30000}, unhandledPromptBehavior: dismiss and notify, webauthn:extension:credBlob: true, webauthn:extension:largeBlob: true, webauthn:virtualAuthenticators: true}
Session ID: 8a40ba31fb3bfac4a72bb7adaf7a1c24">
      <![CDATA[org.openqa.selenium.NoSuchElementException: no such element: Unable to locate element: {"method":"css selector","selector":"#Object\ attributes\ failed"}
  (Session info: chrome=99.0.4844.51)
For documentation on this error, please visit: https://selenium.dev/exceptions/#no_such_element
Build info: version: '4.0.0', revision: '3a21814679'
System info: host: 'DESKTOP-9QJNAOQ', ip: '192.168.43.213', os.name: 'Windows 10', os.arch: 'amd64', os.version: '10.0', java.version: '11.0.14'
Driver info: org.openqa.selenium.chrome.ChromeDriver
Command: [8a40ba31fb3bfac4a72bb7adaf7a1c24, findElement {using=id, value=Object attributes failed}]
Capabilities {acceptInsecureCerts: false, browserName: chrome, browserVersion: 99.0.4844.51, chrome: {chromedriverVersion: 98.0.4758.80 (7f0488e8ba0d8..., userDataDir: C:\Users\Nagaraju\AppData\L...}, goog:chromeOptions: {debuggerAddress: localhost:52482}, javascriptEnabled: true, networkConnectionEnabled: false, pageLoadStrategy: normal, platform: WINDOWS, platformName: WINDOWS, proxy: Proxy(), se:cdp: ws://localhost:52482/devtoo..., se:cdpVersion: 99.0.4844.51, setWindowRect: true, strictFileInteractability: false, timeouts: {implicit: 0, pageLoad: 300000, script: 30000}, unhandledPromptBehavior: dismiss and notify, webauthn:extension:credBlob: true, webauthn:extension:largeBlob: true, webauthn:virtualAuthenticators: true}
Session ID: 8a40ba31fb3bfac4a72bb7adaf7a1c24
	at org.openqa.selenium.remote.codec.w3c.W3CHttpResponseCodec.createException(W3CHttpResponseCodec.java:200)
	at org.openqa.selenium.remote.codec.w3c.W3CHttpResponseCodec.decode(W3CHttpResponseCodec.java:133)
	at org.openqa.selenium.remote.codec.w3c.W3CHttpResponseCodec.decode(W3CHttpResponseCodec.java:53)
	at org.openqa.selenium.remote.HttpCommandExecutor.execute(HttpCommandExecutor.java:184)
	at org.openqa.selenium.remote.service.DriverCommandExecutor.invokeExecute(DriverCommandExecutor.java:164)
	at org.openqa.selenium.remote.service.DriverCommandExecutor.execute(DriverCommandExecutor.java:139)
	at org.openqa.selenium.remote.RemoteWebDriver.execute(RemoteWebDriver.java:559)
	at org.openqa.selenium.remote.ElementLocation$ElementFinder$2.findElement(ElementLocation.java:162)
	at org.openqa.selenium.remote.ElementLocation.findElement(ElementLocation.java:60)
	at org.openqa.selenium.remote.RemoteWebDriver.findElement(RemoteWebDriver.java:383)
	at org.openqa.selenium.remote.RemoteWebDriver.findElement(RemoteWebDriver.java:375)
	at ApodGUI.ChannelViewlet.ShowObjectAttributes(ChannelViewlet.java:184)
... Removed 29 stack frames]]>
    </failure>
  </testcase> <!-- ShowObjectAttributes -->
  <testcase classname="ApodGUI.ChannelViewlet" name="Logout" time="35.357"/>
  <testcase classname="ApodGUI.ChannelViewlet" name="StartChannelFromCommands" time="0.0">
    <ignored/>
  </testcase> <!-- StartChannelFromCommands -->
  <testcase classname="ApodGUI.ChannelViewlet" name="StopMultipleChannelsFromCommands" time="0.0">
    <ignored/>
  </testcase> <!-- StopMultipleChannelsFromCommands -->
  <testcase classname="ApodGUI.ChannelViewlet" name="DeleteMultipleChannels" time="0.0">
    <ignored/>
  </testcase> <!-- DeleteMultipleChannels -->
  <testcase classname="ApodGUI.ChannelViewlet" name="StartMultipleChannelsFromCommands" time="0.0">
    <ignored/>
  </testcase> <!-- StartMultipleChannelsFromCommands -->
  <testcase classname="ApodGUI.ChannelViewlet" name="ResolveChannelFromCommands" time="0.0">
    <ignored/>
  </testcase> <!-- ResolveChannelFromCommands -->
  <testcase classname="ApodGUI.ChannelViewlet" name="RenameMultipleChannels" time="0.0">
    <ignored/>
  </testcase> <!-- RenameMultipleChannels -->
  <testcase classname="ApodGUI.ChannelViewlet" name="CopyAsMultipleChannels" time="0.0">
    <ignored/>
  </testcase> <!-- CopyAsMultipleChannels -->
  <testcase classname="ApodGUI.ChannelViewlet" name="StopChannelFromCommands" time="0.0">
    <ignored/>
  </testcase> <!-- StopChannelFromCommands -->
  <testcase classname="ApodGUI.ChannelViewlet" name="PingChannelFromCommands" time="0.0">
    <ignored/>
  </testcase> <!-- PingChannelFromCommands -->
  <testcase classname="ApodGUI.ChannelViewlet" name="ResetChannelFromCommands" time="0.0">
    <ignored/>
  </testcase> <!-- ResetChannelFromCommands -->
</testsuite> <!-- Test Channel Viewlet -->
