<?xml version="1.0" encoding="UTF-8"?>
<!-- Generated by org.testng.reporters.JUnitXMLReporter -->
<testsuite ignored="2" hostname="DESKTOP-K4AEKHO" failures="0" tests="11" name="Test Auth Info Viewlet" time="674.849" errors="0" timestamp="2023-08-11T14:46:58 IST">
  <testcase classname="ApodGUI.AuthorizationInfoViewlet" name="Login" time="109.299"/>
  <testcase classname="ApodGUI.AuthorizationInfoViewlet" name="AddAuthInfoViewlet" time="60.819"/>
  <testcase classname="ApodGUI.AuthorizationInfoViewlet" name="PropertieOfAuthInfo" time="33.009"/>
  <testcase classname="ApodGUI.AuthorizationInfoViewlet" name="MQSCSnapshot" time="34.983"/>
  <testcase classname="ApodGUI.AuthorizationInfoViewlet" name="SaveAuthinfoSnapshot" time="15.244"/>
  <testcase classname="ApodGUI.AuthorizationInfoViewlet" name="AuthInfoEvents" time="56.385"/>
  <testcase classname="ApodGUI.AuthorizationInfoViewlet" name="AddToFavoriteViewlet" time="117.998"/>
  <testcase classname="ApodGUI.AuthorizationInfoViewlet" name="CompareAuthInfo" time="66.353"/>
  <testcase classname="ApodGUI.AuthorizationInfoViewlet" name="CheckDifferencesForAuthInfos" time="58.366"/>
  <testcase classname="ApodGUI.AuthorizationInfoViewlet" name="AddToFavoriteForMultipleAuthInfo" time="76.866"/>
  <testcase classname="ApodGUI.AuthorizationInfoViewlet" name="Logout" time="26.472"/>
  <testcase classname="ApodGUI.AuthorizationInfoViewlet" name="ShowObjectAttributesForAuthInfo" time="0.0">
    <ignored/>
  </testcase> <!-- ShowObjectAttributesForAuthInfo -->
  <testcase classname="ApodGUI.AuthorizationInfoViewlet" name="CreateAuthInfoFromPlusIcon" time="0.0">
    <ignored/>
  </testcase> <!-- CreateAuthInfoFromPlusIcon -->
</testsuite> <!-- Test Auth Info Viewlet -->
