<?xml version="1.0" encoding="UTF-8"?>
<!-- Generated by org.testng.reporters.JUnitXMLReporter -->
<testsuite ignored="0" hostname="DESKTOP-9QJNAOQ" failures="2" tests="18" name="Test EMS Queue Viewlet" time="1007.496" errors="0" timestamp="16 Mar 2022 09:00:09 GMT">
  <testcase classname="EMS.EMSQueues" name="Login" time="113.399"/>
  <testcase classname="EMS.EMSQueues" name="BrowseMessages" time="20.632"/>
  <testcase classname="EMS.EMSQueues" name="ShowObjectAttributesForQueues" time="33.977">
    <failure type="org.openqa.selenium.NoSuchElementException" message="no such element: Unable to locate element: {&amp;quot;method&amp;quot;:&amp;quot;css selector&amp;quot;,&amp;quot;selector&amp;quot;:&amp;quot;#Attributes\ failed&amp;quot;}
  (Session info: chrome=99.0.4844.51)
For documentation on this error, please visit: https://selenium.dev/exceptions/#no_such_element
Build info: version: &amp;apos;4.0.0&amp;apos;, revision: &amp;apos;3a21814679&amp;apos;
System info: host: &amp;apos;DESKTOP-9QJNAOQ&amp;apos;, ip: &amp;apos;192.168.43.213&amp;apos;, os.name: &amp;apos;Windows 10&amp;apos;, os.arch: &amp;apos;amd64&amp;apos;, os.version: &amp;apos;10.0&amp;apos;, java.version: &amp;apos;11.0.14&amp;apos;
Driver info: org.openqa.selenium.chrome.ChromeDriver
Command: [1119b6479b865308cfa7389ea1400c5c, findElement {using=id, value=Attributes failed}]
Capabilities {acceptInsecureCerts: false, browserName: chrome, browserVersion: 99.0.4844.51, chrome: {chromedriverVersion: 98.0.4758.80 (7f0488e8ba0d8..., userDataDir: C:\Users\Nagaraju\AppData\L...}, goog:chromeOptions: {debuggerAddress: localhost:49569}, javascriptEnabled: true, networkConnectionEnabled: false, pageLoadStrategy: normal, platform: WINDOWS, platformName: WINDOWS, proxy: Proxy(), se:cdp: ws://localhost:49569/devtoo..., se:cdpVersion: 99.0.4844.51, setWindowRect: true, strictFileInteractability: false, timeouts: {implicit: 0, pageLoad: 300000, script: 30000}, unhandledPromptBehavior: dismiss and notify, webauthn:extension:credBlob: true, webauthn:extension:largeBlob: true, webauthn:virtualAuthenticators: true}
Session ID: 1119b6479b865308cfa7389ea1400c5c">
      <![CDATA[org.openqa.selenium.NoSuchElementException: no such element: Unable to locate element: {"method":"css selector","selector":"#Attributes\ failed"}
  (Session info: chrome=99.0.4844.51)
For documentation on this error, please visit: https://selenium.dev/exceptions/#no_such_element
Build info: version: '4.0.0', revision: '3a21814679'
System info: host: 'DESKTOP-9QJNAOQ', ip: '192.168.43.213', os.name: 'Windows 10', os.arch: 'amd64', os.version: '10.0', java.version: '11.0.14'
Driver info: org.openqa.selenium.chrome.ChromeDriver
Command: [1119b6479b865308cfa7389ea1400c5c, findElement {using=id, value=Attributes failed}]
Capabilities {acceptInsecureCerts: false, browserName: chrome, browserVersion: 99.0.4844.51, chrome: {chromedriverVersion: 98.0.4758.80 (7f0488e8ba0d8..., userDataDir: C:\Users\Nagaraju\AppData\L...}, goog:chromeOptions: {debuggerAddress: localhost:49569}, javascriptEnabled: true, networkConnectionEnabled: false, pageLoadStrategy: normal, platform: WINDOWS, platformName: WINDOWS, proxy: Proxy(), se:cdp: ws://localhost:49569/devtoo..., se:cdpVersion: 99.0.4844.51, setWindowRect: true, strictFileInteractability: false, timeouts: {implicit: 0, pageLoad: 300000, script: 30000}, unhandledPromptBehavior: dismiss and notify, webauthn:extension:credBlob: true, webauthn:extension:largeBlob: true, webauthn:virtualAuthenticators: true}
Session ID: 1119b6479b865308cfa7389ea1400c5c
	at org.openqa.selenium.remote.codec.w3c.W3CHttpResponseCodec.createException(W3CHttpResponseCodec.java:200)
	at org.openqa.selenium.remote.codec.w3c.W3CHttpResponseCodec.decode(W3CHttpResponseCodec.java:133)
	at org.openqa.selenium.remote.codec.w3c.W3CHttpResponseCodec.decode(W3CHttpResponseCodec.java:53)
	at org.openqa.selenium.remote.HttpCommandExecutor.execute(HttpCommandExecutor.java:184)
	at org.openqa.selenium.remote.service.DriverCommandExecutor.invokeExecute(DriverCommandExecutor.java:164)
	at org.openqa.selenium.remote.service.DriverCommandExecutor.execute(DriverCommandExecutor.java:139)
	at org.openqa.selenium.remote.RemoteWebDriver.execute(RemoteWebDriver.java:559)
	at org.openqa.selenium.remote.ElementLocation$ElementFinder$2.findElement(ElementLocation.java:162)
	at org.openqa.selenium.remote.ElementLocation.findElement(ElementLocation.java:60)
	at org.openqa.selenium.remote.RemoteWebDriver.findElement(RemoteWebDriver.java:383)
	at org.openqa.selenium.remote.RemoteWebDriver.findElement(RemoteWebDriver.java:375)
	at EMS.EMSQueues.ShowObjectAttributesForQueues(EMSQueues.java:235)
... Removed 29 stack frames]]>
    </failure>
  </testcase> <!-- ShowObjectAttributesForQueues -->
  <testcase classname="EMS.EMSQueues" name="ShowQueueStatus" time="18.421"/>
  <testcase classname="EMS.EMSQueues" name="CreateQueueFromOptions" time="76.892"/>
  <testcase classname="EMS.EMSQueues" name="CopyAsOptionFromQueueCommands" time="62.437"/>
  <testcase classname="EMS.EMSQueues" name="RenameQueueFromCommandsOption" time="73.066"/>
  <testcase classname="EMS.EMSQueues" name="DeleteoptionFromQueueCommands" time="26.188"/>
  <testcase classname="EMS.EMSQueues" name="QueueProperties" time="33.846"/>
  <testcase classname="EMS.EMSQueues" name="QueueEvents" time="41.448"/>
  <testcase classname="EMS.EMSQueues" name="AddToFavoriteViewlet" time="37.422"/>
  <testcase classname="EMS.EMSQueues" name="CompareQueues" time="24.878"/>
  <testcase classname="EMS.EMSQueues" name="CheckDifferencesForEMSQueues" time="22.225"/>
  <testcase classname="EMS.EMSQueues" name="ShowQueueStatusForMultipleQueues" time="17.353"/>
  <testcase classname="EMS.EMSQueues" name="MultipleQueueProperties" time="102.975"/>
  <testcase classname="EMS.EMSQueues" name="AddToFavoriteForMultipleQueues" time="23.876"/>
  <testcase classname="EMS.EMSQueues" name="AddQueueFromPlusIcon" time="19.393">
    <failure type="org.openqa.selenium.InvalidSelectorException" message="invalid selector: An invalid or illegal selector was specified
  (Session info: chrome=99.0.4844.51)
For documentation on this error, please visit: https://selenium.dev/exceptions/#invalid_selector_exception
Build info: version: &amp;apos;4.0.0&amp;apos;, revision: &amp;apos;3a21814679&amp;apos;
System info: host: &amp;apos;DESKTOP-9QJNAOQ&amp;apos;, ip: &amp;apos;192.168.43.213&amp;apos;, os.name: &amp;apos;Windows 10&amp;apos;, os.arch: &amp;apos;amd64&amp;apos;, os.version: &amp;apos;10.0&amp;apos;, java.version: &amp;apos;11.0.14&amp;apos;
Driver info: org.openqa.selenium.chrome.ChromeDriver
Command: [1119b6479b865308cfa7389ea1400c5c, findElement {using=css selector, value=//div[2]/div/div/div[3]/button}]
Capabilities {acceptInsecureCerts: false, browserName: chrome, browserVersion: 99.0.4844.51, chrome: {chromedriverVersion: 98.0.4758.80 (7f0488e8ba0d8..., userDataDir: C:\Users\Nagaraju\AppData\L...}, goog:chromeOptions: {debuggerAddress: localhost:49569}, javascriptEnabled: true, networkConnectionEnabled: false, pageLoadStrategy: normal, platform: WINDOWS, platformName: WINDOWS, proxy: Proxy(), se:cdp: ws://localhost:49569/devtoo..., se:cdpVersion: 99.0.4844.51, setWindowRect: true, strictFileInteractability: false, timeouts: {implicit: 0, pageLoad: 300000, script: 30000}, unhandledPromptBehavior: dismiss and notify, webauthn:extension:credBlob: true, webauthn:extension:largeBlob: true, webauthn:virtualAuthenticators: true}
Session ID: 1119b6479b865308cfa7389ea1400c5c">
      <![CDATA[org.openqa.selenium.InvalidSelectorException: invalid selector: An invalid or illegal selector was specified
  (Session info: chrome=99.0.4844.51)
For documentation on this error, please visit: https://selenium.dev/exceptions/#invalid_selector_exception
Build info: version: '4.0.0', revision: '3a21814679'
System info: host: 'DESKTOP-9QJNAOQ', ip: '192.168.43.213', os.name: 'Windows 10', os.arch: 'amd64', os.version: '10.0', java.version: '11.0.14'
Driver info: org.openqa.selenium.chrome.ChromeDriver
Command: [1119b6479b865308cfa7389ea1400c5c, findElement {using=css selector, value=//div[2]/div/div/div[3]/button}]
Capabilities {acceptInsecureCerts: false, browserName: chrome, browserVersion: 99.0.4844.51, chrome: {chromedriverVersion: 98.0.4758.80 (7f0488e8ba0d8..., userDataDir: C:\Users\Nagaraju\AppData\L...}, goog:chromeOptions: {debuggerAddress: localhost:49569}, javascriptEnabled: true, networkConnectionEnabled: false, pageLoadStrategy: normal, platform: WINDOWS, platformName: WINDOWS, proxy: Proxy(), se:cdp: ws://localhost:49569/devtoo..., se:cdpVersion: 99.0.4844.51, setWindowRect: true, strictFileInteractability: false, timeouts: {implicit: 0, pageLoad: 300000, script: 30000}, unhandledPromptBehavior: dismiss and notify, webauthn:extension:credBlob: true, webauthn:extension:largeBlob: true, webauthn:virtualAuthenticators: true}
Session ID: 1119b6479b865308cfa7389ea1400c5c
	at org.openqa.selenium.remote.codec.w3c.W3CHttpResponseCodec.createException(W3CHttpResponseCodec.java:200)
	at org.openqa.selenium.remote.codec.w3c.W3CHttpResponseCodec.decode(W3CHttpResponseCodec.java:133)
	at org.openqa.selenium.remote.codec.w3c.W3CHttpResponseCodec.decode(W3CHttpResponseCodec.java:53)
	at org.openqa.selenium.remote.HttpCommandExecutor.execute(HttpCommandExecutor.java:184)
	at org.openqa.selenium.remote.service.DriverCommandExecutor.invokeExecute(DriverCommandExecutor.java:164)
	at org.openqa.selenium.remote.service.DriverCommandExecutor.execute(DriverCommandExecutor.java:139)
	at org.openqa.selenium.remote.RemoteWebDriver.execute(RemoteWebDriver.java:559)
	at org.openqa.selenium.remote.ElementLocation$ElementFinder$2.findElement(ElementLocation.java:162)
	at org.openqa.selenium.remote.ElementLocation.findElement(ElementLocation.java:60)
	at org.openqa.selenium.remote.RemoteWebDriver.findElement(RemoteWebDriver.java:383)
	at org.openqa.selenium.remote.RemoteWebDriver.findElement(RemoteWebDriver.java:375)
	at EMS.EMSQueues.AddQueueFromPlusIcon(EMSQueues.java:1140)
... Removed 29 stack frames]]>
    </failure>
  </testcase> <!-- AddQueueFromPlusIcon -->
  <testcase classname="EMS.EMSQueues" name="Logout" time="42.057"/>
</testsuite> <!-- Test EMS Queue Viewlet -->
