<?xml version="1.0" encoding="UTF-8"?>
<!-- Generated by org.testng.reporters.JUnitXMLReporter -->
<testsuite ignored="24" hostname="DESKTOP-9QJNAOQ" failures="0" tests="4" name="Test Channel Viewlet" time="333.97" errors="0" timestamp="02 Aug 2022 09:22:54 GMT">
  <testcase classname="ApodGUI.ChannelViewlet" name="Login" time="160.837"/>
  <testcase classname="ApodGUI.ChannelViewlet" name="AddToFavorites" time="65.397"/>
  <testcase classname="ApodGUI.ChannelViewlet" name="AddToFavoriteForMultipleChannels" time="47.391"/>
  <testcase classname="ApodGUI.ChannelViewlet" name="Logout" time="35.16"/>
  <testcase classname="ApodGUI.ChannelViewlet" name="CheckDifferencesForChannels" time="0.0">
    <ignored/>
  </testcase> <!-- CheckDifferencesForChannels -->
  <testcase classname="ApodGUI.ChannelViewlet" name="CopyAsFromCommands" time="0.0">
    <ignored/>
  </testcase> <!-- CopyAsFromCommands -->
  <testcase classname="ApodGUI.ChannelViewlet" name="MQSCSnapshot" time="0.0">
    <ignored/>
  </testcase> <!-- MQSCSnapshot -->
  <testcase classname="ApodGUI.ChannelViewlet" name="ComapareChannels" time="0.0">
    <ignored/>
  </testcase> <!-- ComapareChannels -->
  <testcase classname="ApodGUI.ChannelViewlet" name="DeleteChannel" time="0.0">
    <ignored/>
  </testcase> <!-- DeleteChannel -->
  <testcase classname="ApodGUI.ChannelViewlet" name="MultipleProperties" time="0.0">
    <ignored/>
  </testcase> <!-- MultipleProperties -->
  <testcase classname="ApodGUI.ChannelViewlet" name="Properties" time="0.0">
    <ignored/>
  </testcase> <!-- Properties -->
  <testcase classname="ApodGUI.ChannelViewlet" name="ShowChannelStatusForMultiple" time="0.0">
    <ignored/>
  </testcase> <!-- ShowChannelStatusForMultiple -->
  <testcase classname="ApodGUI.ChannelViewlet" name="StopChannelFromCommands" time="0.0">
    <ignored/>
  </testcase> <!-- StopChannelFromCommands -->
  <testcase classname="ApodGUI.ChannelViewlet" name="CreateChannelFromIcon" time="0.0">
    <ignored/>
  </testcase> <!-- CreateChannelFromIcon -->
  <testcase classname="ApodGUI.ChannelViewlet" name="ShowObjectAttributes" time="0.0">
    <ignored/>
  </testcase> <!-- ShowObjectAttributes -->
  <testcase classname="ApodGUI.ChannelViewlet" name="StartChannelFromCommands" time="0.0">
    <ignored/>
  </testcase> <!-- StartChannelFromCommands -->
  <testcase classname="ApodGUI.ChannelViewlet" name="RenameFromCommands" time="0.0">
    <ignored/>
  </testcase> <!-- RenameFromCommands -->
  <testcase classname="ApodGUI.ChannelViewlet" name="StopMultipleChannelsFromCommands" time="0.0">
    <ignored/>
  </testcase> <!-- StopMultipleChannelsFromCommands -->
  <testcase classname="ApodGUI.ChannelViewlet" name="ShowChannelStatus" time="0.0">
    <ignored/>
  </testcase> <!-- ShowChannelStatus -->
  <testcase classname="ApodGUI.ChannelViewlet" name="DeleteMultipleChannels" time="0.0">
    <ignored/>
  </testcase> <!-- DeleteMultipleChannels -->
  <testcase classname="ApodGUI.ChannelViewlet" name="Events" time="0.0">
    <ignored/>
  </testcase> <!-- Events -->
  <testcase classname="ApodGUI.ChannelViewlet" name="StartMultipleChannelsFromCommands" time="0.0">
    <ignored/>
  </testcase> <!-- StartMultipleChannelsFromCommands -->
  <testcase classname="ApodGUI.ChannelViewlet" name="ResolveChannelFromCommands" time="0.0">
    <ignored/>
  </testcase> <!-- ResolveChannelFromCommands -->
  <testcase classname="ApodGUI.ChannelViewlet" name="RenameMultipleChannels" time="0.0">
    <ignored/>
  </testcase> <!-- RenameMultipleChannels -->
  <testcase classname="ApodGUI.ChannelViewlet" name="CopyAsMultipleChannels" time="0.0">
    <ignored/>
  </testcase> <!-- CopyAsMultipleChannels -->
  <testcase classname="ApodGUI.ChannelViewlet" name="SaveChannelSnapshot" time="0.0">
    <ignored/>
  </testcase> <!-- SaveChannelSnapshot -->
  <testcase classname="ApodGUI.ChannelViewlet" name="PingChannelFromCommands" time="0.0">
    <ignored/>
  </testcase> <!-- PingChannelFromCommands -->
  <testcase classname="ApodGUI.ChannelViewlet" name="ResetChannelFromCommands" time="0.0">
    <ignored/>
  </testcase> <!-- ResetChannelFromCommands -->
</testsuite> <!-- Test Channel Viewlet -->
