<?xml version="1.0" encoding="UTF-8"?>
<!-- Generated by org.testng.reporters.JUnitXMLReporter -->
<testsuite ignored="3" hostname="DESKTOP-9QJNAOQ" failures="0" tests="6" name="Test Queue Viewlet" time="580.47" errors="0" timestamp="11 Mar 2022 08:46:21 GMT">
  <testcase classname="ApodGUI.QueueProperties" name="Login" time="81.694"/>
  <testcase classname="ApodGUI.QueueProperties" name="PutMessageInInhibitedQueue" time="69.5"/>
  <testcase classname="ApodGUI.QueueProperties" name="GetMessageFromInhibitedQueue" time="79.166"/>
  <testcase classname="ApodGUI.QueueProperties" name="MaximumQueueDepth" time="128.809"/>
  <testcase classname="ApodGUI.QueueProperties" name="MessageLength" time="126.758"/>
  <testcase classname="ApodGUI.QueueProperties" name="Logout" time="30.285"/>
  <testcase classname="ApodGUI.QueueProperties" name="MQStatisticsForManager" time="0.0">
    <ignored/>
  </testcase> <!-- MQStatisticsForManager -->
  <testcase classname="ApodGUI.QueueProperties" name="MQStatisticsForChannels" time="0.0">
    <ignored/>
  </testcase> <!-- MQStatisticsForChannels -->
  <testcase classname="ApodGUI.QueueProperties" name="QueueStatistics" time="0.0">
    <ignored/>
  </testcase> <!-- QueueStatistics -->
</testsuite> <!-- Test Queue Viewlet -->
