<?xml version="1.0" encoding="UTF-8"?>
<!-- Generated by org.testng.reporters.JUnitXMLReporter -->
<testsuite ignored="10" hostname="DESKTOP-9QJNAOQ" failures="2" tests="18" name="Test Channel Viewlet" time="1301.739" errors="0" timestamp="17 May 2022 15:08:38 GMT">
  <testcase classname="ApodGUI.ChannelViewlet" name="Login" time="94.865"/>
  <testcase classname="ApodGUI.ChannelViewlet" name="ShowChannelStatus" time="17.432"/>
  <testcase classname="ApodGUI.ChannelViewlet" name="CreateChannelFromIcon" time="60.774"/>
  <testcase classname="ApodGUI.ChannelViewlet" name="CopyAsFromCommands" time="53.432"/>
  <testcase classname="ApodGUI.ChannelViewlet" name="RenameFromCommands" time="60.108"/>
  <testcase classname="ApodGUI.ChannelViewlet" name="DeleteChannel" time="34.529"/>
  <testcase classname="ApodGUI.ChannelViewlet" name="MQSCSnapshot" time="14.754"/>
  <testcase classname="ApodGUI.ChannelViewlet" name="SaveChannelSnapshot" time="6.515"/>
  <testcase classname="ApodGUI.ChannelViewlet" name="Properties" time="21.501"/>
  <testcase classname="ApodGUI.ChannelViewlet" name="Events" time="41.285"/>
  <testcase classname="ApodGUI.ChannelViewlet" name="AddToFavorites" time="38.3"/>
  <testcase classname="ApodGUI.ChannelViewlet" name="ComapareChannels" time="21.646"/>
  <testcase classname="ApodGUI.ChannelViewlet" name="CheckDifferencesForChannels" time="27.304"/>
  <testcase classname="ApodGUI.ChannelViewlet" name="ShowChannelStatusForMultiple" time="32.896">
    <failure type="org.openqa.selenium.NoSuchElementException" message="no such element: Unable to locate element: {&amp;quot;method&amp;quot;:&amp;quot;css selector&amp;quot;,&amp;quot;selector&amp;quot;:&amp;quot;Channel status failed&amp;quot;}
  (Session info: chrome=101.0.4951.54)
For documentation on this error, please visit: https://selenium.dev/exceptions/#no_such_element
Build info: version: &amp;apos;4.0.0&amp;apos;, revision: &amp;apos;3a21814679&amp;apos;
System info: host: &amp;apos;DESKTOP-9QJNAOQ&amp;apos;, ip: &amp;apos;192.168.43.213&amp;apos;, os.name: &amp;apos;Windows 10&amp;apos;, os.arch: &amp;apos;amd64&amp;apos;, os.version: &amp;apos;10.0&amp;apos;, java.version: &amp;apos;11.0.14&amp;apos;
Driver info: org.openqa.selenium.chrome.ChromeDriver
Command: [52e54c8f8197526294811ea868da0697, findElement {using=css selector, value=Channel status failed}]
Capabilities {acceptInsecureCerts: false, browserName: chrome, browserVersion: 101.0.4951.54, chrome: {chromedriverVersion: 100.0.4896.60 (6a5d10861ce8..., userDataDir: C:\Users\Nagaraju\AppData\L...}, goog:chromeOptions: {debuggerAddress: localhost:57827}, javascriptEnabled: true, networkConnectionEnabled: false, pageLoadStrategy: normal, platform: WINDOWS, platformName: WINDOWS, proxy: Proxy(), se:cdp: ws://localhost:57827/devtoo..., se:cdpVersion: 101.0.4951.54, setWindowRect: true, strictFileInteractability: false, timeouts: {implicit: 0, pageLoad: 300000, script: 30000}, unhandledPromptBehavior: dismiss and notify, webauthn:extension:credBlob: true, webauthn:extension:largeBlob: true, webauthn:virtualAuthenticators: true}
Session ID: 52e54c8f8197526294811ea868da0697">
      <![CDATA[org.openqa.selenium.NoSuchElementException: no such element: Unable to locate element: {"method":"css selector","selector":"Channel status failed"}
  (Session info: chrome=101.0.4951.54)
For documentation on this error, please visit: https://selenium.dev/exceptions/#no_such_element
Build info: version: '4.0.0', revision: '3a21814679'
System info: host: 'DESKTOP-9QJNAOQ', ip: '192.168.43.213', os.name: 'Windows 10', os.arch: 'amd64', os.version: '10.0', java.version: '11.0.14'
Driver info: org.openqa.selenium.chrome.ChromeDriver
Command: [52e54c8f8197526294811ea868da0697, findElement {using=css selector, value=Channel status failed}]
Capabilities {acceptInsecureCerts: false, browserName: chrome, browserVersion: 101.0.4951.54, chrome: {chromedriverVersion: 100.0.4896.60 (6a5d10861ce8..., userDataDir: C:\Users\Nagaraju\AppData\L...}, goog:chromeOptions: {debuggerAddress: localhost:57827}, javascriptEnabled: true, networkConnectionEnabled: false, pageLoadStrategy: normal, platform: WINDOWS, platformName: WINDOWS, proxy: Proxy(), se:cdp: ws://localhost:57827/devtoo..., se:cdpVersion: 101.0.4951.54, setWindowRect: true, strictFileInteractability: false, timeouts: {implicit: 0, pageLoad: 300000, script: 30000}, unhandledPromptBehavior: dismiss and notify, webauthn:extension:credBlob: true, webauthn:extension:largeBlob: true, webauthn:virtualAuthenticators: true}
Session ID: 52e54c8f8197526294811ea868da0697
	at org.openqa.selenium.remote.codec.w3c.W3CHttpResponseCodec.createException(W3CHttpResponseCodec.java:200)
	at org.openqa.selenium.remote.codec.w3c.W3CHttpResponseCodec.decode(W3CHttpResponseCodec.java:133)
	at org.openqa.selenium.remote.codec.w3c.W3CHttpResponseCodec.decode(W3CHttpResponseCodec.java:53)
	at org.openqa.selenium.remote.HttpCommandExecutor.execute(HttpCommandExecutor.java:184)
	at org.openqa.selenium.remote.service.DriverCommandExecutor.invokeExecute(DriverCommandExecutor.java:164)
	at org.openqa.selenium.remote.service.DriverCommandExecutor.execute(DriverCommandExecutor.java:139)
	at org.openqa.selenium.remote.RemoteWebDriver.execute(RemoteWebDriver.java:559)
	at org.openqa.selenium.remote.ElementLocation$ElementFinder$2.findElement(ElementLocation.java:162)
	at org.openqa.selenium.remote.ElementLocation.findElement(ElementLocation.java:60)
	at org.openqa.selenium.remote.RemoteWebDriver.findElement(RemoteWebDriver.java:383)
	at org.openqa.selenium.remote.RemoteWebDriver.findElement(RemoteWebDriver.java:375)
	at ApodGUI.ChannelViewlet.ShowChannelStatusForMultiple(ChannelViewlet.java:1168)
... Removed 29 stack frames]]>
    </failure>
  </testcase> <!-- ShowChannelStatusForMultiple -->
  <testcase classname="ApodGUI.ChannelViewlet" name="MultipleProperties" time="74.773"/>
  <testcase classname="ApodGUI.ChannelViewlet" name="AddToFavoriteForMultipleChannels" time="29.135"/>
  <testcase classname="ApodGUI.ChannelViewlet" name="ShowObjectAttributes" time="209.552">
    <failure type="org.openqa.selenium.NoSuchElementException" message="no such element: Unable to locate element: {&amp;quot;method&amp;quot;:&amp;quot;css selector&amp;quot;,&amp;quot;selector&amp;quot;:&amp;quot;#Object\ attributes\ failed&amp;quot;}
  (Session info: chrome=101.0.4951.54)
For documentation on this error, please visit: https://selenium.dev/exceptions/#no_such_element
Build info: version: &amp;apos;4.0.0&amp;apos;, revision: &amp;apos;3a21814679&amp;apos;
System info: host: &amp;apos;DESKTOP-9QJNAOQ&amp;apos;, ip: &amp;apos;192.168.43.213&amp;apos;, os.name: &amp;apos;Windows 10&amp;apos;, os.arch: &amp;apos;amd64&amp;apos;, os.version: &amp;apos;10.0&amp;apos;, java.version: &amp;apos;11.0.14&amp;apos;
Driver info: org.openqa.selenium.chrome.ChromeDriver
Command: [52e54c8f8197526294811ea868da0697, findElement {using=id, value=Object attributes failed}]
Capabilities {acceptInsecureCerts: false, browserName: chrome, browserVersion: 101.0.4951.54, chrome: {chromedriverVersion: 100.0.4896.60 (6a5d10861ce8..., userDataDir: C:\Users\Nagaraju\AppData\L...}, goog:chromeOptions: {debuggerAddress: localhost:57827}, javascriptEnabled: true, networkConnectionEnabled: false, pageLoadStrategy: normal, platform: WINDOWS, platformName: WINDOWS, proxy: Proxy(), se:cdp: ws://localhost:57827/devtoo..., se:cdpVersion: 101.0.4951.54, setWindowRect: true, strictFileInteractability: false, timeouts: {implicit: 0, pageLoad: 300000, script: 30000}, unhandledPromptBehavior: dismiss and notify, webauthn:extension:credBlob: true, webauthn:extension:largeBlob: true, webauthn:virtualAuthenticators: true}
Session ID: 52e54c8f8197526294811ea868da0697">
      <![CDATA[org.openqa.selenium.NoSuchElementException: no such element: Unable to locate element: {"method":"css selector","selector":"#Object\ attributes\ failed"}
  (Session info: chrome=101.0.4951.54)
For documentation on this error, please visit: https://selenium.dev/exceptions/#no_such_element
Build info: version: '4.0.0', revision: '3a21814679'
System info: host: 'DESKTOP-9QJNAOQ', ip: '192.168.43.213', os.name: 'Windows 10', os.arch: 'amd64', os.version: '10.0', java.version: '11.0.14'
Driver info: org.openqa.selenium.chrome.ChromeDriver
Command: [52e54c8f8197526294811ea868da0697, findElement {using=id, value=Object attributes failed}]
Capabilities {acceptInsecureCerts: false, browserName: chrome, browserVersion: 101.0.4951.54, chrome: {chromedriverVersion: 100.0.4896.60 (6a5d10861ce8..., userDataDir: C:\Users\Nagaraju\AppData\L...}, goog:chromeOptions: {debuggerAddress: localhost:57827}, javascriptEnabled: true, networkConnectionEnabled: false, pageLoadStrategy: normal, platform: WINDOWS, platformName: WINDOWS, proxy: Proxy(), se:cdp: ws://localhost:57827/devtoo..., se:cdpVersion: 101.0.4951.54, setWindowRect: true, strictFileInteractability: false, timeouts: {implicit: 0, pageLoad: 300000, script: 30000}, unhandledPromptBehavior: dismiss and notify, webauthn:extension:credBlob: true, webauthn:extension:largeBlob: true, webauthn:virtualAuthenticators: true}
Session ID: 52e54c8f8197526294811ea868da0697
	at org.openqa.selenium.remote.codec.w3c.W3CHttpResponseCodec.createException(W3CHttpResponseCodec.java:200)
	at org.openqa.selenium.remote.codec.w3c.W3CHttpResponseCodec.decode(W3CHttpResponseCodec.java:133)
	at org.openqa.selenium.remote.codec.w3c.W3CHttpResponseCodec.decode(W3CHttpResponseCodec.java:53)
	at org.openqa.selenium.remote.HttpCommandExecutor.execute(HttpCommandExecutor.java:184)
	at org.openqa.selenium.remote.service.DriverCommandExecutor.invokeExecute(DriverCommandExecutor.java:164)
	at org.openqa.selenium.remote.service.DriverCommandExecutor.execute(DriverCommandExecutor.java:139)
	at org.openqa.selenium.remote.RemoteWebDriver.execute(RemoteWebDriver.java:559)
	at org.openqa.selenium.remote.ElementLocation$ElementFinder$2.findElement(ElementLocation.java:162)
	at org.openqa.selenium.remote.ElementLocation.findElement(ElementLocation.java:60)
	at org.openqa.selenium.remote.RemoteWebDriver.findElement(RemoteWebDriver.java:383)
	at org.openqa.selenium.remote.RemoteWebDriver.findElement(RemoteWebDriver.java:375)
	at ApodGUI.ChannelViewlet.ShowObjectAttributes(ChannelViewlet.java:184)
... Removed 29 stack frames]]>
    </failure>
  </testcase> <!-- ShowObjectAttributes -->
  <testcase classname="ApodGUI.ChannelViewlet" name="Logout" time="35.871"/>
  <testcase classname="ApodGUI.ChannelViewlet" name="StartChannelFromCommands" time="0.0">
    <ignored/>
  </testcase> <!-- StartChannelFromCommands -->
  <testcase classname="ApodGUI.ChannelViewlet" name="StopMultipleChannelsFromCommands" time="0.0">
    <ignored/>
  </testcase> <!-- StopMultipleChannelsFromCommands -->
  <testcase classname="ApodGUI.ChannelViewlet" name="DeleteMultipleChannels" time="0.0">
    <ignored/>
  </testcase> <!-- DeleteMultipleChannels -->
  <testcase classname="ApodGUI.ChannelViewlet" name="StartMultipleChannelsFromCommands" time="0.0">
    <ignored/>
  </testcase> <!-- StartMultipleChannelsFromCommands -->
  <testcase classname="ApodGUI.ChannelViewlet" name="ResolveChannelFromCommands" time="0.0">
    <ignored/>
  </testcase> <!-- ResolveChannelFromCommands -->
  <testcase classname="ApodGUI.ChannelViewlet" name="RenameMultipleChannels" time="0.0">
    <ignored/>
  </testcase> <!-- RenameMultipleChannels -->
  <testcase classname="ApodGUI.ChannelViewlet" name="CopyAsMultipleChannels" time="0.0">
    <ignored/>
  </testcase> <!-- CopyAsMultipleChannels -->
  <testcase classname="ApodGUI.ChannelViewlet" name="StopChannelFromCommands" time="0.0">
    <ignored/>
  </testcase> <!-- StopChannelFromCommands -->
  <testcase classname="ApodGUI.ChannelViewlet" name="PingChannelFromCommands" time="0.0">
    <ignored/>
  </testcase> <!-- PingChannelFromCommands -->
  <testcase classname="ApodGUI.ChannelViewlet" name="ResetChannelFromCommands" time="0.0">
    <ignored/>
  </testcase> <!-- ResetChannelFromCommands -->
</testsuite> <!-- Test Channel Viewlet -->
