<?xml version="1.0" encoding="UTF-8"?>
<!-- Generated by org.testng.reporters.JUnitXMLReporter -->
<testsuite ignored="4" hostname="DESKTOP-9QJNAOQ" failures="1" tests="12" name="Test Node Viewlet" time="973.424" errors="0" timestamp="17 Feb 2022 08:30:48 GMT">
  <testcase classname="ApodGUI.NodeViewlet" name="Login" time="107.419"/>
  <testcase classname="ApodGUI.NodeViewlet" name="ShowTopology" time="34.98"/>
  <testcase classname="ApodGUI.NodeViewlet" name="NodeEvents" time="54.621"/>
  <testcase classname="ApodGUI.NodeViewlet" name="ManageAndUnmanageNode" time="34.662"/>
  <testcase classname="ApodGUI.NodeViewlet" name="DiscoverNow" time="48.212"/>
  <testcase classname="ApodGUI.NodeViewlet" name="PropertiesOfNode" time="55.003"/>
  <testcase classname="ApodGUI.NodeViewlet" name="CreateNodeUsingIcon" time="56.535"/>
  <testcase classname="ApodGUI.NodeViewlet" name="DeleteNode" time="53.25"/>
  <testcase classname="ApodGUI.NodeViewlet" name="CreateQueueManagerFromNodeViewletOptions" time="92.429"/>
  <testcase classname="ApodGUI.NodeViewlet" name="SearchFilter" time="21.351"/>
  <testcase classname="ApodGUI.NodeViewlet" name="ShowObjectAttributesforNode" time="247.039">
    <failure type="org.openqa.selenium.NoSuchElementException" message="no such element: Unable to locate element: {&amp;quot;method&amp;quot;:&amp;quot;css selector&amp;quot;,&amp;quot;selector&amp;quot;:&amp;quot;#Attributes\ failed&amp;quot;}
  (Session info: chrome=98.0.4758.102)
For documentation on this error, please visit: https://selenium.dev/exceptions/#no_such_element
Build info: version: &amp;apos;4.0.0&amp;apos;, revision: &amp;apos;3a21814679&amp;apos;
System info: host: &amp;apos;DESKTOP-9QJNAOQ&amp;apos;, ip: &amp;apos;192.168.43.213&amp;apos;, os.name: &amp;apos;Windows 10&amp;apos;, os.arch: &amp;apos;amd64&amp;apos;, os.version: &amp;apos;10.0&amp;apos;, java.version: &amp;apos;11.0.14&amp;apos;
Driver info: org.openqa.selenium.chrome.ChromeDriver
Command: [e591fa608aa9c4aa3d7a112a2df51cd6, findElement {using=id, value=Attributes failed}]
Capabilities {acceptInsecureCerts: false, browserName: chrome, browserVersion: 98.0.4758.102, chrome: {chromedriverVersion: 98.0.4758.80 (7f0488e8ba0d8..., userDataDir: C:\Users\Nagaraju\AppData\L...}, goog:chromeOptions: {debuggerAddress: localhost:49970}, javascriptEnabled: true, networkConnectionEnabled: false, pageLoadStrategy: normal, platform: WINDOWS, platformName: WINDOWS, proxy: Proxy(), se:cdp: ws://localhost:49970/devtoo..., se:cdpVersion: 98.0.4758.102, setWindowRect: true, strictFileInteractability: false, timeouts: {implicit: 0, pageLoad: 300000, script: 30000}, unhandledPromptBehavior: dismiss and notify, webauthn:extension:credBlob: true, webauthn:extension:largeBlob: true, webauthn:virtualAuthenticators: true}
Session ID: e591fa608aa9c4aa3d7a112a2df51cd6">
      <![CDATA[org.openqa.selenium.NoSuchElementException: no such element: Unable to locate element: {"method":"css selector","selector":"#Attributes\ failed"}
  (Session info: chrome=98.0.4758.102)
For documentation on this error, please visit: https://selenium.dev/exceptions/#no_such_element
Build info: version: '4.0.0', revision: '3a21814679'
System info: host: 'DESKTOP-9QJNAOQ', ip: '192.168.43.213', os.name: 'Windows 10', os.arch: 'amd64', os.version: '10.0', java.version: '11.0.14'
Driver info: org.openqa.selenium.chrome.ChromeDriver
Command: [e591fa608aa9c4aa3d7a112a2df51cd6, findElement {using=id, value=Attributes failed}]
Capabilities {acceptInsecureCerts: false, browserName: chrome, browserVersion: 98.0.4758.102, chrome: {chromedriverVersion: 98.0.4758.80 (7f0488e8ba0d8..., userDataDir: C:\Users\Nagaraju\AppData\L...}, goog:chromeOptions: {debuggerAddress: localhost:49970}, javascriptEnabled: true, networkConnectionEnabled: false, pageLoadStrategy: normal, platform: WINDOWS, platformName: WINDOWS, proxy: Proxy(), se:cdp: ws://localhost:49970/devtoo..., se:cdpVersion: 98.0.4758.102, setWindowRect: true, strictFileInteractability: false, timeouts: {implicit: 0, pageLoad: 300000, script: 30000}, unhandledPromptBehavior: dismiss and notify, webauthn:extension:credBlob: true, webauthn:extension:largeBlob: true, webauthn:virtualAuthenticators: true}
Session ID: e591fa608aa9c4aa3d7a112a2df51cd6
	at org.openqa.selenium.remote.codec.w3c.W3CHttpResponseCodec.createException(W3CHttpResponseCodec.java:200)
	at org.openqa.selenium.remote.codec.w3c.W3CHttpResponseCodec.decode(W3CHttpResponseCodec.java:133)
	at org.openqa.selenium.remote.codec.w3c.W3CHttpResponseCodec.decode(W3CHttpResponseCodec.java:53)
	at org.openqa.selenium.remote.HttpCommandExecutor.execute(HttpCommandExecutor.java:184)
	at org.openqa.selenium.remote.service.DriverCommandExecutor.invokeExecute(DriverCommandExecutor.java:164)
	at org.openqa.selenium.remote.service.DriverCommandExecutor.execute(DriverCommandExecutor.java:139)
	at org.openqa.selenium.remote.RemoteWebDriver.execute(RemoteWebDriver.java:559)
	at org.openqa.selenium.remote.ElementLocation$ElementFinder$2.findElement(ElementLocation.java:162)
	at org.openqa.selenium.remote.ElementLocation.findElement(ElementLocation.java:60)
	at org.openqa.selenium.remote.RemoteWebDriver.findElement(RemoteWebDriver.java:383)
	at org.openqa.selenium.remote.RemoteWebDriver.findElement(RemoteWebDriver.java:375)
	at ApodGUI.NodeViewlet.ShowObjectAttributesforNode(NodeViewlet.java:170)
... Removed 29 stack frames]]>
    </failure>
  </testcase> <!-- ShowObjectAttributesforNode -->
  <testcase classname="ApodGUI.NodeViewlet" name="Logout" time="27.473"/>
  <testcase classname="ApodGUI.NodeViewlet" name="AddtoFavoriteForMultipleNodes" time="0.0">
    <ignored/>
  </testcase> <!-- AddtoFavoriteForMultipleNodes -->
  <testcase classname="ApodGUI.NodeViewlet" name="AddToFavotiteViewlet" time="0.0">
    <ignored/>
  </testcase> <!-- AddToFavotiteViewlet -->
  <testcase classname="ApodGUI.NodeViewlet" name="CompareTwoNodes" time="0.0">
    <ignored/>
  </testcase> <!-- CompareTwoNodes -->
  <testcase classname="ApodGUI.NodeViewlet" name="CheckDifferencesForNodes" time="0.0">
    <ignored/>
  </testcase> <!-- CheckDifferencesForNodes -->
</testsuite> <!-- Test Node Viewlet -->
