<?xml version="1.0" encoding="UTF-8"?>
<!-- Generated by org.testng.reporters.JUnitXMLReporter -->
<testsuite ignored="0" hostname="DESKTOP-K4AEKHO" failures="0" tests="16" name="Test Service Viewlet" time="739.837" errors="0" timestamp="2023-05-17T11:39:12 IST">
  <testcase classname="ApodGUI.ServiceViewlet" name="Login" time="46.636"/>
  <testcase classname="ApodGUI.ServiceViewlet" name="AddServiceViewlet" time="35.638"/>
  <testcase classname="ApodGUI.ServiceViewlet" name="CreateServiceFromPlusIcon" time="73.069"/>
  <testcase classname="ApodGUI.ServiceViewlet" name="CopyAsFromCommands" time="58.911"/>
  <testcase classname="ApodGUI.ServiceViewlet" name="RenameFromCommands" time="67.425"/>
  <testcase classname="ApodGUI.ServiceViewlet" name="DeleteFromCommands" time="33.031"/>
  <testcase classname="ApodGUI.ServiceViewlet" name="MQSCSnapshot" time="17.831"/>
  <testcase classname="ApodGUI.ServiceViewlet" name="SaveServiceSnapshot" time="9.292"/>
  <testcase classname="ApodGUI.ServiceViewlet" name="ServiceProperties" time="21.36"/>
  <testcase classname="ApodGUI.ServiceViewlet" name="ServiceEvents" time="46.407"/>
  <testcase classname="ApodGUI.ServiceViewlet" name="AddToFavoriteViewlet" time="48.986"/>
  <testcase classname="ApodGUI.ServiceViewlet" name="CompareServiceNames" time="25.164"/>
  <testcase classname="ApodGUI.ServiceViewlet" name="CheckDifferencesForServices" time="21.409"/>
  <testcase classname="ApodGUI.ServiceViewlet" name="AddToFavoriteForMultipleServices" time="29.053"/>
  <testcase classname="ApodGUI.ServiceViewlet" name="ShowObjectAttributesForService" time="152.617"/>
  <testcase classname="ApodGUI.ServiceViewlet" name="Logout" time="26.441"/>
</testsuite> <!-- Test Service Viewlet -->
