<?xml version="1.0" encoding="UTF-8"?>
<!-- Generated by org.testng.reporters.JUnitXMLReporter -->
<testsuite hostname="DESKTOP-9QJNAOQ" ignored="9" name="Test Auth Info Viewlet" tests="4" failures="0" timestamp="20 Oct 2021 06:57:20 GMT" time="200.248" errors="0">
  <testcase name="Login" time="41.143" classname="ApodGUI.AuthorizationInfoViewlet"/>
  <testcase name="AddAuthInfoViewlet" time="42.561" classname="ApodGUI.AuthorizationInfoViewlet"/>
  <testcase name="ShowObjectAttributesForAuthInfo" time="59.377" classname="ApodGUI.AuthorizationInfoViewlet"/>
  <testcase name="Logout" time="27.04" classname="ApodGUI.AuthorizationInfoViewlet"/>
  <testcase name="SaveAuthinfoSnapshot" time="0.0" classname="ApodGUI.AuthorizationInfoViewlet">
    <ignored/>
  </testcase> <!-- SaveAuthinfoSnapshot -->
  <testcase name="CreateAuthInfoFromPlusIcon" time="0.0" classname="ApodGUI.AuthorizationInfoViewlet">
    <ignored/>
  </testcase> <!-- CreateAuthInfoFromPlusIcon -->
  <testcase name="CheckDifferencesForAuthInfos" time="0.0" classname="ApodGUI.AuthorizationInfoViewlet">
    <ignored/>
  </testcase> <!-- CheckDifferencesForAuthInfos -->
  <testcase name="AddToFavoriteViewlet" time="0.0" classname="ApodGUI.AuthorizationInfoViewlet">
    <ignored/>
  </testcase> <!-- AddToFavoriteViewlet -->
  <testcase name="CompareAuthInfo" time="0.0" classname="ApodGUI.AuthorizationInfoViewlet">
    <ignored/>
  </testcase> <!-- CompareAuthInfo -->
  <testcase name="AddToFavoriteForMultipleAuthInfo" time="0.0" classname="ApodGUI.AuthorizationInfoViewlet">
    <ignored/>
  </testcase> <!-- AddToFavoriteForMultipleAuthInfo -->
  <testcase name="MQSCSnapshot" time="0.0" classname="ApodGUI.AuthorizationInfoViewlet">
    <ignored/>
  </testcase> <!-- MQSCSnapshot -->
  <testcase name="PropertieOfAuthInfo" time="0.0" classname="ApodGUI.AuthorizationInfoViewlet">
    <ignored/>
  </testcase> <!-- PropertieOfAuthInfo -->
  <testcase name="AuthInfoEvents" time="0.0" classname="ApodGUI.AuthorizationInfoViewlet">
    <ignored/>
  </testcase> <!-- AuthInfoEvents -->
</testsuite> <!-- Test Auth Info Viewlet -->
