<?xml version="1.0" encoding="UTF-8"?>
<!-- Generated by org.testng.reporters.JUnitXMLReporter -->
<testsuite ignored="1" hostname="DESKTOP-K4AEKHO" failures="1" tests="16" name="Test Channel Auth Records Viewlet" time="992.551" errors="0" timestamp="2023-09-06T18:35:42 IST">
  <testcase classname="ApodGUI.ChannelAuthRecordsViewlet" name="Login" time="166.36"/>
  <testcase classname="ApodGUI.ChannelAuthRecordsViewlet" name="AddChannelAuthrecordsViewlet" time="41.172"/>
  <testcase classname="ApodGUI.ChannelAuthRecordsViewlet" name="CreateChannelAuthRecordFromOptions" time="101.613"/>
  <testcase classname="ApodGUI.ChannelAuthRecordsViewlet" name="DeleteChannelAuthRecordFromCommands" time="119.318"/>
  <testcase classname="ApodGUI.ChannelAuthRecordsViewlet" name="MQSCSnapshot" time="20.39"/>
  <testcase classname="ApodGUI.ChannelAuthRecordsViewlet" name="SaveChannelAuthSnapshot" time="15.303"/>
  <testcase classname="ApodGUI.ChannelAuthRecordsViewlet" name="ChannelAuthProperties" time="40.592"/>
  <testcase classname="ApodGUI.ChannelAuthRecordsViewlet" name="ChannelAuthEvents" time="46.652"/>
  <testcase classname="ApodGUI.ChannelAuthRecordsViewlet" name="AddToFavoriteViewlet" time="123.942"/>
  <testcase classname="ApodGUI.ChannelAuthRecordsViewlet" name="CreateChannelAuthRecordFromPlusIcon" time="0.0">
    <failure type="org.testng.TestNGException" message="
Parameter &amp;apos;UserList&amp;apos; is required by @Test on method CreateChannelAuthRecordFromPlusIcon but has not been marked @Optional or defined
in E:\Automation\Navigator\IBMChannelAuthRecords.xml">
      <![CDATA[org.testng.TestNGException: 
Parameter 'UserList' is required by @Test on method CreateChannelAuthRecordFromPlusIcon but has not been marked @Optional or defined
in E:\Automation\Navigator\IBMChannelAuthRecords.xml
at java.base/java.util.ArrayList.forEach(ArrayList.java:1541)
... Removed 26 stack frames]]>
    </failure>
  </testcase> <!-- CreateChannelAuthRecordFromPlusIcon -->
  <testcase classname="ApodGUI.ChannelAuthRecordsViewlet" name="CompareChannelAuths" time="27.549"/>
  <testcase classname="ApodGUI.ChannelAuthRecordsViewlet" name="CheckDifferencesForChannelAuths" time="23.622"/>
  <testcase classname="ApodGUI.ChannelAuthRecordsViewlet" name="MultipleChannelAuthRecordsProperties" time="140.43"/>
  <testcase classname="ApodGUI.ChannelAuthRecordsViewlet" name="AddToFavoriteForMultipleChannelAuthRecords" time="53.171"/>
  <testcase classname="ApodGUI.ChannelAuthRecordsViewlet" name="ShowObjectAttributes" time="21.12"/>
  <testcase classname="ApodGUI.ChannelAuthRecordsViewlet" name="Logout" time="26.641"/>
  <testcase classname="ApodGUI.ChannelAuthRecordsViewlet" name="DeleteMultipleChannelAuthRecordsFromCommands" time="0.0">
    <ignored/>
  </testcase> <!-- DeleteMultipleChannelAuthRecordsFromCommands -->
</testsuite> <!-- Test Channel Auth Records Viewlet -->
