<?xml version="1.0" encoding="UTF-8"?>
<!-- Generated by org.testng.reporters.JUnitXMLReporter -->
<testsuite ignored="1" hostname="DESKTOP-9QJNAOQ" failures="1" tests="13" name="Test Durable Viewlet" time="688.107" errors="0" timestamp="14 Feb 2022 08:10:29 GMT">
  <testcase classname="EMS.DurableViewlet" name="Login" time="33.936"/>
  <testcase classname="EMS.DurableViewlet" name="AddDurableViewlet" time="38.426"/>
  <testcase classname="EMS.DurableViewlet" name="AddDurableFromPlusIcon" time="76.232"/>
  <testcase classname="EMS.DurableViewlet" name="Purge" time="18.587"/>
  <testcase classname="EMS.DurableViewlet" name="Properties" time="18.392"/>
  <testcase classname="EMS.DurableViewlet" name="DurableEvents" time="53.828"/>
  <testcase classname="EMS.DurableViewlet" name="AddToFavoriteViewlet" time="31.1"/>
  <testcase classname="EMS.DurableViewlet" name="MultiplePurge" time="17.215"/>
  <testcase classname="EMS.DurableViewlet" name="MultipleProperties" time="79.927"/>
  <testcase classname="EMS.DurableViewlet" name="AddToFavoriteForMultipleDurables" time="32.56"/>
  <testcase classname="EMS.DurableViewlet" name="DeleteCommand" time="26.279">
    <failure type="org.openqa.selenium.InvalidSelectorException" message="invalid selector: Unable to locate an element with the xpath expression ((//input[@type=&amp;apos;text&amp;apos;])[4] because of the following error:
SyntaxError: Failed to execute &amp;apos;evaluate&amp;apos; on &amp;apos;Document&amp;apos;: The string &amp;apos;((//input[@type=&amp;apos;text&amp;apos;])[4]&amp;apos; is not a valid XPath expression.
  (Session info: chrome=98.0.4758.82)
For documentation on this error, please visit: https://selenium.dev/exceptions/#invalid_selector_exception
Build info: version: &amp;apos;4.0.0&amp;apos;, revision: &amp;apos;3a21814679&amp;apos;
System info: host: &amp;apos;DESKTOP-9QJNAOQ&amp;apos;, ip: &amp;apos;192.168.43.213&amp;apos;, os.name: &amp;apos;Windows 10&amp;apos;, os.arch: &amp;apos;amd64&amp;apos;, os.version: &amp;apos;10.0&amp;apos;, java.version: &amp;apos;11.0.14&amp;apos;
Driver info: org.openqa.selenium.chrome.ChromeDriver
Command: [76f6a44e010e07edcedd04e2fa9873e2, findElement {using=xpath, value=((//input[@type=&amp;apos;text&amp;apos;])[4]}]
Capabilities {acceptInsecureCerts: false, browserName: chrome, browserVersion: 98.0.4758.82, chrome: {chromedriverVersion: 98.0.4758.80 (7f0488e8ba0d8..., userDataDir: C:\Users\Nagaraju\AppData\L...}, goog:chromeOptions: {debuggerAddress: localhost:49601}, javascriptEnabled: true, networkConnectionEnabled: false, pageLoadStrategy: normal, platform: WINDOWS, platformName: WINDOWS, proxy: Proxy(), se:cdp: ws://localhost:49601/devtoo..., se:cdpVersion: 98.0.4758.82, setWindowRect: true, strictFileInteractability: false, timeouts: {implicit: 0, pageLoad: 300000, script: 30000}, unhandledPromptBehavior: dismiss and notify, webauthn:extension:credBlob: true, webauthn:extension:largeBlob: true, webauthn:virtualAuthenticators: true}
Session ID: 76f6a44e010e07edcedd04e2fa9873e2">
      <![CDATA[org.openqa.selenium.InvalidSelectorException: invalid selector: Unable to locate an element with the xpath expression ((//input[@type='text'])[4] because of the following error:
SyntaxError: Failed to execute 'evaluate' on 'Document': The string '((//input[@type='text'])[4]' is not a valid XPath expression.
  (Session info: chrome=98.0.4758.82)
For documentation on this error, please visit: https://selenium.dev/exceptions/#invalid_selector_exception
Build info: version: '4.0.0', revision: '3a21814679'
System info: host: 'DESKTOP-9QJNAOQ', ip: '192.168.43.213', os.name: 'Windows 10', os.arch: 'amd64', os.version: '10.0', java.version: '11.0.14'
Driver info: org.openqa.selenium.chrome.ChromeDriver
Command: [76f6a44e010e07edcedd04e2fa9873e2, findElement {using=xpath, value=((//input[@type='text'])[4]}]
Capabilities {acceptInsecureCerts: false, browserName: chrome, browserVersion: 98.0.4758.82, chrome: {chromedriverVersion: 98.0.4758.80 (7f0488e8ba0d8..., userDataDir: C:\Users\Nagaraju\AppData\L...}, goog:chromeOptions: {debuggerAddress: localhost:49601}, javascriptEnabled: true, networkConnectionEnabled: false, pageLoadStrategy: normal, platform: WINDOWS, platformName: WINDOWS, proxy: Proxy(), se:cdp: ws://localhost:49601/devtoo..., se:cdpVersion: 98.0.4758.82, setWindowRect: true, strictFileInteractability: false, timeouts: {implicit: 0, pageLoad: 300000, script: 30000}, unhandledPromptBehavior: dismiss and notify, webauthn:extension:credBlob: true, webauthn:extension:largeBlob: true, webauthn:virtualAuthenticators: true}
Session ID: 76f6a44e010e07edcedd04e2fa9873e2
	at org.openqa.selenium.remote.codec.w3c.W3CHttpResponseCodec.createException(W3CHttpResponseCodec.java:200)
	at org.openqa.selenium.remote.codec.w3c.W3CHttpResponseCodec.decode(W3CHttpResponseCodec.java:133)
	at org.openqa.selenium.remote.codec.w3c.W3CHttpResponseCodec.decode(W3CHttpResponseCodec.java:53)
	at org.openqa.selenium.remote.HttpCommandExecutor.execute(HttpCommandExecutor.java:184)
	at org.openqa.selenium.remote.service.DriverCommandExecutor.invokeExecute(DriverCommandExecutor.java:164)
	at org.openqa.selenium.remote.service.DriverCommandExecutor.execute(DriverCommandExecutor.java:139)
	at org.openqa.selenium.remote.RemoteWebDriver.execute(RemoteWebDriver.java:559)
	at org.openqa.selenium.remote.ElementLocation$ElementFinder$2.findElement(ElementLocation.java:162)
	at org.openqa.selenium.remote.ElementLocation.findElement(ElementLocation.java:60)
	at org.openqa.selenium.remote.RemoteWebDriver.findElement(RemoteWebDriver.java:383)
	at org.openqa.selenium.remote.RemoteWebDriver.findElement(RemoteWebDriver.java:375)
	at EMS.DurableViewlet.DeleteCommand(DurableViewlet.java:382)
... Removed 29 stack frames]]>
    </failure>
  </testcase> <!-- DeleteCommand -->
  <testcase classname="EMS.DurableViewlet" name="ShowObjectAttributesForDurable" time="80.885"/>
  <testcase classname="EMS.DurableViewlet" name="Logout" time="27.109"/>
  <testcase classname="EMS.DurableViewlet" name="DeleteMultiples" time="0.0">
    <ignored/>
  </testcase> <!-- DeleteMultiples -->
</testsuite> <!-- Test Durable Viewlet -->
