<?xml version="1.0" encoding="UTF-8"?>
<!-- Generated by org.testng.reporters.JUnitXMLReporter -->
<testsuite hostname="DESKTOP-9QJNAOQ" ignored="1" name="Test Channel Auth Records Viewlet" tests="16" failures="1" timestamp="05 Jan 2022 12:40:59 GMT" time="991.062" errors="0">
  <testcase name="Login" time="55.099" classname="ApodGUI.ChannelAuthRecordsViewlet"/>
  <testcase name="AddChannelAuthrecordsViewlet" time="39.191" classname="ApodGUI.ChannelAuthRecordsViewlet"/>
  <testcase name="CreateChannelAuthRecordFromOptions" time="60.962" classname="ApodGUI.ChannelAuthRecordsViewlet"/>
  <testcase name="DeleteChannelAuthRecordFromCommands" time="35.934" classname="ApodGUI.ChannelAuthRecordsViewlet">
    <failure type="org.openqa.selenium.InvalidSelectorException" message="invalid selector: Unable to locate an element with the xpath expression Channel auth record delete failed because of the following error:
SyntaxError: Failed to execute &amp;apos;evaluate&amp;apos; on &amp;apos;Document&amp;apos;: The string &amp;apos;Channel auth record delete failed&amp;apos; is not a valid XPath expression.
  (Session info: chrome=96.0.4664.110)
For documentation on this error, please visit: https://selenium.dev/exceptions/#invalid_selector_exception
Build info: version: &amp;apos;4.0.0&amp;apos;, revision: &amp;apos;3a21814679&amp;apos;
System info: host: &amp;apos;DESKTOP-9QJNAOQ&amp;apos;, ip: &amp;apos;192.168.43.213&amp;apos;, os.name: &amp;apos;Windows 10&amp;apos;, os.arch: &amp;apos;amd64&amp;apos;, os.version: &amp;apos;10.0&amp;apos;, java.version: &amp;apos;1.8.0_311&amp;apos;
Driver info: org.openqa.selenium.chrome.ChromeDriver
Command: [9cf51f2ce374a8757ea0f4fd21397d69, findElement {using=xpath, value=Channel auth record delete failed}]
Capabilities {acceptInsecureCerts: false, browserName: chrome, browserVersion: 96.0.4664.110, chrome: {chromedriverVersion: 96.0.4664.45 (76e4c1bb2ab46..., userDataDir: C:\Users\Nagaraju\AppData\L...}, goog:chromeOptions: {debuggerAddress: localhost:54165}, javascriptEnabled: true, networkConnectionEnabled: false, pageLoadStrategy: normal, platform: WINDOWS, platformName: WINDOWS, proxy: Proxy(), se:cdp: ws://localhost:54165/devtoo..., se:cdpVersion: 96.0.4664.110, setWindowRect: true, strictFileInteractability: false, timeouts: {implicit: 0, pageLoad: 300000, script: 30000}, unhandledPromptBehavior: dismiss and notify, webauthn:extension:credBlob: true, webauthn:extension:largeBlob: true, webauthn:virtualAuthenticators: true}
Session ID: 9cf51f2ce374a8757ea0f4fd21397d69">
      <![CDATA[org.openqa.selenium.InvalidSelectorException: invalid selector: Unable to locate an element with the xpath expression Channel auth record delete failed because of the following error:
SyntaxError: Failed to execute 'evaluate' on 'Document': The string 'Channel auth record delete failed' is not a valid XPath expression.
  (Session info: chrome=96.0.4664.110)
For documentation on this error, please visit: https://selenium.dev/exceptions/#invalid_selector_exception
Build info: version: '4.0.0', revision: '3a21814679'
System info: host: 'DESKTOP-9QJNAOQ', ip: '192.168.43.213', os.name: 'Windows 10', os.arch: 'amd64', os.version: '10.0', java.version: '1.8.0_311'
Driver info: org.openqa.selenium.chrome.ChromeDriver
Command: [9cf51f2ce374a8757ea0f4fd21397d69, findElement {using=xpath, value=Channel auth record delete failed}]
Capabilities {acceptInsecureCerts: false, browserName: chrome, browserVersion: 96.0.4664.110, chrome: {chromedriverVersion: 96.0.4664.45 (76e4c1bb2ab46..., userDataDir: C:\Users\Nagaraju\AppData\L...}, goog:chromeOptions: {debuggerAddress: localhost:54165}, javascriptEnabled: true, networkConnectionEnabled: false, pageLoadStrategy: normal, platform: WINDOWS, platformName: WINDOWS, proxy: Proxy(), se:cdp: ws://localhost:54165/devtoo..., se:cdpVersion: 96.0.4664.110, setWindowRect: true, strictFileInteractability: false, timeouts: {implicit: 0, pageLoad: 300000, script: 30000}, unhandledPromptBehavior: dismiss and notify, webauthn:extension:credBlob: true, webauthn:extension:largeBlob: true, webauthn:virtualAuthenticators: true}
Session ID: 9cf51f2ce374a8757ea0f4fd21397d69
	at org.openqa.selenium.remote.codec.w3c.W3CHttpResponseCodec.createException(W3CHttpResponseCodec.java:200)
	at org.openqa.selenium.remote.codec.w3c.W3CHttpResponseCodec.decode(W3CHttpResponseCodec.java:133)
	at org.openqa.selenium.remote.codec.w3c.W3CHttpResponseCodec.decode(W3CHttpResponseCodec.java:53)
	at org.openqa.selenium.remote.HttpCommandExecutor.execute(HttpCommandExecutor.java:184)
	at org.openqa.selenium.remote.service.DriverCommandExecutor.invokeExecute(DriverCommandExecutor.java:164)
	at org.openqa.selenium.remote.service.DriverCommandExecutor.execute(DriverCommandExecutor.java:139)
	at org.openqa.selenium.remote.RemoteWebDriver.execute(RemoteWebDriver.java:559)
	at org.openqa.selenium.remote.ElementLocation$ElementFinder$2.findElement(ElementLocation.java:162)
	at org.openqa.selenium.remote.ElementLocation.findElement(ElementLocation.java:60)
	at org.openqa.selenium.remote.RemoteWebDriver.findElement(RemoteWebDriver.java:383)
	at org.openqa.selenium.remote.RemoteWebDriver.findElement(RemoteWebDriver.java:375)
	at ApodGUI.ChannelAuthRecordsViewlet.DeleteChannelAuthRecordFromCommands(ChannelAuthRecordsViewlet.java:286)
... Removed 29 stack frames]]>
    </failure>
  </testcase> <!-- DeleteChannelAuthRecordFromCommands -->
  <testcase name="MQSCSnapshot" time="17.639" classname="ApodGUI.ChannelAuthRecordsViewlet"/>
  <testcase name="SaveChannelAuthSnapshot" time="10.4" classname="ApodGUI.ChannelAuthRecordsViewlet"/>
  <testcase name="ChannelAuthProperties" time="35.545" classname="ApodGUI.ChannelAuthRecordsViewlet"/>
  <testcase name="ChannelAuthEvents" time="41.703" classname="ApodGUI.ChannelAuthRecordsViewlet"/>
  <testcase name="AddToFavoriteViewlet" time="61.802" classname="ApodGUI.ChannelAuthRecordsViewlet"/>
  <testcase name="CreateChannelAuthRecordFromPlusIcon" time="92.477" classname="ApodGUI.ChannelAuthRecordsViewlet"/>
  <testcase name="CompareChannelAuths" time="24.521" classname="ApodGUI.ChannelAuthRecordsViewlet"/>
  <testcase name="CheckDifferencesForChannelAuths" time="21.229" classname="ApodGUI.ChannelAuthRecordsViewlet"/>
  <testcase name="MultipleChannelAuthRecordsProperties" time="84.815" classname="ApodGUI.ChannelAuthRecordsViewlet"/>
  <testcase name="AddToFavoriteForMultipleChannelAuthRecords" time="35.721" classname="ApodGUI.ChannelAuthRecordsViewlet"/>
  <testcase name="ShowObjectAttributes" time="155.805" classname="ApodGUI.ChannelAuthRecordsViewlet"/>
  <testcase name="Logout" time="26.985" classname="ApodGUI.ChannelAuthRecordsViewlet"/>
  <testcase name="DeleteMultipleChannelAuthRecordsFromCommands" time="0.0" classname="ApodGUI.ChannelAuthRecordsViewlet">
    <ignored/>
  </testcase> <!-- DeleteMultipleChannelAuthRecordsFromCommands -->
</testsuite> <!-- Test Channel Auth Records Viewlet -->
