<?xml version="1.0" encoding="UTF-8"?>
<!-- Generated by org.testng.reporters.JUnitXMLReporter -->
<testsuite ignored="11" hostname="DESKTOP-K4AEKHO" failures="0" tests="6" name="Test Channel Auth Records Viewlet" time="395.371" errors="0" timestamp="2023-01-03T11:51:23 IST">
  <testcase classname="ApodGUI.ChannelAuthRecordsViewlet" name="Login" time="94.309"/>
  <testcase classname="ApodGUI.ChannelAuthRecordsViewlet" name="AddChannelAuthrecordsViewlet" time="37.94"/>
  <testcase classname="ApodGUI.ChannelAuthRecordsViewlet" name="CompareChannelAuths" time="24.308"/>
  <testcase classname="ApodGUI.ChannelAuthRecordsViewlet" name="CheckDifferencesForChannelAuths" time="20.516"/>
  <testcase classname="ApodGUI.ChannelAuthRecordsViewlet" name="MultipleChannelAuthRecordsProperties" time="136.873"/>
  <testcase classname="ApodGUI.ChannelAuthRecordsViewlet" name="Logout" time="26.561"/>
  <testcase classname="ApodGUI.ChannelAuthRecordsViewlet" name="ChannelAuthProperties" time="0.0">
    <ignored/>
  </testcase> <!-- ChannelAuthProperties -->
  <testcase classname="ApodGUI.ChannelAuthRecordsViewlet" name="AddToFavoriteViewlet" time="0.0">
    <ignored/>
  </testcase> <!-- AddToFavoriteViewlet -->
  <testcase classname="ApodGUI.ChannelAuthRecordsViewlet" name="AddToFavoriteForMultipleChannelAuthRecords" time="0.0">
    <ignored/>
  </testcase> <!-- AddToFavoriteForMultipleChannelAuthRecords -->
  <testcase classname="ApodGUI.ChannelAuthRecordsViewlet" name="DeleteChannelAuthRecordFromCommands" time="0.0">
    <ignored/>
  </testcase> <!-- DeleteChannelAuthRecordFromCommands -->
  <testcase classname="ApodGUI.ChannelAuthRecordsViewlet" name="MQSCSnapshot" time="0.0">
    <ignored/>
  </testcase> <!-- MQSCSnapshot -->
  <testcase classname="ApodGUI.ChannelAuthRecordsViewlet" name="ShowObjectAttributes" time="0.0">
    <ignored/>
  </testcase> <!-- ShowObjectAttributes -->
  <testcase classname="ApodGUI.ChannelAuthRecordsViewlet" name="DeleteMultipleChannelAuthRecordsFromCommands" time="0.0">
    <ignored/>
  </testcase> <!-- DeleteMultipleChannelAuthRecordsFromCommands -->
  <testcase classname="ApodGUI.ChannelAuthRecordsViewlet" name="CreateChannelAuthRecordFromPlusIcon" time="0.0">
    <ignored/>
  </testcase> <!-- CreateChannelAuthRecordFromPlusIcon -->
  <testcase classname="ApodGUI.ChannelAuthRecordsViewlet" name="ChannelAuthEvents" time="0.0">
    <ignored/>
  </testcase> <!-- ChannelAuthEvents -->
  <testcase classname="ApodGUI.ChannelAuthRecordsViewlet" name="CreateChannelAuthRecordFromOptions" time="0.0">
    <ignored/>
  </testcase> <!-- CreateChannelAuthRecordFromOptions -->
  <testcase classname="ApodGUI.ChannelAuthRecordsViewlet" name="SaveChannelAuthSnapshot" time="0.0">
    <ignored/>
  </testcase> <!-- SaveChannelAuthSnapshot -->
</testsuite> <!-- Test Channel Auth Records Viewlet -->
