<?xml version="1.0" encoding="UTF-8"?>
<!-- Generated by org.testng.reporters.JUnitXMLReporter -->
<testsuite ignored="1" hostname="DESKTOP-K4AEKHO" failures="0" tests="25" name="Test Queue Viewlet" time="2334.858" errors="0" timestamp="2023-08-17T18:36:37 IST">
  <testcase classname="ApodGUI.QueuesViewlet" name="Login" time="259.565"/>
  <testcase classname="ApodGUI.QueuesViewlet" name="BrowseMessages" time="27.941"/>
  <testcase classname="ApodGUI.QueuesViewlet" name="ShowQueueStatus" time="30.793"/>
  <testcase classname="ApodGUI.QueuesViewlet" name="CreateQueueFromOptions" time="81.715"/>
  <testcase classname="ApodGUI.QueuesViewlet" name="CopyAsQueueCommands" time="124.746"/>
  <testcase classname="ApodGUI.QueuesViewlet" name="RenameQueueFromCommandsOption" time="145.601"/>
  <testcase classname="ApodGUI.QueuesViewlet" name="DeleteQueueFromCommandsOption" time="69.711"/>
  <testcase classname="ApodGUI.QueuesViewlet" name="InhibitGetFromCommands" time="137.982"/>
  <testcase classname="ApodGUI.QueuesViewlet" name="InhibitPutFromCommands" time="144.751"/>
  <testcase classname="ApodGUI.QueuesViewlet" name="MQSCSnapshot" time="30.34"/>
  <testcase classname="ApodGUI.QueuesViewlet" name="SaveMQSCSnapshot" time="45.44"/>
  <testcase classname="ApodGUI.QueuesViewlet" name="QueueProperties" time="35.036"/>
  <testcase classname="ApodGUI.QueuesViewlet" name="QueueEvents" time="65.256"/>
  <testcase classname="ApodGUI.QueuesViewlet" name="AddToFavoriteViewlet" time="124.169"/>
  <testcase classname="ApodGUI.QueuesViewlet" name="CompareQueues" time="28.367"/>
  <testcase classname="ApodGUI.QueuesViewlet" name="CheckDifferencesForQueues" time="25.809"/>
  <testcase classname="ApodGUI.QueuesViewlet" name="ShowQueueStatusForMultipleQueues" time="47.957"/>
  <testcase classname="ApodGUI.QueuesViewlet" name="AddQueueFromPlusIcon" time="113.493"/>
  <testcase classname="ApodGUI.QueuesViewlet" name="CopyAsForMultipleQueues" time="161.668"/>
  <testcase classname="ApodGUI.QueuesViewlet" name="RenameForMultipleQueues" time="172.546"/>
  <testcase classname="ApodGUI.QueuesViewlet" name="DeleteMultipleQueues" time="100.329"/>
  <testcase classname="ApodGUI.QueuesViewlet" name="MultipleQueueProperties" time="172.236"/>
  <testcase classname="ApodGUI.QueuesViewlet" name="AddToFavoriteForMultipleQueues" time="69.005"/>
  <testcase classname="ApodGUI.QueuesViewlet" name="SearchFilter" time="10.398"/>
  <testcase classname="ApodGUI.QueuesViewlet" name="Logout" time="66.297"/>
  <testcase classname="ApodGUI.QueuesViewlet" name="ShowObjectAttributesForQueues" time="0.0">
    <ignored/>
  </testcase> <!-- ShowObjectAttributesForQueues -->
</testsuite> <!-- Test Queue Viewlet -->
