<?xml version="1.0" encoding="UTF-8"?>
<!-- Generated by org.testng.reporters.JUnitXMLReporter -->
<testsuite ignored="11" hostname="DESKTOP-9QJNAOQ" failures="0" tests="6" name="Test Channel Auth Records Viewlet" time="400.955" errors="0" timestamp="02 Aug 2022 12:29:49 GMT">
  <testcase classname="ApodGUI.ChannelAuthRecordsViewlet" name="Login" time="91.38"/>
  <testcase classname="ApodGUI.ChannelAuthRecordsViewlet" name="AddChannelAuthrecordsViewlet" time="38.277"/>
  <testcase classname="ApodGUI.ChannelAuthRecordsViewlet" name="AddToFavoriteViewlet" time="74.782"/>
  <testcase classname="ApodGUI.ChannelAuthRecordsViewlet" name="MultipleChannelAuthRecordsProperties" time="84.619"/>
  <testcase classname="ApodGUI.ChannelAuthRecordsViewlet" name="AddToFavoriteForMultipleChannelAuthRecords" time="35.49"/>
  <testcase classname="ApodGUI.ChannelAuthRecordsViewlet" name="Logout" time="26.959"/>
  <testcase classname="ApodGUI.ChannelAuthRecordsViewlet" name="ChannelAuthProperties" time="0.0">
    <ignored/>
  </testcase> <!-- ChannelAuthProperties -->
  <testcase classname="ApodGUI.ChannelAuthRecordsViewlet" name="CheckDifferencesForChannelAuths" time="0.0">
    <ignored/>
  </testcase> <!-- CheckDifferencesForChannelAuths -->
  <testcase classname="ApodGUI.ChannelAuthRecordsViewlet" name="DeleteChannelAuthRecordFromCommands" time="0.0">
    <ignored/>
  </testcase> <!-- DeleteChannelAuthRecordFromCommands -->
  <testcase classname="ApodGUI.ChannelAuthRecordsViewlet" name="MQSCSnapshot" time="0.0">
    <ignored/>
  </testcase> <!-- MQSCSnapshot -->
  <testcase classname="ApodGUI.ChannelAuthRecordsViewlet" name="ShowObjectAttributes" time="0.0">
    <ignored/>
  </testcase> <!-- ShowObjectAttributes -->
  <testcase classname="ApodGUI.ChannelAuthRecordsViewlet" name="DeleteMultipleChannelAuthRecordsFromCommands" time="0.0">
    <ignored/>
  </testcase> <!-- DeleteMultipleChannelAuthRecordsFromCommands -->
  <testcase classname="ApodGUI.ChannelAuthRecordsViewlet" name="CreateChannelAuthRecordFromPlusIcon" time="0.0">
    <ignored/>
  </testcase> <!-- CreateChannelAuthRecordFromPlusIcon -->
  <testcase classname="ApodGUI.ChannelAuthRecordsViewlet" name="ChannelAuthEvents" time="0.0">
    <ignored/>
  </testcase> <!-- ChannelAuthEvents -->
  <testcase classname="ApodGUI.ChannelAuthRecordsViewlet" name="CompareChannelAuths" time="0.0">
    <ignored/>
  </testcase> <!-- CompareChannelAuths -->
  <testcase classname="ApodGUI.ChannelAuthRecordsViewlet" name="SaveChannelAuthSnapshot" time="0.0">
    <ignored/>
  </testcase> <!-- SaveChannelAuthSnapshot -->
  <testcase classname="ApodGUI.ChannelAuthRecordsViewlet" name="CreateChannelAuthRecordFromOptions" time="0.0">
    <ignored/>
  </testcase> <!-- CreateChannelAuthRecordFromOptions -->
</testsuite> <!-- Test Channel Auth Records Viewlet -->
