<?xml version="1.0" encoding="UTF-8"?>
<!-- Generated by org.testng.reporters.JUnitXMLReporter -->
<testsuite ignored="0" hostname="DESKTOP-9QJNAOQ" failures="0" tests="8" name="Test kafka Topic Browse message options" time="435.256" errors="0" timestamp="16 Mar 2022 10:02:33 GMT">
  <testcase classname="KafkaGUI.KafkaTopicBrowseMessageOptions" name="Login" time="81.477"/>
  <testcase classname="KafkaGUI.KafkaTopicBrowseMessageOptions" name="PutAMessageUsingPutNewIcon" time="49.368"/>
  <testcase classname="KafkaGUI.KafkaTopicBrowseMessageOptions" name="CopyMessageUsingCopyIcon" time="29.445"/>
  <testcase classname="KafkaGUI.KafkaTopicBrowseMessageOptions" name="LoadMessageFromFileUsingIcon" time="59.657"/>
  <testcase classname="KafkaGUI.KafkaTopicBrowseMessageOptions" name="ExportSelectedMessageUsingExportIcon" time="23.913"/>
  <testcase classname="KafkaGUI.KafkaTopicBrowseMessageOptions" name="CopyMessageUsingCopyOption" time="41.649"/>
  <testcase classname="KafkaGUI.KafkaTopicBrowseMessageOptions" name="ClearMessagesUsingClearAllIcon" time="39.749"/>
  <testcase classname="KafkaGUI.KafkaTopicBrowseMessageOptions" name="Logout" time="27.062"/>
</testsuite> <!-- Test kafka Topic Browse message options -->
