<?xml version="1.0" encoding="UTF-8"?>
<!-- Generated by org.testng.reporters.JUnitXMLReporter -->
<testsuite ignored="0" hostname="DESKTOP-9QJNAOQ" failures="0" tests="21" name="Test Process Viewlet" time="1204.482" errors="0" timestamp="28 Jul 2022 13:59:29 GMT">
  <testcase classname="ApodGUI.ProcessViewlet" name="Login" time="91.423"/>
  <testcase classname="ApodGUI.ProcessViewlet" name="AddProcessViewlet" time="35.863"/>
  <testcase classname="ApodGUI.ProcessViewlet" name="CreateProcessFromPlusIcon" time="44.159"/>
  <testcase classname="ApodGUI.ProcessViewlet" name="CopyAsFromCommands" time="56.487"/>
  <testcase classname="ApodGUI.ProcessViewlet" name="RenameFromCommands" time="63.782"/>
  <testcase classname="ApodGUI.ProcessViewlet" name="DeleteFromCommands" time="33.851"/>
  <testcase classname="ApodGUI.ProcessViewlet" name="MQSCSnapshot" time="15.465"/>
  <testcase classname="ApodGUI.ProcessViewlet" name="SaveProcessSnapshot" time="10.286"/>
  <testcase classname="ApodGUI.ProcessViewlet" name="Properties" time="27.638"/>
  <testcase classname="ApodGUI.ProcessViewlet" name="ProcessEvents" time="58.772"/>
  <testcase classname="ApodGUI.ProcessViewlet" name="AddToFavoriteViewlet" time="55.354"/>
  <testcase classname="ApodGUI.ProcessViewlet" name="CreateProcess" time="46.876"/>
  <testcase classname="ApodGUI.ProcessViewlet" name="CompareProcessNames" time="24.715"/>
  <testcase classname="ApodGUI.ProcessViewlet" name="CheckDifferencesForProcess" time="25.221"/>
  <testcase classname="ApodGUI.ProcessViewlet" name="CopyAsFromCommandsForMultipleProcess" time="46.305"/>
  <testcase classname="ApodGUI.ProcessViewlet" name="RenameFromCommandsForMultipleProcess" time="58.198"/>
  <testcase classname="ApodGUI.ProcessViewlet" name="DeleteFromCommandsForMultipleProcess" time="36.848"/>
  <testcase classname="ApodGUI.ProcessViewlet" name="MultipleProperties" time="88.883"/>
  <testcase classname="ApodGUI.ProcessViewlet" name="AddToFavoriteForMultipleProcess" time="32.421"/>
  <testcase classname="ApodGUI.ProcessViewlet" name="ShowObjectAttributesForProcess" time="93.443"/>
  <testcase classname="ApodGUI.ProcessViewlet" name="Logout" time="27.09"/>
</testsuite> <!-- Test Process Viewlet -->
