<?xml version="1.0" encoding="UTF-8"?>
<!-- Generated by org.testng.reporters.JUnitXMLReporter -->
<testsuite ignored="0" hostname="DESKTOP-9QJNAOQ" failures="0" tests="16" name="Test Service Viewlet" time="922.84" errors="0" timestamp="17 Feb 2022 13:54:25 GMT">
  <testcase classname="ApodGUI.ServiceViewlet" name="Login" time="69.701"/>
  <testcase classname="ApodGUI.ServiceViewlet" name="AddServiceViewlet" time="36.507"/>
  <testcase classname="ApodGUI.ServiceViewlet" name="CreateServiceFromPlusIcon" time="68.421"/>
  <testcase classname="ApodGUI.ServiceViewlet" name="CopyAsFromCommands" time="58.109"/>
  <testcase classname="ApodGUI.ServiceViewlet" name="RenameFromCommands" time="64.608"/>
  <testcase classname="ApodGUI.ServiceViewlet" name="DeleteFromCommands" time="34.245"/>
  <testcase classname="ApodGUI.ServiceViewlet" name="MQSCSnapshot" time="15.665"/>
  <testcase classname="ApodGUI.ServiceViewlet" name="SaveServiceSnapshot" time="10.352"/>
  <testcase classname="ApodGUI.ServiceViewlet" name="ServiceProperties" time="25.499"/>
  <testcase classname="ApodGUI.ServiceViewlet" name="ServiceEvents" time="41.181"/>
  <testcase classname="ApodGUI.ServiceViewlet" name="AddToFavoriteViewlet" time="50.866"/>
  <testcase classname="ApodGUI.ServiceViewlet" name="CompareServiceNames" time="24.218"/>
  <testcase classname="ApodGUI.ServiceViewlet" name="CheckDifferencesForServices" time="20.207"/>
  <testcase classname="ApodGUI.ServiceViewlet" name="AddToFavoriteForMultipleServices" time="33.178"/>
  <testcase classname="ApodGUI.ServiceViewlet" name="ShowObjectAttributesForService" time="152.323"/>
  <testcase classname="ApodGUI.ServiceViewlet" name="Logout" time="27.312"/>
</testsuite> <!-- Test Service Viewlet -->
