<?xml version="1.0" encoding="UTF-8"?>
<!-- Generated by org.testng.reporters.JUnitXMLReporter -->
<testsuite ignored="0" hostname="DESKTOP-9QJNAOQ" failures="1" tests="16" name="Test Service Viewlet" time="910.559" errors="0" timestamp="02 Aug 2022 10:40:21 GMT">
  <testcase classname="ApodGUI.ServiceViewlet" name="Login" time="102.649"/>
  <testcase classname="ApodGUI.ServiceViewlet" name="AddServiceViewlet" time="36.082"/>
  <testcase classname="ApodGUI.ServiceViewlet" name="CreateServiceFromPlusIcon" time="70.786"/>
  <testcase classname="ApodGUI.ServiceViewlet" name="CopyAsFromCommands" time="57.346"/>
  <testcase classname="ApodGUI.ServiceViewlet" name="RenameFromCommands" time="63.698"/>
  <testcase classname="ApodGUI.ServiceViewlet" name="DeleteFromCommands" time="33.66"/>
  <testcase classname="ApodGUI.ServiceViewlet" name="MQSCSnapshot" time="15.668"/>
  <testcase classname="ApodGUI.ServiceViewlet" name="SaveServiceSnapshot" time="10.293"/>
  <testcase classname="ApodGUI.ServiceViewlet" name="ServiceProperties" time="25.691"/>
  <testcase classname="ApodGUI.ServiceViewlet" name="ServiceEvents" time="58.647"/>
  <testcase classname="ApodGUI.ServiceViewlet" name="AddToFavoriteViewlet" time="50.502">
    <failure type="org.openqa.selenium.InvalidSelectorException" message="invalid selector: Unable to locate an element with the xpath expression Favorite condition failed because of the following error:
SyntaxError: Failed to execute &amp;apos;evaluate&amp;apos; on &amp;apos;Document&amp;apos;: The string &amp;apos;Favorite condition failed&amp;apos; is not a valid XPath expression.
  (Session info: chrome=103.0.5060.134)
For documentation on this error, please visit: https://selenium.dev/exceptions/#invalid_selector_exception
Build info: version: &amp;apos;4.0.0&amp;apos;, revision: &amp;apos;3a21814679&amp;apos;
System info: host: &amp;apos;DESKTOP-9QJNAOQ&amp;apos;, ip: &amp;apos;172.16.31.107&amp;apos;, os.name: &amp;apos;Windows 10&amp;apos;, os.arch: &amp;apos;amd64&amp;apos;, os.version: &amp;apos;10.0&amp;apos;, java.version: &amp;apos;11.0.14&amp;apos;
Driver info: org.openqa.selenium.chrome.ChromeDriver
Command: [e3b86672e3b1f9a1f6104a4c64ad1747, findElement {using=xpath, value=Favorite condition failed}]
Capabilities {acceptInsecureCerts: false, browserName: chrome, browserVersion: 103.0.5060.134, chrome: {chromedriverVersion: 102.0.5005.61 (0e59bcc00cc4..., userDataDir: C:\Users\Nagaraju\AppData\L...}, goog:chromeOptions: {debuggerAddress: localhost:59939}, javascriptEnabled: true, networkConnectionEnabled: false, pageLoadStrategy: normal, platform: WINDOWS, platformName: WINDOWS, proxy: Proxy(), se:cdp: ws://localhost:59939/devtoo..., se:cdpVersion: 103.0.5060.134, setWindowRect: true, strictFileInteractability: false, timeouts: {implicit: 0, pageLoad: 300000, script: 30000}, unhandledPromptBehavior: dismiss and notify, webauthn:extension:credBlob: true, webauthn:extension:largeBlob: true, webauthn:virtualAuthenticators: true}
Session ID: e3b86672e3b1f9a1f6104a4c64ad1747">
      <![CDATA[org.openqa.selenium.InvalidSelectorException: invalid selector: Unable to locate an element with the xpath expression Favorite condition failed because of the following error:
SyntaxError: Failed to execute 'evaluate' on 'Document': The string 'Favorite condition failed' is not a valid XPath expression.
  (Session info: chrome=103.0.5060.134)
For documentation on this error, please visit: https://selenium.dev/exceptions/#invalid_selector_exception
Build info: version: '4.0.0', revision: '3a21814679'
System info: host: 'DESKTOP-9QJNAOQ', ip: '172.16.31.107', os.name: 'Windows 10', os.arch: 'amd64', os.version: '10.0', java.version: '11.0.14'
Driver info: org.openqa.selenium.chrome.ChromeDriver
Command: [e3b86672e3b1f9a1f6104a4c64ad1747, findElement {using=xpath, value=Favorite condition failed}]
Capabilities {acceptInsecureCerts: false, browserName: chrome, browserVersion: 103.0.5060.134, chrome: {chromedriverVersion: 102.0.5005.61 (0e59bcc00cc4..., userDataDir: C:\Users\Nagaraju\AppData\L...}, goog:chromeOptions: {debuggerAddress: localhost:59939}, javascriptEnabled: true, networkConnectionEnabled: false, pageLoadStrategy: normal, platform: WINDOWS, platformName: WINDOWS, proxy: Proxy(), se:cdp: ws://localhost:59939/devtoo..., se:cdpVersion: 103.0.5060.134, setWindowRect: true, strictFileInteractability: false, timeouts: {implicit: 0, pageLoad: 300000, script: 30000}, unhandledPromptBehavior: dismiss and notify, webauthn:extension:credBlob: true, webauthn:extension:largeBlob: true, webauthn:virtualAuthenticators: true}
Session ID: e3b86672e3b1f9a1f6104a4c64ad1747
	at org.openqa.selenium.remote.codec.w3c.W3CHttpResponseCodec.createException(W3CHttpResponseCodec.java:200)
	at org.openqa.selenium.remote.codec.w3c.W3CHttpResponseCodec.decode(W3CHttpResponseCodec.java:133)
	at org.openqa.selenium.remote.codec.w3c.W3CHttpResponseCodec.decode(W3CHttpResponseCodec.java:53)
	at org.openqa.selenium.remote.HttpCommandExecutor.execute(HttpCommandExecutor.java:184)
	at org.openqa.selenium.remote.service.DriverCommandExecutor.invokeExecute(DriverCommandExecutor.java:164)
	at org.openqa.selenium.remote.service.DriverCommandExecutor.execute(DriverCommandExecutor.java:139)
	at org.openqa.selenium.remote.RemoteWebDriver.execute(RemoteWebDriver.java:559)
	at org.openqa.selenium.remote.ElementLocation$ElementFinder$2.findElement(ElementLocation.java:162)
	at org.openqa.selenium.remote.ElementLocation.findElement(ElementLocation.java:60)
	at org.openqa.selenium.remote.RemoteWebDriver.findElement(RemoteWebDriver.java:383)
	at org.openqa.selenium.remote.RemoteWebDriver.findElement(RemoteWebDriver.java:375)
	at ApodGUI.ServiceViewlet.AddToFavoriteViewlet(ServiceViewlet.java:760)
... Removed 29 stack frames]]>
    </failure>
  </testcase> <!-- AddToFavoriteViewlet -->
  <testcase classname="ApodGUI.ServiceViewlet" name="CompareServiceNames" time="24.919"/>
  <testcase classname="ApodGUI.ServiceViewlet" name="CheckDifferencesForServices" time="21.265"/>
  <testcase classname="ApodGUI.ServiceViewlet" name="AddToFavoriteForMultipleServices" time="0.0">
    <skipped/>
  </testcase> <!-- AddToFavoriteForMultipleServices -->
  <testcase classname="ApodGUI.ServiceViewlet" name="ShowObjectAttributesForService" time="152.784"/>
  <testcase classname="ApodGUI.ServiceViewlet" name="Logout" time="27.045"/>
</testsuite> <!-- Test Service Viewlet -->
