<?xml version="1.0" encoding="UTF-8"?>
<!-- Generated by org.testng.reporters.JUnitXMLReporter -->
<testsuite hostname="DESKTOP-9QJNAOQ" ignored="1" name="Test Bridge Viewlet" tests="13" failures="1" timestamp="21 Jan 2022 09:04:41 GMT" time="700.96" errors="0">
  <testcase name="Login" time="35.336" classname="EMS.BridgeViewlet"/>
  <testcase name="AddBridgeViewlet" time="39.582" classname="EMS.BridgeViewlet"/>
  <testcase name="AddBridgeFromPlusIcon" time="74.805" classname="EMS.BridgeViewlet"/>
  <testcase name="Properties" time="20.452" classname="EMS.BridgeViewlet"/>
  <testcase name="BridgeEvents" time="53.911" classname="EMS.BridgeViewlet"/>
  <testcase name="AddToFavoriteViewlet" time="41.237" classname="EMS.BridgeViewlet"/>
  <testcase name="CompareBridges" time="23.998" classname="EMS.BridgeViewlet"/>
  <testcase name="CheckDifferencesForBridges" time="20.196" classname="EMS.BridgeViewlet"/>
  <testcase name="MultipleBridgeProperties" time="84.616" classname="EMS.BridgeViewlet">
    <failure type="org.openqa.selenium.NoSuchElementException" message="no such element: Unable to locate element: {&amp;quot;method&amp;quot;:&amp;quot;css selector&amp;quot;,&amp;quot;selector&amp;quot;:&amp;quot;#Multiple\ properties\ failed&amp;quot;}
  (Session info: chrome=97.0.4692.99)
For documentation on this error, please visit: https://selenium.dev/exceptions/#no_such_element
Build info: version: &amp;apos;4.0.0&amp;apos;, revision: &amp;apos;3a21814679&amp;apos;
System info: host: &amp;apos;DESKTOP-9QJNAOQ&amp;apos;, ip: &amp;apos;192.168.43.213&amp;apos;, os.name: &amp;apos;Windows 10&amp;apos;, os.arch: &amp;apos;amd64&amp;apos;, os.version: &amp;apos;10.0&amp;apos;, java.version: &amp;apos;1.8.0_311&amp;apos;
Driver info: org.openqa.selenium.chrome.ChromeDriver
Command: [dbe88559fe1bdd254d756ae8cb8a9086, findElement {using=id, value=Multiple properties failed}]
Capabilities {acceptInsecureCerts: false, browserName: chrome, browserVersion: 97.0.4692.99, chrome: {chromedriverVersion: 96.0.4664.45 (76e4c1bb2ab46..., userDataDir: C:\Users\Nagaraju\AppData\L...}, goog:chromeOptions: {debuggerAddress: localhost:56524}, javascriptEnabled: true, networkConnectionEnabled: false, pageLoadStrategy: normal, platform: WINDOWS, platformName: WINDOWS, proxy: Proxy(), se:cdp: ws://localhost:56524/devtoo..., se:cdpVersion: 97.0.4692.99, setWindowRect: true, strictFileInteractability: false, timeouts: {implicit: 0, pageLoad: 300000, script: 30000}, unhandledPromptBehavior: dismiss and notify, webauthn:extension:credBlob: true, webauthn:extension:largeBlob: true, webauthn:virtualAuthenticators: true}
Session ID: dbe88559fe1bdd254d756ae8cb8a9086">
      <![CDATA[org.openqa.selenium.NoSuchElementException: no such element: Unable to locate element: {"method":"css selector","selector":"#Multiple\ properties\ failed"}
  (Session info: chrome=97.0.4692.99)
For documentation on this error, please visit: https://selenium.dev/exceptions/#no_such_element
Build info: version: '4.0.0', revision: '3a21814679'
System info: host: 'DESKTOP-9QJNAOQ', ip: '192.168.43.213', os.name: 'Windows 10', os.arch: 'amd64', os.version: '10.0', java.version: '1.8.0_311'
Driver info: org.openqa.selenium.chrome.ChromeDriver
Command: [dbe88559fe1bdd254d756ae8cb8a9086, findElement {using=id, value=Multiple properties failed}]
Capabilities {acceptInsecureCerts: false, browserName: chrome, browserVersion: 97.0.4692.99, chrome: {chromedriverVersion: 96.0.4664.45 (76e4c1bb2ab46..., userDataDir: C:\Users\Nagaraju\AppData\L...}, goog:chromeOptions: {debuggerAddress: localhost:56524}, javascriptEnabled: true, networkConnectionEnabled: false, pageLoadStrategy: normal, platform: WINDOWS, platformName: WINDOWS, proxy: Proxy(), se:cdp: ws://localhost:56524/devtoo..., se:cdpVersion: 97.0.4692.99, setWindowRect: true, strictFileInteractability: false, timeouts: {implicit: 0, pageLoad: 300000, script: 30000}, unhandledPromptBehavior: dismiss and notify, webauthn:extension:credBlob: true, webauthn:extension:largeBlob: true, webauthn:virtualAuthenticators: true}
Session ID: dbe88559fe1bdd254d756ae8cb8a9086
	at org.openqa.selenium.remote.codec.w3c.W3CHttpResponseCodec.createException(W3CHttpResponseCodec.java:200)
	at org.openqa.selenium.remote.codec.w3c.W3CHttpResponseCodec.decode(W3CHttpResponseCodec.java:133)
	at org.openqa.selenium.remote.codec.w3c.W3CHttpResponseCodec.decode(W3CHttpResponseCodec.java:53)
	at org.openqa.selenium.remote.HttpCommandExecutor.execute(HttpCommandExecutor.java:184)
	at org.openqa.selenium.remote.service.DriverCommandExecutor.invokeExecute(DriverCommandExecutor.java:164)
	at org.openqa.selenium.remote.service.DriverCommandExecutor.execute(DriverCommandExecutor.java:139)
	at org.openqa.selenium.remote.RemoteWebDriver.execute(RemoteWebDriver.java:559)
	at org.openqa.selenium.remote.ElementLocation$ElementFinder$2.findElement(ElementLocation.java:162)
	at org.openqa.selenium.remote.ElementLocation.findElement(ElementLocation.java:60)
	at org.openqa.selenium.remote.RemoteWebDriver.findElement(RemoteWebDriver.java:383)
	at org.openqa.selenium.remote.RemoteWebDriver.findElement(RemoteWebDriver.java:375)
	at EMS.BridgeViewlet.MultipleBridgeProperties(BridgeViewlet.java:780)
... Removed 29 stack frames]]>
    </failure>
  </testcase> <!-- MultipleBridgeProperties -->
  <testcase name="AddToFavoriteForMultipleBridges" time="31.838" classname="EMS.BridgeViewlet"/>
  <testcase name="ShowObjectAttributesForBridge" time="69.921" classname="EMS.BridgeViewlet"/>
  <testcase name="DeleteCommand" time="27.196" classname="EMS.BridgeViewlet"/>
  <testcase name="Logout" time="26.9" classname="EMS.BridgeViewlet"/>
  <testcase name="DeleteMultiples" time="0.0" classname="EMS.BridgeViewlet">
    <ignored/>
  </testcase> <!-- DeleteMultiples -->
</testsuite> <!-- Test Bridge Viewlet -->
