<?xml version="1.0" encoding="UTF-8"?>
<!-- Generated by org.testng.reporters.JUnitXMLReporter -->
<testsuite ignored="0" hostname="DESKTOP-9QJNAOQ" failures="0" tests="21" name="Test Process Viewlet" time="1209.157" errors="0" timestamp="17 Feb 2022 12:33:27 GMT">
  <testcase classname="ApodGUI.ProcessViewlet" name="Login" time="61.764"/>
  <testcase classname="ApodGUI.ProcessViewlet" name="AddProcessViewlet" time="37.29"/>
  <testcase classname="ApodGUI.ProcessViewlet" name="CreateProcessFromPlusIcon" time="45.794"/>
  <testcase classname="ApodGUI.ProcessViewlet" name="CopyAsFromCommands" time="57.506"/>
  <testcase classname="ApodGUI.ProcessViewlet" name="RenameFromCommands" time="66.038"/>
  <testcase classname="ApodGUI.ProcessViewlet" name="DeleteFromCommands" time="34.775"/>
  <testcase classname="ApodGUI.ProcessViewlet" name="MQSCSnapshot" time="15.813"/>
  <testcase classname="ApodGUI.ProcessViewlet" name="SaveProcessSnapshot" time="10.356"/>
  <testcase classname="ApodGUI.ProcessViewlet" name="Properties" time="27.528"/>
  <testcase classname="ApodGUI.ProcessViewlet" name="ProcessEvents" time="41.505"/>
  <testcase classname="ApodGUI.ProcessViewlet" name="AddToFavoriteViewlet" time="55.692"/>
  <testcase classname="ApodGUI.ProcessViewlet" name="CreateProcess" time="51.851"/>
  <testcase classname="ApodGUI.ProcessViewlet" name="CompareProcessNames" time="24.822"/>
  <testcase classname="ApodGUI.ProcessViewlet" name="CheckDifferencesForProcess" time="21.006"/>
  <testcase classname="ApodGUI.ProcessViewlet" name="CopyAsFromCommandsForMultipleProcess" time="47.38"/>
  <testcase classname="ApodGUI.ProcessViewlet" name="RenameFromCommandsForMultipleProcess" time="65.1"/>
  <testcase classname="ApodGUI.ProcessViewlet" name="DeleteFromCommandsForMultipleProcess" time="37.77"/>
  <testcase classname="ApodGUI.ProcessViewlet" name="MultipleProperties" time="88.979"/>
  <testcase classname="ApodGUI.ProcessViewlet" name="AddToFavoriteForMultipleProcess" time="32.799"/>
  <testcase classname="ApodGUI.ProcessViewlet" name="ShowObjectAttributesForProcess" time="94.138"/>
  <testcase classname="ApodGUI.ProcessViewlet" name="Logout" time="27.621"/>
</testsuite> <!-- Test Process Viewlet -->
