<?xml version="1.0" encoding="UTF-8"?>
<!-- Generated by org.testng.reporters.JUnitXMLReporter -->
<testsuite ignored="18" hostname="DESKTOP-9QJNAOQ" failures="0" tests="7" name="Test Listener Viewlet" time="530.391" errors="0" timestamp="02 Aug 2022 10:03:23 GMT">
  <testcase classname="ApodGUI.ListenerViewlet" name="Login" time="113.221"/>
  <testcase classname="ApodGUI.ListenerViewlet" name="AddListenerViewlet" time="36.913"/>
  <testcase classname="ApodGUI.ListenerViewlet" name="CreateListenerFromPlusIcon" time="144.984"/>
  <testcase classname="ApodGUI.ListenerViewlet" name="CopyAsFromCommandsForMultiple" time="55.442"/>
  <testcase classname="ApodGUI.ListenerViewlet" name="RenameFromCommandsForMultiple" time="52.684"/>
  <testcase classname="ApodGUI.ListenerViewlet" name="DeleteFromCommandsForMultiple" time="37.873"/>
  <testcase classname="ApodGUI.ListenerViewlet" name="Logout" time="28.579"/>
  <testcase classname="ApodGUI.ListenerViewlet" name="StartListenerForMultiple" time="0.0">
    <ignored/>
  </testcase> <!-- StartListenerForMultiple -->
  <testcase classname="ApodGUI.ListenerViewlet" name="ListenerEvents" time="0.0">
    <ignored/>
  </testcase> <!-- ListenerEvents -->
  <testcase classname="ApodGUI.ListenerViewlet" name="CopyAsFromCommands" time="0.0">
    <ignored/>
  </testcase> <!-- CopyAsFromCommands -->
  <testcase classname="ApodGUI.ListenerViewlet" name="MQSCSnapshot" time="0.0">
    <ignored/>
  </testcase> <!-- MQSCSnapshot -->
  <testcase classname="ApodGUI.ListenerViewlet" name="AddToFavoriteForMultipleListeners" time="0.0">
    <ignored/>
  </testcase> <!-- AddToFavoriteForMultipleListeners -->
  <testcase classname="ApodGUI.ListenerViewlet" name="StopListener" time="0.0">
    <ignored/>
  </testcase> <!-- StopListener -->
  <testcase classname="ApodGUI.ListenerViewlet" name="SaveListenerSnapshot" time="0.0">
    <ignored/>
  </testcase> <!-- SaveListenerSnapshot -->
  <testcase classname="ApodGUI.ListenerViewlet" name="ListenerProperties" time="0.0">
    <ignored/>
  </testcase> <!-- ListenerProperties -->
  <testcase classname="ApodGUI.ListenerViewlet" name="AddToFavoriteViewlet" time="0.0">
    <ignored/>
  </testcase> <!-- AddToFavoriteViewlet -->
  <testcase classname="ApodGUI.ListenerViewlet" name="RenameFromCommands" time="0.0">
    <ignored/>
  </testcase> <!-- RenameFromCommands -->
  <testcase classname="ApodGUI.ListenerViewlet" name="ListenerMultipleProperties" time="0.0">
    <ignored/>
  </testcase> <!-- ListenerMultipleProperties -->
  <testcase classname="ApodGUI.ListenerViewlet" name="StopListenerForMultiple" time="0.0">
    <ignored/>
  </testcase> <!-- StopListenerForMultiple -->
  <testcase classname="ApodGUI.ListenerViewlet" name="CreateListener" time="0.0">
    <ignored/>
  </testcase> <!-- CreateListener -->
  <testcase classname="ApodGUI.ListenerViewlet" name="CompareListeners" time="0.0">
    <ignored/>
  </testcase> <!-- CompareListeners -->
  <testcase classname="ApodGUI.ListenerViewlet" name="StartListener" time="0.0">
    <ignored/>
  </testcase> <!-- StartListener -->
  <testcase classname="ApodGUI.ListenerViewlet" name="DeleteFromCommands" time="0.0">
    <ignored/>
  </testcase> <!-- DeleteFromCommands -->
  <testcase classname="ApodGUI.ListenerViewlet" name="CheckDifferencesForListeners" time="0.0">
    <ignored/>
  </testcase> <!-- CheckDifferencesForListeners -->
  <testcase classname="ApodGUI.ListenerViewlet" name="ShowObjectAttributesForListener" time="0.0">
    <ignored/>
  </testcase> <!-- ShowObjectAttributesForListener -->
</testsuite> <!-- Test Listener Viewlet -->
