<?xml version="1.0" encoding="UTF-8"?>
<!-- Generated by org.testng.reporters.JUnitXMLReporter -->
<testsuite ignored="0" hostname="DESKTOP-9QJNAOQ" failures="0" tests="21" name="Test Process Viewlet" time="1088.683" errors="0" timestamp="02 Feb 2022 10:21:56 GMT">
  <testcase classname="ApodGUI.ProcessViewlet" name="Login" time="46.598"/>
  <testcase classname="ApodGUI.ProcessViewlet" name="AddProcessViewlet" time="36.047"/>
  <testcase classname="ApodGUI.ProcessViewlet" name="CreateProcessFromPlusIcon" time="41.614"/>
  <testcase classname="ApodGUI.ProcessViewlet" name="CopyAsFromCommands" time="53.0"/>
  <testcase classname="ApodGUI.ProcessViewlet" name="RenameFromCommands" time="60.266"/>
  <testcase classname="ApodGUI.ProcessViewlet" name="DeleteFromCommands" time="30.143"/>
  <testcase classname="ApodGUI.ProcessViewlet" name="MQSCSnapshot" time="15.342"/>
  <testcase classname="ApodGUI.ProcessViewlet" name="SaveProcessSnapshot" time="6.349"/>
  <testcase classname="ApodGUI.ProcessViewlet" name="Properties" time="23.159"/>
  <testcase classname="ApodGUI.ProcessViewlet" name="ProcessEvents" time="41.21"/>
  <testcase classname="ApodGUI.ProcessViewlet" name="AddToFavoriteViewlet" time="40.852"/>
  <testcase classname="ApodGUI.ProcessViewlet" name="CreateProcess" time="49.268"/>
  <testcase classname="ApodGUI.ProcessViewlet" name="CompareProcessNames" time="24.402"/>
  <testcase classname="ApodGUI.ProcessViewlet" name="CheckDifferencesForProcess" time="20.341"/>
  <testcase classname="ApodGUI.ProcessViewlet" name="CopyAsFromCommandsForMultipleProcess" time="42.163"/>
  <testcase classname="ApodGUI.ProcessViewlet" name="RenameFromCommandsForMultipleProcess" time="59.191"/>
  <testcase classname="ApodGUI.ProcessViewlet" name="DeleteFromCommandsForMultipleProcess" time="29.448"/>
  <testcase classname="ApodGUI.ProcessViewlet" name="MultipleProperties" time="65.783"/>
  <testcase classname="ApodGUI.ProcessViewlet" name="AddToFavoriteForMultipleProcess" time="25.12"/>
  <testcase classname="ApodGUI.ProcessViewlet" name="ShowObjectAttributesForProcess" time="93.14"/>
  <testcase classname="ApodGUI.ProcessViewlet" name="Logout" time="26.992"/>
</testsuite> <!-- Test Process Viewlet -->
