<?xml version="1.0" encoding="UTF-8"?>
<!-- Generated by org.testng.reporters.JUnitXMLReporter -->
<testsuite ignored="10" hostname="DESKTOP-9QJNAOQ" failures="3" tests="18" name="Test Channel Viewlet" time="1104.783" errors="0" timestamp="09 Aug 2022 09:55:34 GMT">
  <testcase classname="ApodGUI.ChannelViewlet" name="Login" time="141.487"/>
  <testcase classname="ApodGUI.ChannelViewlet" name="ShowChannelStatus" time="23.581"/>
  <testcase classname="ApodGUI.ChannelViewlet" name="CreateChannelFromIcon" time="87.696"/>
  <testcase classname="ApodGUI.ChannelViewlet" name="CopyAsFromCommands" time="60.762"/>
  <testcase classname="ApodGUI.ChannelViewlet" name="RenameFromCommands" time="75.683"/>
  <testcase classname="ApodGUI.ChannelViewlet" name="DeleteChannel" time="63.041">
    <failure type="org.openqa.selenium.NoSuchElementException" message="no such element: Unable to locate element: {&amp;quot;method&amp;quot;:&amp;quot;css selector&amp;quot;,&amp;quot;selector&amp;quot;:&amp;quot;#Channel\ delete\ failed&amp;quot;}
  (Session info: chrome=104.0.5112.81)
For documentation on this error, please visit: https://selenium.dev/exceptions/#no_such_element
Build info: version: &amp;apos;4.0.0&amp;apos;, revision: &amp;apos;3a21814679&amp;apos;
System info: host: &amp;apos;DESKTOP-9QJNAOQ&amp;apos;, ip: &amp;apos;10.1.4.150&amp;apos;, os.name: &amp;apos;Windows 10&amp;apos;, os.arch: &amp;apos;amd64&amp;apos;, os.version: &amp;apos;10.0&amp;apos;, java.version: &amp;apos;11.0.14&amp;apos;
Driver info: org.openqa.selenium.chrome.ChromeDriver
Command: [317c935fb554cf4e8392fe4254bbbbfe, findElement {using=id, value=Channel delete failed}]
Capabilities {acceptInsecureCerts: false, browserName: chrome, browserVersion: 104.0.5112.81, chrome: {chromedriverVersion: 104.0.5112.79 (3cf3e8c8a07d..., userDataDir: C:\Users\Nagaraju\AppData\L...}, goog:chromeOptions: {debuggerAddress: localhost:61429}, javascriptEnabled: true, networkConnectionEnabled: false, pageLoadStrategy: normal, platform: WINDOWS, platformName: WINDOWS, proxy: Proxy(), se:cdp: ws://localhost:61429/devtoo..., se:cdpVersion: 104.0.5112.81, setWindowRect: true, strictFileInteractability: false, timeouts: {implicit: 0, pageLoad: 300000, script: 30000}, unhandledPromptBehavior: dismiss and notify, webauthn:extension:credBlob: true, webauthn:extension:largeBlob: true, webauthn:virtualAuthenticators: true}
Session ID: 317c935fb554cf4e8392fe4254bbbbfe">
      <![CDATA[org.openqa.selenium.NoSuchElementException: no such element: Unable to locate element: {"method":"css selector","selector":"#Channel\ delete\ failed"}
  (Session info: chrome=104.0.5112.81)
For documentation on this error, please visit: https://selenium.dev/exceptions/#no_such_element
Build info: version: '4.0.0', revision: '3a21814679'
System info: host: 'DESKTOP-9QJNAOQ', ip: '10.1.4.150', os.name: 'Windows 10', os.arch: 'amd64', os.version: '10.0', java.version: '11.0.14'
Driver info: org.openqa.selenium.chrome.ChromeDriver
Command: [317c935fb554cf4e8392fe4254bbbbfe, findElement {using=id, value=Channel delete failed}]
Capabilities {acceptInsecureCerts: false, browserName: chrome, browserVersion: 104.0.5112.81, chrome: {chromedriverVersion: 104.0.5112.79 (3cf3e8c8a07d..., userDataDir: C:\Users\Nagaraju\AppData\L...}, goog:chromeOptions: {debuggerAddress: localhost:61429}, javascriptEnabled: true, networkConnectionEnabled: false, pageLoadStrategy: normal, platform: WINDOWS, platformName: WINDOWS, proxy: Proxy(), se:cdp: ws://localhost:61429/devtoo..., se:cdpVersion: 104.0.5112.81, setWindowRect: true, strictFileInteractability: false, timeouts: {implicit: 0, pageLoad: 300000, script: 30000}, unhandledPromptBehavior: dismiss and notify, webauthn:extension:credBlob: true, webauthn:extension:largeBlob: true, webauthn:virtualAuthenticators: true}
Session ID: 317c935fb554cf4e8392fe4254bbbbfe
	at org.openqa.selenium.remote.codec.w3c.W3CHttpResponseCodec.createException(W3CHttpResponseCodec.java:200)
	at org.openqa.selenium.remote.codec.w3c.W3CHttpResponseCodec.decode(W3CHttpResponseCodec.java:133)
	at org.openqa.selenium.remote.codec.w3c.W3CHttpResponseCodec.decode(W3CHttpResponseCodec.java:53)
	at org.openqa.selenium.remote.HttpCommandExecutor.execute(HttpCommandExecutor.java:184)
	at org.openqa.selenium.remote.service.DriverCommandExecutor.invokeExecute(DriverCommandExecutor.java:164)
	at org.openqa.selenium.remote.service.DriverCommandExecutor.execute(DriverCommandExecutor.java:139)
	at org.openqa.selenium.remote.RemoteWebDriver.execute(RemoteWebDriver.java:559)
	at org.openqa.selenium.remote.ElementLocation$ElementFinder$2.findElement(ElementLocation.java:162)
	at org.openqa.selenium.remote.ElementLocation.findElement(ElementLocation.java:60)
	at org.openqa.selenium.remote.RemoteWebDriver.findElement(RemoteWebDriver.java:383)
	at org.openqa.selenium.remote.RemoteWebDriver.findElement(RemoteWebDriver.java:375)
	at ApodGUI.ChannelViewlet.DeleteChannel(ChannelViewlet.java:844)
... Removed 29 stack frames]]>
    </failure>
  </testcase> <!-- DeleteChannel -->
  <testcase classname="ApodGUI.ChannelViewlet" name="MQSCSnapshot" time="17.642"/>
  <testcase classname="ApodGUI.ChannelViewlet" name="SaveChannelSnapshot" time="10.398"/>
  <testcase classname="ApodGUI.ChannelViewlet" name="Properties" time="25.412"/>
  <testcase classname="ApodGUI.ChannelViewlet" name="Events" time="58.861"/>
  <testcase classname="ApodGUI.ChannelViewlet" name="AddToFavorites" time="64.984"/>
  <testcase classname="ApodGUI.ChannelViewlet" name="ComapareChannels" time="20.733"/>
  <testcase classname="ApodGUI.ChannelViewlet" name="CheckDifferencesForChannels" time="25.597"/>
  <testcase classname="ApodGUI.ChannelViewlet" name="ShowChannelStatusForMultiple" time="29.682"/>
  <testcase classname="ApodGUI.ChannelViewlet" name="MultipleProperties" time="104.265"/>
  <testcase classname="ApodGUI.ChannelViewlet" name="AddToFavoriteForMultipleChannels" time="46.984"/>
  <testcase classname="ApodGUI.ChannelViewlet" name="ShowObjectAttributes" time="51.479">
    <failure type="org.openqa.selenium.NoSuchElementException" message="no such element: Unable to locate element: {&amp;quot;method&amp;quot;:&amp;quot;css selector&amp;quot;,&amp;quot;selector&amp;quot;:&amp;quot;#Object\ attributes\ failed&amp;quot;}
  (Session info: chrome=104.0.5112.81)
For documentation on this error, please visit: https://selenium.dev/exceptions/#no_such_element
Build info: version: &amp;apos;4.0.0&amp;apos;, revision: &amp;apos;3a21814679&amp;apos;
System info: host: &amp;apos;DESKTOP-9QJNAOQ&amp;apos;, ip: &amp;apos;10.1.4.150&amp;apos;, os.name: &amp;apos;Windows 10&amp;apos;, os.arch: &amp;apos;amd64&amp;apos;, os.version: &amp;apos;10.0&amp;apos;, java.version: &amp;apos;11.0.14&amp;apos;
Driver info: org.openqa.selenium.chrome.ChromeDriver
Command: [317c935fb554cf4e8392fe4254bbbbfe, findElement {using=id, value=Object attributes failed}]
Capabilities {acceptInsecureCerts: false, browserName: chrome, browserVersion: 104.0.5112.81, chrome: {chromedriverVersion: 104.0.5112.79 (3cf3e8c8a07d..., userDataDir: C:\Users\Nagaraju\AppData\L...}, goog:chromeOptions: {debuggerAddress: localhost:61429}, javascriptEnabled: true, networkConnectionEnabled: false, pageLoadStrategy: normal, platform: WINDOWS, platformName: WINDOWS, proxy: Proxy(), se:cdp: ws://localhost:61429/devtoo..., se:cdpVersion: 104.0.5112.81, setWindowRect: true, strictFileInteractability: false, timeouts: {implicit: 0, pageLoad: 300000, script: 30000}, unhandledPromptBehavior: dismiss and notify, webauthn:extension:credBlob: true, webauthn:extension:largeBlob: true, webauthn:virtualAuthenticators: true}
Session ID: 317c935fb554cf4e8392fe4254bbbbfe">
      <![CDATA[org.openqa.selenium.NoSuchElementException: no such element: Unable to locate element: {"method":"css selector","selector":"#Object\ attributes\ failed"}
  (Session info: chrome=104.0.5112.81)
For documentation on this error, please visit: https://selenium.dev/exceptions/#no_such_element
Build info: version: '4.0.0', revision: '3a21814679'
System info: host: 'DESKTOP-9QJNAOQ', ip: '10.1.4.150', os.name: 'Windows 10', os.arch: 'amd64', os.version: '10.0', java.version: '11.0.14'
Driver info: org.openqa.selenium.chrome.ChromeDriver
Command: [317c935fb554cf4e8392fe4254bbbbfe, findElement {using=id, value=Object attributes failed}]
Capabilities {acceptInsecureCerts: false, browserName: chrome, browserVersion: 104.0.5112.81, chrome: {chromedriverVersion: 104.0.5112.79 (3cf3e8c8a07d..., userDataDir: C:\Users\Nagaraju\AppData\L...}, goog:chromeOptions: {debuggerAddress: localhost:61429}, javascriptEnabled: true, networkConnectionEnabled: false, pageLoadStrategy: normal, platform: WINDOWS, platformName: WINDOWS, proxy: Proxy(), se:cdp: ws://localhost:61429/devtoo..., se:cdpVersion: 104.0.5112.81, setWindowRect: true, strictFileInteractability: false, timeouts: {implicit: 0, pageLoad: 300000, script: 30000}, unhandledPromptBehavior: dismiss and notify, webauthn:extension:credBlob: true, webauthn:extension:largeBlob: true, webauthn:virtualAuthenticators: true}
Session ID: 317c935fb554cf4e8392fe4254bbbbfe
	at org.openqa.selenium.remote.codec.w3c.W3CHttpResponseCodec.createException(W3CHttpResponseCodec.java:200)
	at org.openqa.selenium.remote.codec.w3c.W3CHttpResponseCodec.decode(W3CHttpResponseCodec.java:133)
	at org.openqa.selenium.remote.codec.w3c.W3CHttpResponseCodec.decode(W3CHttpResponseCodec.java:53)
	at org.openqa.selenium.remote.HttpCommandExecutor.execute(HttpCommandExecutor.java:184)
	at org.openqa.selenium.remote.service.DriverCommandExecutor.invokeExecute(DriverCommandExecutor.java:164)
	at org.openqa.selenium.remote.service.DriverCommandExecutor.execute(DriverCommandExecutor.java:139)
	at org.openqa.selenium.remote.RemoteWebDriver.execute(RemoteWebDriver.java:559)
	at org.openqa.selenium.remote.ElementLocation$ElementFinder$2.findElement(ElementLocation.java:162)
	at org.openqa.selenium.remote.ElementLocation.findElement(ElementLocation.java:60)
	at org.openqa.selenium.remote.RemoteWebDriver.findElement(RemoteWebDriver.java:383)
	at org.openqa.selenium.remote.RemoteWebDriver.findElement(RemoteWebDriver.java:375)
	at ApodGUI.ChannelViewlet.ShowObjectAttributes(ChannelViewlet.java:184)
... Removed 29 stack frames]]>
    </failure>
  </testcase> <!-- ShowObjectAttributes -->
  <testcase classname="ApodGUI.ChannelViewlet" name="Logout" time="1.069">
    <failure type="org.openqa.selenium.ElementClickInterceptedException" message="element click intercepted: Element &amp;lt;i _ngcontent-ljn-c5=&amp;quot;&amp;quot; class=&amp;quot;fa fa-cog fa-lg&amp;quot; title=&amp;quot;User Settings&amp;quot;&amp;gt;&amp;lt;/i&amp;gt; is not clickable at point (1362, 21). Other element would receive the click: &amp;lt;ngb-modal-window role=&amp;quot;dialog&amp;quot; tabindex=&amp;quot;-1&amp;quot; class=&amp;quot;modal d-block fade show&amp;quot; aria-modal=&amp;quot;true&amp;quot;&amp;gt;...&amp;lt;/ngb-modal-window&amp;gt;
  (Session info: chrome=104.0.5112.81)
Build info: version: &amp;apos;4.0.0&amp;apos;, revision: &amp;apos;3a21814679&amp;apos;
System info: host: &amp;apos;DESKTOP-9QJNAOQ&amp;apos;, ip: &amp;apos;10.1.4.150&amp;apos;, os.name: &amp;apos;Windows 10&amp;apos;, os.arch: &amp;apos;amd64&amp;apos;, os.version: &amp;apos;10.0&amp;apos;, java.version: &amp;apos;11.0.14&amp;apos;
Driver info: org.openqa.selenium.chrome.ChromeDriver
Command: [317c935fb554cf4e8392fe4254bbbbfe, clickElement {id=90f1285b-b2dd-49b5-b4ee-a6d3f164c0a1}]
Capabilities {acceptInsecureCerts: false, browserName: chrome, browserVersion: 104.0.5112.81, chrome: {chromedriverVersion: 104.0.5112.79 (3cf3e8c8a07d..., userDataDir: C:\Users\Nagaraju\AppData\L...}, goog:chromeOptions: {debuggerAddress: localhost:61429}, javascriptEnabled: true, networkConnectionEnabled: false, pageLoadStrategy: normal, platform: WINDOWS, platformName: WINDOWS, proxy: Proxy(), se:cdp: ws://localhost:61429/devtoo..., se:cdpVersion: 104.0.5112.81, setWindowRect: true, strictFileInteractability: false, timeouts: {implicit: 0, pageLoad: 300000, script: 30000}, unhandledPromptBehavior: dismiss and notify, webauthn:extension:credBlob: true, webauthn:extension:largeBlob: true, webauthn:virtualAuthenticators: true}
Element: [[ChromeDriver: chrome on WINDOWS (317c935fb554cf4e8392fe4254bbbbfe)] -&amp;gt; css selector: .fa-cog]
Session ID: 317c935fb554cf4e8392fe4254bbbbfe">
      <![CDATA[org.openqa.selenium.ElementClickInterceptedException: element click intercepted: Element <i _ngcontent-ljn-c5="" class="fa fa-cog fa-lg" title="User Settings"></i> is not clickable at point (1362, 21). Other element would receive the click: <ngb-modal-window role="dialog" tabindex="-1" class="modal d-block fade show" aria-modal="true">...</ngb-modal-window>
  (Session info: chrome=104.0.5112.81)
Build info: version: '4.0.0', revision: '3a21814679'
System info: host: 'DESKTOP-9QJNAOQ', ip: '10.1.4.150', os.name: 'Windows 10', os.arch: 'amd64', os.version: '10.0', java.version: '11.0.14'
Driver info: org.openqa.selenium.chrome.ChromeDriver
Command: [317c935fb554cf4e8392fe4254bbbbfe, clickElement {id=90f1285b-b2dd-49b5-b4ee-a6d3f164c0a1}]
Capabilities {acceptInsecureCerts: false, browserName: chrome, browserVersion: 104.0.5112.81, chrome: {chromedriverVersion: 104.0.5112.79 (3cf3e8c8a07d..., userDataDir: C:\Users\Nagaraju\AppData\L...}, goog:chromeOptions: {debuggerAddress: localhost:61429}, javascriptEnabled: true, networkConnectionEnabled: false, pageLoadStrategy: normal, platform: WINDOWS, platformName: WINDOWS, proxy: Proxy(), se:cdp: ws://localhost:61429/devtoo..., se:cdpVersion: 104.0.5112.81, setWindowRect: true, strictFileInteractability: false, timeouts: {implicit: 0, pageLoad: 300000, script: 30000}, unhandledPromptBehavior: dismiss and notify, webauthn:extension:credBlob: true, webauthn:extension:largeBlob: true, webauthn:virtualAuthenticators: true}
Element: [[ChromeDriver: chrome on WINDOWS (317c935fb554cf4e8392fe4254bbbbfe)] -> css selector: .fa-cog]
Session ID: 317c935fb554cf4e8392fe4254bbbbfe
	at org.openqa.selenium.remote.codec.w3c.W3CHttpResponseCodec.createException(W3CHttpResponseCodec.java:200)
	at org.openqa.selenium.remote.codec.w3c.W3CHttpResponseCodec.decode(W3CHttpResponseCodec.java:133)
	at org.openqa.selenium.remote.codec.w3c.W3CHttpResponseCodec.decode(W3CHttpResponseCodec.java:53)
	at org.openqa.selenium.remote.HttpCommandExecutor.execute(HttpCommandExecutor.java:184)
	at org.openqa.selenium.remote.service.DriverCommandExecutor.invokeExecute(DriverCommandExecutor.java:164)
	at org.openqa.selenium.remote.service.DriverCommandExecutor.execute(DriverCommandExecutor.java:139)
	at org.openqa.selenium.remote.RemoteWebDriver.execute(RemoteWebDriver.java:559)
	at org.openqa.selenium.remote.RemoteWebElement.execute(RemoteWebElement.java:251)
	at org.openqa.selenium.remote.RemoteWebElement.click(RemoteWebElement.java:77)
	at ApodGUI.ChannelViewlet.Logout(ChannelViewlet.java:1688)
... Removed 29 stack frames]]>
    </failure>
  </testcase> <!-- Logout -->
  <testcase classname="ApodGUI.ChannelViewlet" name="StartChannelFromCommands" time="0.0">
    <ignored/>
  </testcase> <!-- StartChannelFromCommands -->
  <testcase classname="ApodGUI.ChannelViewlet" name="StopMultipleChannelsFromCommands" time="0.0">
    <ignored/>
  </testcase> <!-- StopMultipleChannelsFromCommands -->
  <testcase classname="ApodGUI.ChannelViewlet" name="DeleteMultipleChannels" time="0.0">
    <ignored/>
  </testcase> <!-- DeleteMultipleChannels -->
  <testcase classname="ApodGUI.ChannelViewlet" name="StartMultipleChannelsFromCommands" time="0.0">
    <ignored/>
  </testcase> <!-- StartMultipleChannelsFromCommands -->
  <testcase classname="ApodGUI.ChannelViewlet" name="ResolveChannelFromCommands" time="0.0">
    <ignored/>
  </testcase> <!-- ResolveChannelFromCommands -->
  <testcase classname="ApodGUI.ChannelViewlet" name="RenameMultipleChannels" time="0.0">
    <ignored/>
  </testcase> <!-- RenameMultipleChannels -->
  <testcase classname="ApodGUI.ChannelViewlet" name="CopyAsMultipleChannels" time="0.0">
    <ignored/>
  </testcase> <!-- CopyAsMultipleChannels -->
  <testcase classname="ApodGUI.ChannelViewlet" name="StopChannelFromCommands" time="0.0">
    <ignored/>
  </testcase> <!-- StopChannelFromCommands -->
  <testcase classname="ApodGUI.ChannelViewlet" name="PingChannelFromCommands" time="0.0">
    <ignored/>
  </testcase> <!-- PingChannelFromCommands -->
  <testcase classname="ApodGUI.ChannelViewlet" name="ResetChannelFromCommands" time="0.0">
    <ignored/>
  </testcase> <!-- ResetChannelFromCommands -->
</testsuite> <!-- Test Channel Viewlet -->
