<?xml version="1.0" encoding="UTF-8"?>
<!-- Generated by org.testng.reporters.JUnitXMLReporter -->
<testsuite hostname="DESKTOP-9QJNAOQ" ignored="0" name="Test EMS Queue Viewlet" tests="18" failures="1" timestamp="21 Jan 2022 10:50:43 GMT" time="1047.502" errors="0">
  <testcase name="Login" time="97.161" classname="EMS.EMSQueues"/>
  <testcase name="BrowseMessages" time="20.297" classname="EMS.EMSQueues"/>
  <testcase name="ShowObjectAttributesForQueues" time="34.06" classname="EMS.EMSQueues">
    <failure type="org.openqa.selenium.NoSuchElementException" message="no such element: Unable to locate element: {&amp;quot;method&amp;quot;:&amp;quot;css selector&amp;quot;,&amp;quot;selector&amp;quot;:&amp;quot;#Attributes\ failed&amp;quot;}
  (Session info: chrome=97.0.4692.99)
For documentation on this error, please visit: https://selenium.dev/exceptions/#no_such_element
Build info: version: &amp;apos;4.0.0&amp;apos;, revision: &amp;apos;3a21814679&amp;apos;
System info: host: &amp;apos;DESKTOP-9QJNAOQ&amp;apos;, ip: &amp;apos;192.168.43.213&amp;apos;, os.name: &amp;apos;Windows 10&amp;apos;, os.arch: &amp;apos;amd64&amp;apos;, os.version: &amp;apos;10.0&amp;apos;, java.version: &amp;apos;1.8.0_311&amp;apos;
Driver info: org.openqa.selenium.chrome.ChromeDriver
Command: [924b869f5e2b1312dec9e0fec86f3fa3, findElement {using=id, value=Attributes failed}]
Capabilities {acceptInsecureCerts: false, browserName: chrome, browserVersion: 97.0.4692.99, chrome: {chromedriverVersion: 96.0.4664.45 (76e4c1bb2ab46..., userDataDir: C:\Users\Nagaraju\AppData\L...}, goog:chromeOptions: {debuggerAddress: localhost:49193}, javascriptEnabled: true, networkConnectionEnabled: false, pageLoadStrategy: normal, platform: WINDOWS, platformName: WINDOWS, proxy: Proxy(), se:cdp: ws://localhost:49193/devtoo..., se:cdpVersion: 97.0.4692.99, setWindowRect: true, strictFileInteractability: false, timeouts: {implicit: 0, pageLoad: 300000, script: 30000}, unhandledPromptBehavior: dismiss and notify, webauthn:extension:credBlob: true, webauthn:extension:largeBlob: true, webauthn:virtualAuthenticators: true}
Session ID: 924b869f5e2b1312dec9e0fec86f3fa3">
      <![CDATA[org.openqa.selenium.NoSuchElementException: no such element: Unable to locate element: {"method":"css selector","selector":"#Attributes\ failed"}
  (Session info: chrome=97.0.4692.99)
For documentation on this error, please visit: https://selenium.dev/exceptions/#no_such_element
Build info: version: '4.0.0', revision: '3a21814679'
System info: host: 'DESKTOP-9QJNAOQ', ip: '192.168.43.213', os.name: 'Windows 10', os.arch: 'amd64', os.version: '10.0', java.version: '1.8.0_311'
Driver info: org.openqa.selenium.chrome.ChromeDriver
Command: [924b869f5e2b1312dec9e0fec86f3fa3, findElement {using=id, value=Attributes failed}]
Capabilities {acceptInsecureCerts: false, browserName: chrome, browserVersion: 97.0.4692.99, chrome: {chromedriverVersion: 96.0.4664.45 (76e4c1bb2ab46..., userDataDir: C:\Users\Nagaraju\AppData\L...}, goog:chromeOptions: {debuggerAddress: localhost:49193}, javascriptEnabled: true, networkConnectionEnabled: false, pageLoadStrategy: normal, platform: WINDOWS, platformName: WINDOWS, proxy: Proxy(), se:cdp: ws://localhost:49193/devtoo..., se:cdpVersion: 97.0.4692.99, setWindowRect: true, strictFileInteractability: false, timeouts: {implicit: 0, pageLoad: 300000, script: 30000}, unhandledPromptBehavior: dismiss and notify, webauthn:extension:credBlob: true, webauthn:extension:largeBlob: true, webauthn:virtualAuthenticators: true}
Session ID: 924b869f5e2b1312dec9e0fec86f3fa3
	at org.openqa.selenium.remote.codec.w3c.W3CHttpResponseCodec.createException(W3CHttpResponseCodec.java:200)
	at org.openqa.selenium.remote.codec.w3c.W3CHttpResponseCodec.decode(W3CHttpResponseCodec.java:133)
	at org.openqa.selenium.remote.codec.w3c.W3CHttpResponseCodec.decode(W3CHttpResponseCodec.java:53)
	at org.openqa.selenium.remote.HttpCommandExecutor.execute(HttpCommandExecutor.java:184)
	at org.openqa.selenium.remote.service.DriverCommandExecutor.invokeExecute(DriverCommandExecutor.java:164)
	at org.openqa.selenium.remote.service.DriverCommandExecutor.execute(DriverCommandExecutor.java:139)
	at org.openqa.selenium.remote.RemoteWebDriver.execute(RemoteWebDriver.java:559)
	at org.openqa.selenium.remote.ElementLocation$ElementFinder$2.findElement(ElementLocation.java:162)
	at org.openqa.selenium.remote.ElementLocation.findElement(ElementLocation.java:60)
	at org.openqa.selenium.remote.RemoteWebDriver.findElement(RemoteWebDriver.java:383)
	at org.openqa.selenium.remote.RemoteWebDriver.findElement(RemoteWebDriver.java:375)
	at EMS.EMSQueues.ShowObjectAttributesForQueues(EMSQueues.java:233)
... Removed 29 stack frames]]>
    </failure>
  </testcase> <!-- ShowObjectAttributesForQueues -->
  <testcase name="ShowQueueStatus" time="18.28" classname="EMS.EMSQueues"/>
  <testcase name="CreateQueueFromOptions" time="76.282" classname="EMS.EMSQueues"/>
  <testcase name="CopyAsOptionFromQueueCommands" time="61.699" classname="EMS.EMSQueues"/>
  <testcase name="RenameQueueFromCommandsOption" time="71.931" classname="EMS.EMSQueues"/>
  <testcase name="DeleteoptionFromQueueCommands" time="25.523" classname="EMS.EMSQueues"/>
  <testcase name="QueueProperties" time="33.616" classname="EMS.EMSQueues"/>
  <testcase name="QueueEvents" time="41.289" classname="EMS.EMSQueues"/>
  <testcase name="AddToFavoriteViewlet" time="35.72" classname="EMS.EMSQueues"/>
  <testcase name="CompareQueues" time="24.375" classname="EMS.EMSQueues"/>
  <testcase name="CheckDifferencesForEMSQueues" time="21.41" classname="EMS.EMSQueues"/>
  <testcase name="ShowQueueStatusForMultipleQueues" time="16.752" classname="EMS.EMSQueues"/>
  <testcase name="MultipleQueueProperties" time="101.731" classname="EMS.EMSQueues"/>
  <testcase name="AddToFavoriteForMultipleQueues" time="23.794" classname="EMS.EMSQueues"/>
  <testcase name="AddQueueFromPlusIcon" time="77.484" classname="EMS.EMSQueues"/>
  <testcase name="Logout" time="41.59" classname="EMS.EMSQueues"/>
</testsuite> <!-- Test EMS Queue Viewlet -->
