<?xml version="1.0" encoding="UTF-8"?>
<!-- Generated by org.testng.reporters.JUnitXMLReporter -->
<testsuite hostname="DESKTOP-9QJNAOQ" ignored="12" name="Test Service Viewlet" tests="4" failures="0" timestamp="20 Oct 2021 06:53:47 GMT" time="294.109" errors="0">
  <testcase name="Login" time="43.601" classname="ApodGUI.ServiceViewlet"/>
  <testcase name="AddServiceViewlet" time="37.296" classname="ApodGUI.ServiceViewlet"/>
  <testcase name="ShowObjectAttributesForService" time="153.381" classname="ApodGUI.ServiceViewlet"/>
  <testcase name="Logout" time="27.008" classname="ApodGUI.ServiceViewlet"/>
  <testcase name="SaveServiceSnapshot" time="0.0" classname="ApodGUI.ServiceViewlet">
    <ignored/>
  </testcase> <!-- SaveServiceSnapshot -->
  <testcase name="DeleteFromCommands" time="0.0" classname="ApodGUI.ServiceViewlet">
    <ignored/>
  </testcase> <!-- DeleteFromCommands -->
  <testcase name="ServiceEvents" time="0.0" classname="ApodGUI.ServiceViewlet">
    <ignored/>
  </testcase> <!-- ServiceEvents -->
  <testcase name="CopyAsFromCommands" time="0.0" classname="ApodGUI.ServiceViewlet">
    <ignored/>
  </testcase> <!-- CopyAsFromCommands -->
  <testcase name="CompareServiceNames" time="0.0" classname="ApodGUI.ServiceViewlet">
    <ignored/>
  </testcase> <!-- CompareServiceNames -->
  <testcase name="CreateServiceFromPlusIcon" time="0.0" classname="ApodGUI.ServiceViewlet">
    <ignored/>
  </testcase> <!-- CreateServiceFromPlusIcon -->
  <testcase name="RenameFromCommands" time="0.0" classname="ApodGUI.ServiceViewlet">
    <ignored/>
  </testcase> <!-- RenameFromCommands -->
  <testcase name="MQSCSnapshot" time="0.0" classname="ApodGUI.ServiceViewlet">
    <ignored/>
  </testcase> <!-- MQSCSnapshot -->
  <testcase name="AddToFavoriteForMultipleServices" time="0.0" classname="ApodGUI.ServiceViewlet">
    <ignored/>
  </testcase> <!-- AddToFavoriteForMultipleServices -->
  <testcase name="CheckDifferencesForServices" time="0.0" classname="ApodGUI.ServiceViewlet">
    <ignored/>
  </testcase> <!-- CheckDifferencesForServices -->
  <testcase name="AddToFavoriteViewlet" time="0.0" classname="ApodGUI.ServiceViewlet">
    <ignored/>
  </testcase> <!-- AddToFavoriteViewlet -->
  <testcase name="ServiceProperties" time="0.0" classname="ApodGUI.ServiceViewlet">
    <ignored/>
  </testcase> <!-- ServiceProperties -->
</testsuite> <!-- Test Service Viewlet -->
