<?xml version="1.0" encoding="UTF-8"?>
<!-- Generated by org.testng.reporters.JUnitXMLReporter -->
<testsuite ignored="1" hostname="DESKTOP-9QJNAOQ" failures="0" tests="12" name="Test Auth Info Viewlet" time="508.602" errors="0" timestamp="11 Mar 2022 09:56:08 GMT">
  <testcase classname="ApodGUI.AuthorizationInfoViewlet" name="Login" time="43.344"/>
  <testcase classname="ApodGUI.AuthorizationInfoViewlet" name="AddAuthInfoViewlet" time="42.934"/>
  <testcase classname="ApodGUI.AuthorizationInfoViewlet" name="PropertieOfAuthInfo" time="14.352"/>
  <testcase classname="ApodGUI.AuthorizationInfoViewlet" name="MQSCSnapshot" time="17.71"/>
  <testcase classname="ApodGUI.AuthorizationInfoViewlet" name="SaveAuthinfoSnapshot" time="6.279"/>
  <testcase classname="ApodGUI.AuthorizationInfoViewlet" name="AuthInfoEvents" time="51.444"/>
  <testcase classname="ApodGUI.AuthorizationInfoViewlet" name="AddToFavoriteViewlet" time="34.135"/>
  <testcase classname="ApodGUI.AuthorizationInfoViewlet" name="CompareAuthInfo" time="25.375"/>
  <testcase classname="ApodGUI.AuthorizationInfoViewlet" name="CheckDifferencesForAuthInfos" time="20.683"/>
  <testcase classname="ApodGUI.AuthorizationInfoViewlet" name="AddToFavoriteForMultipleAuthInfo" time="25.304"/>
  <testcase classname="ApodGUI.AuthorizationInfoViewlet" name="ShowObjectAttributesForAuthInfo" time="60.509"/>
  <testcase classname="ApodGUI.AuthorizationInfoViewlet" name="Logout" time="27.178"/>
  <testcase classname="ApodGUI.AuthorizationInfoViewlet" name="CreateAuthInfoFromPlusIcon" time="0.0">
    <ignored/>
  </testcase> <!-- CreateAuthInfoFromPlusIcon -->
</testsuite> <!-- Test Auth Info Viewlet -->
