<?xml version="1.0" encoding="UTF-8"?>
<!-- Generated by org.testng.reporters.JUnitXMLReporter -->
<testsuite ignored="4" hostname="DESKTOP-9QJNAOQ" failures="1" tests="21" name="Test Listener Viewlet" time="1284.096" errors="0" timestamp="17 Feb 2022 12:55:11 GMT">
  <testcase classname="ApodGUI.ListenerViewlet" name="Login" time="66.965"/>
  <testcase classname="ApodGUI.ListenerViewlet" name="AddListenerViewlet" time="37.269"/>
  <testcase classname="ApodGUI.ListenerViewlet" name="CreateListener" time="43.72"/>
  <testcase classname="ApodGUI.ListenerViewlet" name="CopyAsFromCommands" time="55.795"/>
  <testcase classname="ApodGUI.ListenerViewlet" name="RenameFromCommands" time="63.347"/>
  <testcase classname="ApodGUI.ListenerViewlet" name="DeleteFromCommands" time="35.503"/>
  <testcase classname="ApodGUI.ListenerViewlet" name="MQSCSnapshot" time="17.814"/>
  <testcase classname="ApodGUI.ListenerViewlet" name="SaveListenerSnapshot" time="10.353"/>
  <testcase classname="ApodGUI.ListenerViewlet" name="ListenerProperties" time="41.629"/>
  <testcase classname="ApodGUI.ListenerViewlet" name="ListenerEvents" time="41.488"/>
  <testcase classname="ApodGUI.ListenerViewlet" name="AddToFavoriteViewlet" time="60.728"/>
  <testcase classname="ApodGUI.ListenerViewlet" name="CompareListeners" time="25.528"/>
  <testcase classname="ApodGUI.ListenerViewlet" name="CheckDifferencesForListeners" time="21.805"/>
  <testcase classname="ApodGUI.ListenerViewlet" name="CreateListenerFromPlusIcon" time="138.091"/>
  <testcase classname="ApodGUI.ListenerViewlet" name="CopyAsFromCommandsForMultiple" time="56.844"/>
  <testcase classname="ApodGUI.ListenerViewlet" name="RenameFromCommandsForMultiple" time="25.524">
    <failure type="org.openqa.selenium.NoSuchElementException" message="no such element: Unable to locate element: {&amp;quot;method&amp;quot;:&amp;quot;link text&amp;quot;,&amp;quot;selector&amp;quot;:&amp;quot;Rename&amp;quot;}
  (Session info: chrome=98.0.4758.102)
For documentation on this error, please visit: https://selenium.dev/exceptions/#no_such_element
Build info: version: &amp;apos;4.0.0&amp;apos;, revision: &amp;apos;3a21814679&amp;apos;
System info: host: &amp;apos;DESKTOP-9QJNAOQ&amp;apos;, ip: &amp;apos;192.168.43.213&amp;apos;, os.name: &amp;apos;Windows 10&amp;apos;, os.arch: &amp;apos;amd64&amp;apos;, os.version: &amp;apos;10.0&amp;apos;, java.version: &amp;apos;11.0.14&amp;apos;
Driver info: org.openqa.selenium.chrome.ChromeDriver
Command: [1a16aa979eaef381d0e900a1dbca413a, findElement {using=link text, value=Rename}]
Capabilities {acceptInsecureCerts: false, browserName: chrome, browserVersion: 98.0.4758.102, chrome: {chromedriverVersion: 98.0.4758.80 (7f0488e8ba0d8..., userDataDir: C:\Users\Nagaraju\AppData\L...}, goog:chromeOptions: {debuggerAddress: localhost:50525}, javascriptEnabled: true, networkConnectionEnabled: false, pageLoadStrategy: normal, platform: WINDOWS, platformName: WINDOWS, proxy: Proxy(), se:cdp: ws://localhost:50525/devtoo..., se:cdpVersion: 98.0.4758.102, setWindowRect: true, strictFileInteractability: false, timeouts: {implicit: 0, pageLoad: 300000, script: 30000}, unhandledPromptBehavior: dismiss and notify, webauthn:extension:credBlob: true, webauthn:extension:largeBlob: true, webauthn:virtualAuthenticators: true}
Session ID: 1a16aa979eaef381d0e900a1dbca413a">
      <![CDATA[org.openqa.selenium.NoSuchElementException: no such element: Unable to locate element: {"method":"link text","selector":"Rename"}
  (Session info: chrome=98.0.4758.102)
For documentation on this error, please visit: https://selenium.dev/exceptions/#no_such_element
Build info: version: '4.0.0', revision: '3a21814679'
System info: host: 'DESKTOP-9QJNAOQ', ip: '192.168.43.213', os.name: 'Windows 10', os.arch: 'amd64', os.version: '10.0', java.version: '11.0.14'
Driver info: org.openqa.selenium.chrome.ChromeDriver
Command: [1a16aa979eaef381d0e900a1dbca413a, findElement {using=link text, value=Rename}]
Capabilities {acceptInsecureCerts: false, browserName: chrome, browserVersion: 98.0.4758.102, chrome: {chromedriverVersion: 98.0.4758.80 (7f0488e8ba0d8..., userDataDir: C:\Users\Nagaraju\AppData\L...}, goog:chromeOptions: {debuggerAddress: localhost:50525}, javascriptEnabled: true, networkConnectionEnabled: false, pageLoadStrategy: normal, platform: WINDOWS, platformName: WINDOWS, proxy: Proxy(), se:cdp: ws://localhost:50525/devtoo..., se:cdpVersion: 98.0.4758.102, setWindowRect: true, strictFileInteractability: false, timeouts: {implicit: 0, pageLoad: 300000, script: 30000}, unhandledPromptBehavior: dismiss and notify, webauthn:extension:credBlob: true, webauthn:extension:largeBlob: true, webauthn:virtualAuthenticators: true}
Session ID: 1a16aa979eaef381d0e900a1dbca413a
	at org.openqa.selenium.remote.codec.w3c.W3CHttpResponseCodec.createException(W3CHttpResponseCodec.java:200)
	at org.openqa.selenium.remote.codec.w3c.W3CHttpResponseCodec.decode(W3CHttpResponseCodec.java:133)
	at org.openqa.selenium.remote.codec.w3c.W3CHttpResponseCodec.decode(W3CHttpResponseCodec.java:53)
	at org.openqa.selenium.remote.HttpCommandExecutor.execute(HttpCommandExecutor.java:184)
	at org.openqa.selenium.remote.service.DriverCommandExecutor.invokeExecute(DriverCommandExecutor.java:164)
	at org.openqa.selenium.remote.service.DriverCommandExecutor.execute(DriverCommandExecutor.java:139)
	at org.openqa.selenium.remote.RemoteWebDriver.execute(RemoteWebDriver.java:559)
	at org.openqa.selenium.remote.ElementLocation$ElementFinder$2.findElement(ElementLocation.java:162)
	at org.openqa.selenium.remote.ElementLocation.findElement(ElementLocation.java:60)
	at org.openqa.selenium.remote.RemoteWebDriver.findElement(RemoteWebDriver.java:383)
	at org.openqa.selenium.remote.RemoteWebDriver.findElement(RemoteWebDriver.java:375)
	at ApodGUI.ListenerViewlet.RenameFromCommandsForMultiple(ListenerViewlet.java:1161)
... Removed 29 stack frames]]>
    </failure>
  </testcase> <!-- RenameFromCommandsForMultiple -->
  <testcase classname="ApodGUI.ListenerViewlet" name="DeleteFromCommandsForMultiple" time="0.0">
    <skipped/>
  </testcase> <!-- DeleteFromCommandsForMultiple -->
  <testcase classname="ApodGUI.ListenerViewlet" name="ListenerMultipleProperties" time="99.459"/>
  <testcase classname="ApodGUI.ListenerViewlet" name="AddToFavoriteForMultipleListeners" time="34.088"/>
  <testcase classname="ApodGUI.ListenerViewlet" name="ShowObjectAttributesForListener" time="134.036"/>
  <testcase classname="ApodGUI.ListenerViewlet" name="Logout" time="27.193"/>
  <testcase classname="ApodGUI.ListenerViewlet" name="StartListenerForMultiple" time="0.0">
    <ignored/>
  </testcase> <!-- StartListenerForMultiple -->
  <testcase classname="ApodGUI.ListenerViewlet" name="StopListenerForMultiple" time="0.0">
    <ignored/>
  </testcase> <!-- StopListenerForMultiple -->
  <testcase classname="ApodGUI.ListenerViewlet" name="StartListener" time="0.0">
    <ignored/>
  </testcase> <!-- StartListener -->
  <testcase classname="ApodGUI.ListenerViewlet" name="StopListener" time="0.0">
    <ignored/>
  </testcase> <!-- StopListener -->
</testsuite> <!-- Test Listener Viewlet -->
