<?xml version="1.0" encoding="UTF-8"?>
<!-- Generated by org.testng.reporters.JUnitXMLReporter -->
<testsuite ignored="1" hostname="DESKTOP-9QJNAOQ" failures="0" tests="12" name="Test Auth Info Viewlet" time="608.801" errors="0" timestamp="17 Feb 2022 14:04:41 GMT">
  <testcase classname="ApodGUI.AuthorizationInfoViewlet" name="Login" time="59.49"/>
  <testcase classname="ApodGUI.AuthorizationInfoViewlet" name="AddAuthInfoViewlet" time="45.928"/>
  <testcase classname="ApodGUI.AuthorizationInfoViewlet" name="PropertieOfAuthInfo" time="23.866"/>
  <testcase classname="ApodGUI.AuthorizationInfoViewlet" name="MQSCSnapshot" time="21.575"/>
  <testcase classname="ApodGUI.AuthorizationInfoViewlet" name="SaveAuthinfoSnapshot" time="10.311"/>
  <testcase classname="ApodGUI.AuthorizationInfoViewlet" name="AuthInfoEvents" time="51.367"/>
  <testcase classname="ApodGUI.AuthorizationInfoViewlet" name="AddToFavoriteViewlet" time="50.43"/>
  <testcase classname="ApodGUI.AuthorizationInfoViewlet" name="CompareAuthInfo" time="47.612"/>
  <testcase classname="ApodGUI.AuthorizationInfoViewlet" name="CheckDifferencesForAuthInfos" time="36.726"/>
  <testcase classname="ApodGUI.AuthorizationInfoViewlet" name="AddToFavoriteForMultipleAuthInfo" time="35.839"/>
  <testcase classname="ApodGUI.AuthorizationInfoViewlet" name="ShowObjectAttributesForAuthInfo" time="60.534"/>
  <testcase classname="ApodGUI.AuthorizationInfoViewlet" name="Logout" time="27.176"/>
  <testcase classname="ApodGUI.AuthorizationInfoViewlet" name="CreateAuthInfoFromPlusIcon" time="0.0">
    <ignored/>
  </testcase> <!-- CreateAuthInfoFromPlusIcon -->
</testsuite> <!-- Test Auth Info Viewlet -->
