<?xml version="1.0" encoding="UTF-8"?>
<!-- Generated by org.testng.reporters.JUnitXMLReporter -->
<testsuite ignored="1" hostname="DESKTOP-K4AEKHO" failures="0" tests="15" name="Test Service Viewlet" time="1015.095" errors="0" timestamp="2023-09-06T13:09:18 IST">
  <testcase classname="ApodGUI.ServiceViewlet" name="Login" time="134.314"/>
  <testcase classname="ApodGUI.ServiceViewlet" name="AddServiceViewlet" time="45.84"/>
  <testcase classname="ApodGUI.ServiceViewlet" name="CreateServiceFromPlusIcon" time="124.106"/>
  <testcase classname="ApodGUI.ServiceViewlet" name="CopyAsFromCommands" time="117.46"/>
  <testcase classname="ApodGUI.ServiceViewlet" name="RenameFromCommands" time="130.884"/>
  <testcase classname="ApodGUI.ServiceViewlet" name="DeleteFromCommands" time="56.435"/>
  <testcase classname="ApodGUI.ServiceViewlet" name="MQSCSnapshot" time="26.99"/>
  <testcase classname="ApodGUI.ServiceViewlet" name="SaveServiceSnapshot" time="23.304"/>
  <testcase classname="ApodGUI.ServiceViewlet" name="ServiceProperties" time="30.469"/>
  <testcase classname="ApodGUI.ServiceViewlet" name="ServiceEvents" time="46.532"/>
  <testcase classname="ApodGUI.ServiceViewlet" name="AddToFavoriteViewlet" time="118.363"/>
  <testcase classname="ApodGUI.ServiceViewlet" name="CompareServiceNames" time="25.969"/>
  <testcase classname="ApodGUI.ServiceViewlet" name="CheckDifferencesForServices" time="21.771"/>
  <testcase classname="ApodGUI.ServiceViewlet" name="AddToFavoriteForMultipleServices" time="60.646"/>
  <testcase classname="ApodGUI.ServiceViewlet" name="Logout" time="26.653"/>
  <testcase classname="ApodGUI.ServiceViewlet" name="ShowObjectAttributesForService" time="0.0">
    <ignored/>
  </testcase> <!-- ShowObjectAttributesForService -->
</testsuite> <!-- Test Service Viewlet -->
