<?xml version="1.0" encoding="UTF-8"?>
<!-- Generated by org.testng.reporters.JUnitXMLReporter -->
<testsuite ignored="15" hostname="DESKTOP-9QJNAOQ" failures="0" tests="11" name="Test Queue Viewlet" time="702.569" errors="0" timestamp="01 Feb 2022 15:14:50 GMT">
  <testcase classname="ApodGUI.QueuesViewlet" name="Login" time="185.17"/>
  <testcase classname="ApodGUI.QueuesViewlet" name="InhibitGetFromCommands" time="75.896"/>
  <testcase classname="ApodGUI.QueuesViewlet" name="InhibitPutFromCommands" time="84.583"/>
  <testcase classname="ApodGUI.QueuesViewlet" name="MQSCSnapshot" time="19.699"/>
  <testcase classname="ApodGUI.QueuesViewlet" name="SaveMQSCSnapshot" time="27.811"/>
  <testcase classname="ApodGUI.QueuesViewlet" name="QueueProperties" time="21.274"/>
  <testcase classname="ApodGUI.QueuesViewlet" name="QueueEvents" time="53.943"/>
  <testcase classname="ApodGUI.QueuesViewlet" name="AddToFavoriteViewlet" time="37.973"/>
  <testcase classname="ApodGUI.QueuesViewlet" name="AddToFavoriteForMultipleQueues" time="31.951"/>
  <testcase classname="ApodGUI.QueuesViewlet" name="SearchFilter" time="4.557"/>
  <testcase classname="ApodGUI.QueuesViewlet" name="Logout" time="35.124"/>
  <testcase classname="ApodGUI.QueuesViewlet" name="RenameForMultipleQueues" time="0.0">
    <ignored/>
  </testcase> <!-- RenameForMultipleQueues -->
  <testcase classname="ApodGUI.QueuesViewlet" name="AddQueueFromPlusIcon" time="0.0">
    <ignored/>
  </testcase> <!-- AddQueueFromPlusIcon -->
  <testcase classname="ApodGUI.QueuesViewlet" name="MultipleQueueProperties" time="0.0">
    <ignored/>
  </testcase> <!-- MultipleQueueProperties -->
  <testcase classname="ApodGUI.QueuesViewlet" name="CheckDifferencesForQueues" time="0.0">
    <ignored/>
  </testcase> <!-- CheckDifferencesForQueues -->
  <testcase classname="ApodGUI.QueuesViewlet" name="CopyAsForMultipleQueues" time="0.0">
    <ignored/>
  </testcase> <!-- CopyAsForMultipleQueues -->
  <testcase classname="ApodGUI.QueuesViewlet" name="CreateQueueFromOptions" time="0.0">
    <ignored/>
  </testcase> <!-- CreateQueueFromOptions -->
  <testcase classname="ApodGUI.QueuesViewlet" name="DeleteMultipleQueues" time="0.0">
    <ignored/>
  </testcase> <!-- DeleteMultipleQueues -->
  <testcase classname="ApodGUI.QueuesViewlet" name="DeleteQueueFromCommandsOption" time="0.0">
    <ignored/>
  </testcase> <!-- DeleteQueueFromCommandsOption -->
  <testcase classname="ApodGUI.QueuesViewlet" name="RenameQueueFromCommandsOption" time="0.0">
    <ignored/>
  </testcase> <!-- RenameQueueFromCommandsOption -->
  <testcase classname="ApodGUI.QueuesViewlet" name="ShowQueueStatusForMultipleQueues" time="0.0">
    <ignored/>
  </testcase> <!-- ShowQueueStatusForMultipleQueues -->
  <testcase classname="ApodGUI.QueuesViewlet" name="ShowObjectAttributesForQueues" time="0.0">
    <ignored/>
  </testcase> <!-- ShowObjectAttributesForQueues -->
  <testcase classname="ApodGUI.QueuesViewlet" name="CompareQueues" time="0.0">
    <ignored/>
  </testcase> <!-- CompareQueues -->
  <testcase classname="ApodGUI.QueuesViewlet" name="ShowQueueStatus" time="0.0">
    <ignored/>
  </testcase> <!-- ShowQueueStatus -->
  <testcase classname="ApodGUI.QueuesViewlet" name="BrowseMessages" time="0.0">
    <ignored/>
  </testcase> <!-- BrowseMessages -->
  <testcase classname="ApodGUI.QueuesViewlet" name="CopyAsQueueCommands" time="0.0">
    <ignored/>
  </testcase> <!-- CopyAsQueueCommands -->
</testsuite> <!-- Test Queue Viewlet -->
