<?xml version="1.0" encoding="UTF-8"?>
<!-- Generated by org.testng.reporters.JUnitXMLReporter -->
<testsuite ignored="0" hostname="DESKTOP-9QJNAOQ" failures="0" tests="21" name="Test Process Viewlet" time="1091.257" errors="0" timestamp="11 Mar 2022 12:00:20 GMT">
  <testcase classname="ApodGUI.ProcessViewlet" name="Login" time="46.071"/>
  <testcase classname="ApodGUI.ProcessViewlet" name="AddProcessViewlet" time="35.738"/>
  <testcase classname="ApodGUI.ProcessViewlet" name="CreateProcessFromPlusIcon" time="36.782"/>
  <testcase classname="ApodGUI.ProcessViewlet" name="CopyAsFromCommands" time="52.412"/>
  <testcase classname="ApodGUI.ProcessViewlet" name="RenameFromCommands" time="60.556"/>
  <testcase classname="ApodGUI.ProcessViewlet" name="DeleteFromCommands" time="30.246"/>
  <testcase classname="ApodGUI.ProcessViewlet" name="MQSCSnapshot" time="15.164"/>
  <testcase classname="ApodGUI.ProcessViewlet" name="SaveProcessSnapshot" time="6.305"/>
  <testcase classname="ApodGUI.ProcessViewlet" name="Properties" time="23.088"/>
  <testcase classname="ApodGUI.ProcessViewlet" name="ProcessEvents" time="53.555"/>
  <testcase classname="ApodGUI.ProcessViewlet" name="AddToFavoriteViewlet" time="40.512"/>
  <testcase classname="ApodGUI.ProcessViewlet" name="CreateProcess" time="49.254"/>
  <testcase classname="ApodGUI.ProcessViewlet" name="CompareProcessNames" time="24.706"/>
  <testcase classname="ApodGUI.ProcessViewlet" name="CheckDifferencesForProcess" time="20.28"/>
  <testcase classname="ApodGUI.ProcessViewlet" name="CopyAsFromCommandsForMultipleProcess" time="41.126"/>
  <testcase classname="ApodGUI.ProcessViewlet" name="RenameFromCommandsForMultipleProcess" time="58.177"/>
  <testcase classname="ApodGUI.ProcessViewlet" name="DeleteFromCommandsForMultipleProcess" time="29.423"/>
  <testcase classname="ApodGUI.ProcessViewlet" name="MultipleProperties" time="65.672"/>
  <testcase classname="ApodGUI.ProcessViewlet" name="AddToFavoriteForMultipleProcess" time="24.99"/>
  <testcase classname="ApodGUI.ProcessViewlet" name="ShowObjectAttributesForProcess" time="92.395"/>
  <testcase classname="ApodGUI.ProcessViewlet" name="Logout" time="26.642"/>
</testsuite> <!-- Test Process Viewlet -->
