<?xml version="1.0" encoding="UTF-8"?>
<!-- Generated by org.testng.reporters.JUnitXMLReporter -->
<testsuite ignored="1" hostname="DESKTOP-9QJNAOQ" failures="2" tests="30" name="WorkGroup server Viewlet" time="1313.498" errors="0" timestamp="16 May 2022 13:28:52 GMT">
  <testcase classname="ApodGUI.WorkgroupServer" name="Login" time="35.205"/>
  <testcase classname="ApodGUI.WorkgroupServer" name="ShowTopology" time="50.746"/>
  <testcase classname="ApodGUI.WorkgroupServer" name="DefaultConnection" time="46.482"/>
  <testcase classname="ApodGUI.WorkgroupServer" name="WGSProperties" time="21.095"/>
  <testcase classname="ApodGUI.WorkgroupServer" name="AddNode" time="32.881"/>
  <testcase classname="ApodGUI.WorkgroupServer" name="AddRemoteQueueManager" time="25.303"/>
  <testcase classname="ApodGUI.WorkgroupServer" name="ModifyRemoteQueueManager" time="27.524"/>
  <testcase classname="ApodGUI.WorkgroupServer" name="DeleteRemoteQueueManager" time="28.31"/>
  <testcase classname="ApodGUI.WorkgroupServer" name="AddRemoteEMSManager" time="26.329"/>
  <testcase classname="ApodGUI.WorkgroupServer" name="ModifyRemoteEMSServer" time="7.137"/>
  <testcase classname="ApodGUI.WorkgroupServer" name="DeleteRemoteEMSServer" time="11.672"/>
  <testcase classname="ApodGUI.WorkgroupServer" name="AddRemoteKafkaManager" time="32.394"/>
  <testcase classname="ApodGUI.WorkgroupServer" name="ModifyRemoteKafkaManager" time="25.645"/>
  <testcase classname="ApodGUI.WorkgroupServer" name="CopyAsRemoteKafkaManager" time="23.8"/>
  <testcase classname="ApodGUI.WorkgroupServer" name="DeleteRemoteKafkaManager" time="22.068"/>
  <testcase classname="ApodGUI.WorkgroupServer" name="AddRemoteIIBORACEManagerConnection" time="30.886"/>
  <testcase classname="ApodGUI.WorkgroupServer" name="ModifyIIBOrACEManagerConnection" time="27.695"/>
  <testcase classname="ApodGUI.WorkgroupServer" name="DeleteIIBOrACEConnectionManager" time="28.021"/>
  <testcase classname="ApodGUI.WorkgroupServer" name="AddRemoteSolaceManager" time="26.627"/>
  <testcase classname="ApodGUI.WorkgroupServer" name="ModifyRemoteSolaceServer" time="7.483"/>
  <testcase classname="ApodGUI.WorkgroupServer" name="DeleteRemoteSolaceServer" time="11.721"/>
  <testcase classname="ApodGUI.WorkgroupServer" name="AddWGSConnection" time="26.819"/>
  <testcase classname="ApodGUI.WorkgroupServer" name="ModifyWGSConnection" time="21.268"/>
  <testcase classname="ApodGUI.WorkgroupServer" name="DeleteWGSConnection" time="15.003"/>
  <testcase classname="ApodGUI.WorkgroupServer" name="AddWorkgroupFromPlusIcon" time="53.785"/>
  <testcase classname="ApodGUI.WorkgroupServer" name="EditWorkgroup" time="30.43"/>
  <testcase classname="ApodGUI.WorkgroupServer" name="DeleteWorkgroup" time="25.619"/>
  <testcase classname="ApodGUI.WorkgroupServer" name="SearchFilter" time="8.539"/>
  <testcase classname="ApodGUI.WorkgroupServer" name="ShowObjectAttributes" time="198.221">
    <failure type="org.openqa.selenium.NoSuchElementException" message="no such element: Unable to locate element: {&amp;quot;method&amp;quot;:&amp;quot;css selector&amp;quot;,&amp;quot;selector&amp;quot;:&amp;quot;#Difference\ failed&amp;quot;}
  (Session info: chrome=101.0.4951.54)
For documentation on this error, please visit: https://selenium.dev/exceptions/#no_such_element
Build info: version: &amp;apos;4.0.0&amp;apos;, revision: &amp;apos;3a21814679&amp;apos;
System info: host: &amp;apos;DESKTOP-9QJNAOQ&amp;apos;, ip: &amp;apos;192.168.43.213&amp;apos;, os.name: &amp;apos;Windows 10&amp;apos;, os.arch: &amp;apos;amd64&amp;apos;, os.version: &amp;apos;10.0&amp;apos;, java.version: &amp;apos;11.0.14&amp;apos;
Driver info: org.openqa.selenium.chrome.ChromeDriver
Command: [10d279cc1ef9bef5906a1aad6372d756, findElement {using=id, value=Difference failed}]
Capabilities {acceptInsecureCerts: false, browserName: chrome, browserVersion: 101.0.4951.54, chrome: {chromedriverVersion: 100.0.4896.60 (6a5d10861ce8..., userDataDir: C:\Users\Nagaraju\AppData\L...}, goog:chromeOptions: {debuggerAddress: localhost:57427}, javascriptEnabled: true, networkConnectionEnabled: false, pageLoadStrategy: normal, platform: WINDOWS, platformName: WINDOWS, proxy: Proxy(), se:cdp: ws://localhost:57427/devtoo..., se:cdpVersion: 101.0.4951.54, setWindowRect: true, strictFileInteractability: false, timeouts: {implicit: 0, pageLoad: 300000, script: 30000}, unhandledPromptBehavior: dismiss and notify, webauthn:extension:credBlob: true, webauthn:extension:largeBlob: true, webauthn:virtualAuthenticators: true}
Session ID: 10d279cc1ef9bef5906a1aad6372d756">
      <![CDATA[org.openqa.selenium.NoSuchElementException: no such element: Unable to locate element: {"method":"css selector","selector":"#Difference\ failed"}
  (Session info: chrome=101.0.4951.54)
For documentation on this error, please visit: https://selenium.dev/exceptions/#no_such_element
Build info: version: '4.0.0', revision: '3a21814679'
System info: host: 'DESKTOP-9QJNAOQ', ip: '192.168.43.213', os.name: 'Windows 10', os.arch: 'amd64', os.version: '10.0', java.version: '11.0.14'
Driver info: org.openqa.selenium.chrome.ChromeDriver
Command: [10d279cc1ef9bef5906a1aad6372d756, findElement {using=id, value=Difference failed}]
Capabilities {acceptInsecureCerts: false, browserName: chrome, browserVersion: 101.0.4951.54, chrome: {chromedriverVersion: 100.0.4896.60 (6a5d10861ce8..., userDataDir: C:\Users\Nagaraju\AppData\L...}, goog:chromeOptions: {debuggerAddress: localhost:57427}, javascriptEnabled: true, networkConnectionEnabled: false, pageLoadStrategy: normal, platform: WINDOWS, platformName: WINDOWS, proxy: Proxy(), se:cdp: ws://localhost:57427/devtoo..., se:cdpVersion: 101.0.4951.54, setWindowRect: true, strictFileInteractability: false, timeouts: {implicit: 0, pageLoad: 300000, script: 30000}, unhandledPromptBehavior: dismiss and notify, webauthn:extension:credBlob: true, webauthn:extension:largeBlob: true, webauthn:virtualAuthenticators: true}
Session ID: 10d279cc1ef9bef5906a1aad6372d756
	at org.openqa.selenium.remote.codec.w3c.W3CHttpResponseCodec.createException(W3CHttpResponseCodec.java:200)
	at org.openqa.selenium.remote.codec.w3c.W3CHttpResponseCodec.decode(W3CHttpResponseCodec.java:133)
	at org.openqa.selenium.remote.codec.w3c.W3CHttpResponseCodec.decode(W3CHttpResponseCodec.java:53)
	at org.openqa.selenium.remote.HttpCommandExecutor.execute(HttpCommandExecutor.java:184)
	at org.openqa.selenium.remote.service.DriverCommandExecutor.invokeExecute(DriverCommandExecutor.java:164)
	at org.openqa.selenium.remote.service.DriverCommandExecutor.execute(DriverCommandExecutor.java:139)
	at org.openqa.selenium.remote.RemoteWebDriver.execute(RemoteWebDriver.java:559)
	at org.openqa.selenium.remote.ElementLocation$ElementFinder$2.findElement(ElementLocation.java:162)
	at org.openqa.selenium.remote.ElementLocation.findElement(ElementLocation.java:60)
	at org.openqa.selenium.remote.RemoteWebDriver.findElement(RemoteWebDriver.java:383)
	at org.openqa.selenium.remote.RemoteWebDriver.findElement(RemoteWebDriver.java:375)
	at ApodGUI.WorkgroupServer.ShowObjectAttributes(WorkgroupServer.java:389)
... Removed 29 stack frames]]>
    </failure>
  </testcase> <!-- ShowObjectAttributes -->
  <testcase classname="ApodGUI.WorkgroupServer" name="Logout" time="11.128">
    <failure type="org.openqa.selenium.NoSuchElementException" message="no such element: Unable to locate element: {&amp;quot;method&amp;quot;:&amp;quot;xpath&amp;quot;,&amp;quot;selector&amp;quot;:&amp;quot;//button[contains(.,&amp;apos;Close&amp;apos;)]&amp;quot;}
  (Session info: chrome=101.0.4951.54)
For documentation on this error, please visit: https://selenium.dev/exceptions/#no_such_element
Build info: version: &amp;apos;4.0.0&amp;apos;, revision: &amp;apos;3a21814679&amp;apos;
System info: host: &amp;apos;DESKTOP-9QJNAOQ&amp;apos;, ip: &amp;apos;192.168.43.213&amp;apos;, os.name: &amp;apos;Windows 10&amp;apos;, os.arch: &amp;apos;amd64&amp;apos;, os.version: &amp;apos;10.0&amp;apos;, java.version: &amp;apos;11.0.14&amp;apos;
Driver info: org.openqa.selenium.chrome.ChromeDriver
Command: [10d279cc1ef9bef5906a1aad6372d756, findElement {using=xpath, value=//button[contains(.,&amp;apos;Close&amp;apos;)]}]
Capabilities {acceptInsecureCerts: false, browserName: chrome, browserVersion: 101.0.4951.54, chrome: {chromedriverVersion: 100.0.4896.60 (6a5d10861ce8..., userDataDir: C:\Users\Nagaraju\AppData\L...}, goog:chromeOptions: {debuggerAddress: localhost:57427}, javascriptEnabled: true, networkConnectionEnabled: false, pageLoadStrategy: normal, platform: WINDOWS, platformName: WINDOWS, proxy: Proxy(), se:cdp: ws://localhost:57427/devtoo..., se:cdpVersion: 101.0.4951.54, setWindowRect: true, strictFileInteractability: false, timeouts: {implicit: 0, pageLoad: 300000, script: 30000}, unhandledPromptBehavior: dismiss and notify, webauthn:extension:credBlob: true, webauthn:extension:largeBlob: true, webauthn:virtualAuthenticators: true}
Session ID: 10d279cc1ef9bef5906a1aad6372d756">
      <![CDATA[org.openqa.selenium.NoSuchElementException: no such element: Unable to locate element: {"method":"xpath","selector":"//button[contains(.,'Close')]"}
  (Session info: chrome=101.0.4951.54)
For documentation on this error, please visit: https://selenium.dev/exceptions/#no_such_element
Build info: version: '4.0.0', revision: '3a21814679'
System info: host: 'DESKTOP-9QJNAOQ', ip: '192.168.43.213', os.name: 'Windows 10', os.arch: 'amd64', os.version: '10.0', java.version: '11.0.14'
Driver info: org.openqa.selenium.chrome.ChromeDriver
Command: [10d279cc1ef9bef5906a1aad6372d756, findElement {using=xpath, value=//button[contains(.,'Close')]}]
Capabilities {acceptInsecureCerts: false, browserName: chrome, browserVersion: 101.0.4951.54, chrome: {chromedriverVersion: 100.0.4896.60 (6a5d10861ce8..., userDataDir: C:\Users\Nagaraju\AppData\L...}, goog:chromeOptions: {debuggerAddress: localhost:57427}, javascriptEnabled: true, networkConnectionEnabled: false, pageLoadStrategy: normal, platform: WINDOWS, platformName: WINDOWS, proxy: Proxy(), se:cdp: ws://localhost:57427/devtoo..., se:cdpVersion: 101.0.4951.54, setWindowRect: true, strictFileInteractability: false, timeouts: {implicit: 0, pageLoad: 300000, script: 30000}, unhandledPromptBehavior: dismiss and notify, webauthn:extension:credBlob: true, webauthn:extension:largeBlob: true, webauthn:virtualAuthenticators: true}
Session ID: 10d279cc1ef9bef5906a1aad6372d756
	at org.openqa.selenium.remote.codec.w3c.W3CHttpResponseCodec.createException(W3CHttpResponseCodec.java:200)
	at org.openqa.selenium.remote.codec.w3c.W3CHttpResponseCodec.decode(W3CHttpResponseCodec.java:133)
	at org.openqa.selenium.remote.codec.w3c.W3CHttpResponseCodec.decode(W3CHttpResponseCodec.java:53)
	at org.openqa.selenium.remote.HttpCommandExecutor.execute(HttpCommandExecutor.java:184)
	at org.openqa.selenium.remote.service.DriverCommandExecutor.invokeExecute(DriverCommandExecutor.java:164)
	at org.openqa.selenium.remote.service.DriverCommandExecutor.execute(DriverCommandExecutor.java:139)
	at org.openqa.selenium.remote.RemoteWebDriver.execute(RemoteWebDriver.java:559)
	at org.openqa.selenium.remote.ElementLocation$ElementFinder$2.findElement(ElementLocation.java:162)
	at org.openqa.selenium.remote.ElementLocation.findElement(ElementLocation.java:60)
	at org.openqa.selenium.remote.RemoteWebDriver.findElement(RemoteWebDriver.java:383)
	at org.openqa.selenium.remote.RemoteWebDriver.findElement(RemoteWebDriver.java:375)
	at Common.Dashboard.DeleteExistDashboardForWGSExpert(Dashboard.java:124)
	at ApodGUI.WorkgroupServer.Logout(WorkgroupServer.java:2305)
... Removed 29 stack frames]]>
    </failure>
  </testcase> <!-- Logout -->
  <testcase classname="ApodGUI.WorkgroupServer" name="ConnectIcon" time="0.0">
    <ignored/>
  </testcase> <!-- ConnectIcon -->
</testsuite> <!-- WorkGroup server Viewlet -->
