<?xml version="1.0" encoding="UTF-8"?>
<!-- Generated by org.testng.reporters.JUnitXMLReporter -->
<testsuite ignored="2" hostname="DESKTOP-K4AEKHO" failures="1" tests="29" name="WorkGroup server Viewlet" time="1327.761" errors="0" timestamp="2023-08-09T14:47:13 IST">
  <testcase classname="ApodGUI.WorkgroupServer" name="Login" time="52.699"/>
  <testcase classname="ApodGUI.WorkgroupServer" name="ShowTopology" time="66.116"/>
  <testcase classname="ApodGUI.WorkgroupServer" name="DefaultConnection" time="79.859">
    <failure type="org.openqa.selenium.NoSuchElementException" message="no such element: Unable to locate element: {&amp;quot;method&amp;quot;:&amp;quot;css selector&amp;quot;,&amp;quot;selector&amp;quot;:&amp;quot;#Deafult\ connection&amp;quot;}
  (Session info: chrome=115.0.5790.111)
For documentation on this error, please visit: https://selenium.dev/exceptions/#no_such_element
Build info: version: &amp;apos;4.1.3&amp;apos;, revision: &amp;apos;7b1ebf28ef&amp;apos;
System info: host: &amp;apos;DESKTOP-K4AEKHO&amp;apos;, ip: &amp;apos;10.1.4.192&amp;apos;, os.name: &amp;apos;Windows 10&amp;apos;, os.arch: &amp;apos;amd64&amp;apos;, os.version: &amp;apos;10.0&amp;apos;, java.version: &amp;apos;11.0.16&amp;apos;
Driver info: org.openqa.selenium.chrome.ChromeDriver
Command: [f4f1f7d33307d0485e9a6e7c328d53f7, findElement {using=id, value=Deafult connection}]
Capabilities {acceptInsecureCerts: false, browserName: chrome, browserVersion: 115.0.5790.111, chrome: {chromedriverVersion: 115.0.5790.102 (90efd4b0ad6..., userDataDir: C:\Users\Lenovo\AppData\Loc...}, goog:chromeOptions: {debuggerAddress: localhost:61821}, javascriptEnabled: true, networkConnectionEnabled: false, pageLoadStrategy: normal, platform: WINDOWS, platformName: WINDOWS, proxy: Proxy(), se:cdp: ws://localhost:61821/devtoo..., se:cdpVersion: 115.0.5790.111, setWindowRect: true, strictFileInteractability: false, timeouts: {implicit: 0, pageLoad: 300000, script: 30000}, unhandledPromptBehavior: dismiss and notify, webauthn:extension:credBlob: true, webauthn:extension:largeBlob: true, webauthn:extension:minPinLength: true, webauthn:extension:prf: true, webauthn:virtualAuthenticators: true}
Session ID: f4f1f7d33307d0485e9a6e7c328d53f7">
      <![CDATA[org.openqa.selenium.NoSuchElementException: no such element: Unable to locate element: {"method":"css selector","selector":"#Deafult\ connection"}
  (Session info: chrome=115.0.5790.111)
For documentation on this error, please visit: https://selenium.dev/exceptions/#no_such_element
Build info: version: '4.1.3', revision: '7b1ebf28ef'
System info: host: 'DESKTOP-K4AEKHO', ip: '10.1.4.192', os.name: 'Windows 10', os.arch: 'amd64', os.version: '10.0', java.version: '11.0.16'
Driver info: org.openqa.selenium.chrome.ChromeDriver
Command: [f4f1f7d33307d0485e9a6e7c328d53f7, findElement {using=id, value=Deafult connection}]
Capabilities {acceptInsecureCerts: false, browserName: chrome, browserVersion: 115.0.5790.111, chrome: {chromedriverVersion: 115.0.5790.102 (90efd4b0ad6..., userDataDir: C:\Users\Lenovo\AppData\Loc...}, goog:chromeOptions: {debuggerAddress: localhost:61821}, javascriptEnabled: true, networkConnectionEnabled: false, pageLoadStrategy: normal, platform: WINDOWS, platformName: WINDOWS, proxy: Proxy(), se:cdp: ws://localhost:61821/devtoo..., se:cdpVersion: 115.0.5790.111, setWindowRect: true, strictFileInteractability: false, timeouts: {implicit: 0, pageLoad: 300000, script: 30000}, unhandledPromptBehavior: dismiss and notify, webauthn:extension:credBlob: true, webauthn:extension:largeBlob: true, webauthn:extension:minPinLength: true, webauthn:extension:prf: true, webauthn:virtualAuthenticators: true}
Session ID: f4f1f7d33307d0485e9a6e7c328d53f7
at org.openqa.selenium.remote.codec.w3c.W3CHttpResponseCodec.createException(W3CHttpResponseCodec.java:200)
at org.openqa.selenium.remote.codec.w3c.W3CHttpResponseCodec.decode(W3CHttpResponseCodec.java:133)
at org.openqa.selenium.remote.codec.w3c.W3CHttpResponseCodec.decode(W3CHttpResponseCodec.java:53)
at org.openqa.selenium.remote.HttpCommandExecutor.execute(HttpCommandExecutor.java:184)
at org.openqa.selenium.remote.service.DriverCommandExecutor.invokeExecute(DriverCommandExecutor.java:167)
at org.openqa.selenium.remote.service.DriverCommandExecutor.execute(DriverCommandExecutor.java:142)
at org.openqa.selenium.remote.RemoteWebDriver.execute(RemoteWebDriver.java:567)
at org.openqa.selenium.remote.ElementLocation$ElementFinder$2.findElement(ElementLocation.java:162)
at org.openqa.selenium.remote.ElementLocation.findElement(ElementLocation.java:60)
at org.openqa.selenium.remote.RemoteWebDriver.findElement(RemoteWebDriver.java:385)
at org.openqa.selenium.remote.RemoteWebDriver.findElement(RemoteWebDriver.java:377)
at ApodGUI.WorkgroupServer.DefaultConnection(WorkgroupServer.java:315)
at java.base/java.util.ArrayList.forEach(ArrayList.java:1541)
... Removed 31 stack frames]]>
    </failure>
  </testcase> <!-- DefaultConnection -->
  <testcase classname="ApodGUI.WorkgroupServer" name="WGSProperties" time="29.722"/>
  <testcase classname="ApodGUI.WorkgroupServer" name="AddNode" time="39.133"/>
  <testcase classname="ApodGUI.WorkgroupServer" name="AddRemoteQueueManager" time="37.939"/>
  <testcase classname="ApodGUI.WorkgroupServer" name="ModifyRemoteQueueManager" time="40.108"/>
  <testcase classname="ApodGUI.WorkgroupServer" name="DeleteRemoteQueueManager" time="30.251"/>
  <testcase classname="ApodGUI.WorkgroupServer" name="AddRemoteEMSManager" time="40.116"/>
  <testcase classname="ApodGUI.WorkgroupServer" name="ModifyRemoteEMSServer" time="17.445"/>
  <testcase classname="ApodGUI.WorkgroupServer" name="DeleteRemoteEMSServer" time="11.737"/>
  <testcase classname="ApodGUI.WorkgroupServer" name="AddRemoteKafkaManager" time="39.941"/>
  <testcase classname="ApodGUI.WorkgroupServer" name="ModifyRemoteKafkaManager" time="38.076"/>
  <testcase classname="ApodGUI.WorkgroupServer" name="CopyAsRemoteKafkaManager" time="31.907"/>
  <testcase classname="ApodGUI.WorkgroupServer" name="DeleteRemoteKafkaManager" time="26.606"/>
  <testcase classname="ApodGUI.WorkgroupServer" name="AddRemoteIIBORACEManagerConnection" time="43.438"/>
  <testcase classname="ApodGUI.WorkgroupServer" name="ModifyIIBOrACEManagerConnection" time="40.526"/>
  <testcase classname="ApodGUI.WorkgroupServer" name="DeleteIIBOrACEConnectionManager" time="30.956"/>
  <testcase classname="ApodGUI.WorkgroupServer" name="AddRemoteSolaceManager" time="40.433"/>
  <testcase classname="ApodGUI.WorkgroupServer" name="ModifyRemoteSolaceServer" time="17.359"/>
  <testcase classname="ApodGUI.WorkgroupServer" name="DeleteRemoteSolaceServer" time="11.726"/>
  <testcase classname="ApodGUI.WorkgroupServer" name="AddWGSConnection" time="27.379"/>
  <testcase classname="ApodGUI.WorkgroupServer" name="ModifyWGSConnection" time="21.421"/>
  <testcase classname="ApodGUI.WorkgroupServer" name="DeleteWGSConnection" time="15.065"/>
  <testcase classname="ApodGUI.WorkgroupServer" name="AddWorkgroupFromPlusIcon" time="54.66"/>
  <testcase classname="ApodGUI.WorkgroupServer" name="EditWorkgroup" time="32.922"/>
  <testcase classname="ApodGUI.WorkgroupServer" name="DeleteWorkgroup" time="26.236"/>
  <testcase classname="ApodGUI.WorkgroupServer" name="SearchFilter" time="8.704"/>
  <testcase classname="ApodGUI.WorkgroupServer" name="Logout" time="26.722"/>
  <testcase classname="ApodGUI.WorkgroupServer" name="ShowObjectAttributes" time="0.0">
    <ignored/>
  </testcase> <!-- ShowObjectAttributes -->
  <testcase classname="ApodGUI.WorkgroupServer" name="ConnectIcon" time="0.0">
    <ignored/>
  </testcase> <!-- ConnectIcon -->
</testsuite> <!-- WorkGroup server Viewlet -->
