<?xml version="1.0" encoding="UTF-8"?>
<!-- Generated by org.testng.reporters.JUnitXMLReporter -->
<testsuite ignored="1" hostname="DESKTOP-K4AEKHO" failures="2" tests="30" name="WorkGroup server Viewlet" time="894.038" errors="0" timestamp="2023-05-16T12:41:40 IST">
  <testcase classname="ApodGUI.WorkgroupServer" name="Login" time="33.162"/>
  <testcase classname="ApodGUI.WorkgroupServer" name="ShowTopology" time="65.709"/>
  <testcase classname="ApodGUI.WorkgroupServer" name="DefaultConnection" time="54.864"/>
  <testcase classname="ApodGUI.WorkgroupServer" name="WGSProperties" time="21.574"/>
  <testcase classname="ApodGUI.WorkgroupServer" name="AddNode" time="34.258"/>
  <testcase classname="ApodGUI.WorkgroupServer" name="AddRemoteQueueManager" time="26.933"/>
  <testcase classname="ApodGUI.WorkgroupServer" name="ModifyRemoteQueueManager" time="29.24"/>
  <testcase classname="ApodGUI.WorkgroupServer" name="DeleteRemoteQueueManager" time="29.067"/>
  <testcase classname="ApodGUI.WorkgroupServer" name="AddRemoteEMSManager" time="28.34"/>
  <testcase classname="ApodGUI.WorkgroupServer" name="ModifyRemoteEMSServer" time="7.09"/>
  <testcase classname="ApodGUI.WorkgroupServer" name="DeleteRemoteEMSServer" time="11.627"/>
  <testcase classname="ApodGUI.WorkgroupServer" name="AddRemoteKafkaManager" time="28.368"/>
  <testcase classname="ApodGUI.WorkgroupServer" name="ModifyRemoteKafkaManager" time="26.874"/>
  <testcase classname="ApodGUI.WorkgroupServer" name="CopyAsRemoteKafkaManager" time="25.47"/>
  <testcase classname="ApodGUI.WorkgroupServer" name="DeleteRemoteKafkaManager" time="23.775"/>
  <testcase classname="ApodGUI.WorkgroupServer" name="AddRemoteIIBORACEManagerConnection" time="32.656"/>
  <testcase classname="ApodGUI.WorkgroupServer" name="ModifyIIBOrACEManagerConnection" time="29.314"/>
  <testcase classname="ApodGUI.WorkgroupServer" name="DeleteIIBOrACEConnectionManager" time="29.537"/>
  <testcase classname="ApodGUI.WorkgroupServer" name="AddRemoteSolaceManager" time="28.636"/>
  <testcase classname="ApodGUI.WorkgroupServer" name="ModifyRemoteSolaceServer" time="7.026"/>
  <testcase classname="ApodGUI.WorkgroupServer" name="DeleteRemoteSolaceServer" time="11.608"/>
  <testcase classname="ApodGUI.WorkgroupServer" name="AddWGSConnection" time="26.869"/>
  <testcase classname="ApodGUI.WorkgroupServer" name="ModifyWGSConnection" time="21.217"/>
  <testcase classname="ApodGUI.WorkgroupServer" name="DeleteWGSConnection" time="14.904"/>
  <testcase classname="ApodGUI.WorkgroupServer" name="AddWorkgroupFromPlusIcon" time="53.512"/>
  <testcase classname="ApodGUI.WorkgroupServer" name="EditWorkgroup" time="32.138"/>
  <testcase classname="ApodGUI.WorkgroupServer" name="DeleteWorkgroup" time="25.671"/>
  <testcase classname="ApodGUI.WorkgroupServer" name="SearchFilter" time="8.527"/>
  <testcase classname="ApodGUI.WorkgroupServer" name="ShowObjectAttributes" time="48.811">
    <failure type="org.openqa.selenium.NoSuchElementException" message="no such element: Unable to locate element: {&amp;quot;method&amp;quot;:&amp;quot;css selector&amp;quot;,&amp;quot;selector&amp;quot;:&amp;quot;#Difference\ failed&amp;quot;}
  (Session info: chrome=113.0.5672.93)
For documentation on this error, please visit: https://selenium.dev/exceptions/#no_such_element
Build info: version: &amp;apos;4.1.3&amp;apos;, revision: &amp;apos;7b1ebf28ef&amp;apos;
System info: host: &amp;apos;DESKTOP-K4AEKHO&amp;apos;, ip: &amp;apos;172.29.97.212&amp;apos;, os.name: &amp;apos;Windows 10&amp;apos;, os.arch: &amp;apos;amd64&amp;apos;, os.version: &amp;apos;10.0&amp;apos;, java.version: &amp;apos;11.0.16&amp;apos;
Driver info: org.openqa.selenium.chrome.ChromeDriver
Command: [1e7d4ed547b51dd5cf5bef1c893161c4, findElement {using=id, value=Difference failed}]
Capabilities {acceptInsecureCerts: false, browserName: chrome, browserVersion: 113.0.5672.93, chrome: {chromedriverVersion: 113.0.5672.63 (0e1a4471d5ae..., userDataDir: C:\Users\Lenovo\AppData\Loc...}, goog:chromeOptions: {debuggerAddress: localhost:55447}, javascriptEnabled: true, networkConnectionEnabled: false, pageLoadStrategy: normal, platform: WINDOWS, platformName: WINDOWS, proxy: Proxy(), se:cdp: ws://localhost:55447/devtoo..., se:cdpVersion: 113.0.5672.93, setWindowRect: true, strictFileInteractability: false, timeouts: {implicit: 0, pageLoad: 300000, script: 30000}, unhandledPromptBehavior: dismiss and notify, webauthn:extension:credBlob: true, webauthn:extension:largeBlob: true, webauthn:extension:minPinLength: true, webauthn:extension:prf: true, webauthn:virtualAuthenticators: true}
Session ID: 1e7d4ed547b51dd5cf5bef1c893161c4">
      <![CDATA[org.openqa.selenium.NoSuchElementException: no such element: Unable to locate element: {"method":"css selector","selector":"#Difference\ failed"}
  (Session info: chrome=113.0.5672.93)
For documentation on this error, please visit: https://selenium.dev/exceptions/#no_such_element
Build info: version: '4.1.3', revision: '7b1ebf28ef'
System info: host: 'DESKTOP-K4AEKHO', ip: '172.29.97.212', os.name: 'Windows 10', os.arch: 'amd64', os.version: '10.0', java.version: '11.0.16'
Driver info: org.openqa.selenium.chrome.ChromeDriver
Command: [1e7d4ed547b51dd5cf5bef1c893161c4, findElement {using=id, value=Difference failed}]
Capabilities {acceptInsecureCerts: false, browserName: chrome, browserVersion: 113.0.5672.93, chrome: {chromedriverVersion: 113.0.5672.63 (0e1a4471d5ae..., userDataDir: C:\Users\Lenovo\AppData\Loc...}, goog:chromeOptions: {debuggerAddress: localhost:55447}, javascriptEnabled: true, networkConnectionEnabled: false, pageLoadStrategy: normal, platform: WINDOWS, platformName: WINDOWS, proxy: Proxy(), se:cdp: ws://localhost:55447/devtoo..., se:cdpVersion: 113.0.5672.93, setWindowRect: true, strictFileInteractability: false, timeouts: {implicit: 0, pageLoad: 300000, script: 30000}, unhandledPromptBehavior: dismiss and notify, webauthn:extension:credBlob: true, webauthn:extension:largeBlob: true, webauthn:extension:minPinLength: true, webauthn:extension:prf: true, webauthn:virtualAuthenticators: true}
Session ID: 1e7d4ed547b51dd5cf5bef1c893161c4
at org.openqa.selenium.remote.codec.w3c.W3CHttpResponseCodec.createException(W3CHttpResponseCodec.java:200)
at org.openqa.selenium.remote.codec.w3c.W3CHttpResponseCodec.decode(W3CHttpResponseCodec.java:133)
at org.openqa.selenium.remote.codec.w3c.W3CHttpResponseCodec.decode(W3CHttpResponseCodec.java:53)
at org.openqa.selenium.remote.HttpCommandExecutor.execute(HttpCommandExecutor.java:184)
at org.openqa.selenium.remote.service.DriverCommandExecutor.invokeExecute(DriverCommandExecutor.java:167)
at org.openqa.selenium.remote.service.DriverCommandExecutor.execute(DriverCommandExecutor.java:142)
at org.openqa.selenium.remote.RemoteWebDriver.execute(RemoteWebDriver.java:567)
at org.openqa.selenium.remote.ElementLocation$ElementFinder$2.findElement(ElementLocation.java:162)
at org.openqa.selenium.remote.ElementLocation.findElement(ElementLocation.java:60)
at org.openqa.selenium.remote.RemoteWebDriver.findElement(RemoteWebDriver.java:385)
at org.openqa.selenium.remote.RemoteWebDriver.findElement(RemoteWebDriver.java:377)
at ApodGUI.WorkgroupServer.ShowObjectAttributes(WorkgroupServer.java:394)
at java.base/java.util.ArrayList.forEach(ArrayList.java:1541)
... Removed 31 stack frames]]>
    </failure>
  </testcase> <!-- ShowObjectAttributes -->
  <testcase classname="ApodGUI.WorkgroupServer" name="Logout" time="11.117">
    <failure type="org.openqa.selenium.NoSuchElementException" message="no such element: Unable to locate element: {&amp;quot;method&amp;quot;:&amp;quot;xpath&amp;quot;,&amp;quot;selector&amp;quot;:&amp;quot;//button[contains(.,&amp;apos;Close&amp;apos;)]&amp;quot;}
  (Session info: chrome=113.0.5672.93)
For documentation on this error, please visit: https://selenium.dev/exceptions/#no_such_element
Build info: version: &amp;apos;4.1.3&amp;apos;, revision: &amp;apos;7b1ebf28ef&amp;apos;
System info: host: &amp;apos;DESKTOP-K4AEKHO&amp;apos;, ip: &amp;apos;172.29.97.212&amp;apos;, os.name: &amp;apos;Windows 10&amp;apos;, os.arch: &amp;apos;amd64&amp;apos;, os.version: &amp;apos;10.0&amp;apos;, java.version: &amp;apos;11.0.16&amp;apos;
Driver info: org.openqa.selenium.chrome.ChromeDriver
Command: [1e7d4ed547b51dd5cf5bef1c893161c4, findElement {using=xpath, value=//button[contains(.,&amp;apos;Close&amp;apos;)]}]
Capabilities {acceptInsecureCerts: false, browserName: chrome, browserVersion: 113.0.5672.93, chrome: {chromedriverVersion: 113.0.5672.63 (0e1a4471d5ae..., userDataDir: C:\Users\Lenovo\AppData\Loc...}, goog:chromeOptions: {debuggerAddress: localhost:55447}, javascriptEnabled: true, networkConnectionEnabled: false, pageLoadStrategy: normal, platform: WINDOWS, platformName: WINDOWS, proxy: Proxy(), se:cdp: ws://localhost:55447/devtoo..., se:cdpVersion: 113.0.5672.93, setWindowRect: true, strictFileInteractability: false, timeouts: {implicit: 0, pageLoad: 300000, script: 30000}, unhandledPromptBehavior: dismiss and notify, webauthn:extension:credBlob: true, webauthn:extension:largeBlob: true, webauthn:extension:minPinLength: true, webauthn:extension:prf: true, webauthn:virtualAuthenticators: true}
Session ID: 1e7d4ed547b51dd5cf5bef1c893161c4">
      <![CDATA[org.openqa.selenium.NoSuchElementException: no such element: Unable to locate element: {"method":"xpath","selector":"//button[contains(.,'Close')]"}
  (Session info: chrome=113.0.5672.93)
For documentation on this error, please visit: https://selenium.dev/exceptions/#no_such_element
Build info: version: '4.1.3', revision: '7b1ebf28ef'
System info: host: 'DESKTOP-K4AEKHO', ip: '172.29.97.212', os.name: 'Windows 10', os.arch: 'amd64', os.version: '10.0', java.version: '11.0.16'
Driver info: org.openqa.selenium.chrome.ChromeDriver
Command: [1e7d4ed547b51dd5cf5bef1c893161c4, findElement {using=xpath, value=//button[contains(.,'Close')]}]
Capabilities {acceptInsecureCerts: false, browserName: chrome, browserVersion: 113.0.5672.93, chrome: {chromedriverVersion: 113.0.5672.63 (0e1a4471d5ae..., userDataDir: C:\Users\Lenovo\AppData\Loc...}, goog:chromeOptions: {debuggerAddress: localhost:55447}, javascriptEnabled: true, networkConnectionEnabled: false, pageLoadStrategy: normal, platform: WINDOWS, platformName: WINDOWS, proxy: Proxy(), se:cdp: ws://localhost:55447/devtoo..., se:cdpVersion: 113.0.5672.93, setWindowRect: true, strictFileInteractability: false, timeouts: {implicit: 0, pageLoad: 300000, script: 30000}, unhandledPromptBehavior: dismiss and notify, webauthn:extension:credBlob: true, webauthn:extension:largeBlob: true, webauthn:extension:minPinLength: true, webauthn:extension:prf: true, webauthn:virtualAuthenticators: true}
Session ID: 1e7d4ed547b51dd5cf5bef1c893161c4
at org.openqa.selenium.remote.codec.w3c.W3CHttpResponseCodec.createException(W3CHttpResponseCodec.java:200)
at org.openqa.selenium.remote.codec.w3c.W3CHttpResponseCodec.decode(W3CHttpResponseCodec.java:133)
at org.openqa.selenium.remote.codec.w3c.W3CHttpResponseCodec.decode(W3CHttpResponseCodec.java:53)
at org.openqa.selenium.remote.HttpCommandExecutor.execute(HttpCommandExecutor.java:184)
at org.openqa.selenium.remote.service.DriverCommandExecutor.invokeExecute(DriverCommandExecutor.java:167)
at org.openqa.selenium.remote.service.DriverCommandExecutor.execute(DriverCommandExecutor.java:142)
at org.openqa.selenium.remote.RemoteWebDriver.execute(RemoteWebDriver.java:567)
at org.openqa.selenium.remote.ElementLocation$ElementFinder$2.findElement(ElementLocation.java:162)
at org.openqa.selenium.remote.ElementLocation.findElement(ElementLocation.java:60)
at org.openqa.selenium.remote.RemoteWebDriver.findElement(RemoteWebDriver.java:385)
at org.openqa.selenium.remote.RemoteWebDriver.findElement(RemoteWebDriver.java:377)
at Common.Dashboard.DeleteExistDashboardForWGSExpert(Dashboard.java:124)
at ApodGUI.WorkgroupServer.Logout(WorkgroupServer.java:2313)
at java.base/java.util.ArrayList.forEach(ArrayList.java:1541)
... Removed 31 stack frames]]>
    </failure>
  </testcase> <!-- Logout -->
  <testcase classname="ApodGUI.WorkgroupServer" name="ConnectIcon" time="0.0">
    <ignored/>
  </testcase> <!-- ConnectIcon -->
</testsuite> <!-- WorkGroup server Viewlet -->
