<?xml version="1.0" encoding="UTF-8"?>
<!-- Generated by org.testng.reporters.JUnitXMLReporter -->
<testsuite ignored="25" hostname="DESKTOP-9QJNAOQ" failures="0" tests="3" name="WorkGroup server Viewlet" time="107.717" errors="0" timestamp="07 Feb 2022 07:54:28 GMT">
  <testcase classname="ApodGUI.WorkgroupServer" name="Login" time="32.73"/>
  <testcase classname="ApodGUI.WorkgroupServer" name="AddNode" time="33.138"/>
  <testcase classname="ApodGUI.WorkgroupServer" name="Logout" time="27.291"/>
  <testcase classname="ApodGUI.WorkgroupServer" name="DeleteRemoteKafkaManager" time="0.0">
    <ignored/>
  </testcase> <!-- DeleteRemoteKafkaManager -->
  <testcase classname="ApodGUI.WorkgroupServer" name="ShowTopology" time="0.0">
    <ignored/>
  </testcase> <!-- ShowTopology -->
  <testcase classname="ApodGUI.WorkgroupServer" name="DeleteWorkgroup" time="0.0">
    <ignored/>
  </testcase> <!-- DeleteWorkgroup -->
  <testcase classname="ApodGUI.WorkgroupServer" name="DeleteRemoteQueueManager" time="0.0">
    <ignored/>
  </testcase> <!-- DeleteRemoteQueueManager -->
  <testcase classname="ApodGUI.WorkgroupServer" name="DeleteWGSConnection" time="0.0">
    <ignored/>
  </testcase> <!-- DeleteWGSConnection -->
  <testcase classname="ApodGUI.WorkgroupServer" name="AddRemoteEMSManager" time="0.0">
    <ignored/>
  </testcase> <!-- AddRemoteEMSManager -->
  <testcase classname="ApodGUI.WorkgroupServer" name="EditWorkgroup" time="0.0">
    <ignored/>
  </testcase> <!-- EditWorkgroup -->
  <testcase classname="ApodGUI.WorkgroupServer" name="DeleteRemoteEMSServer" time="0.0">
    <ignored/>
  </testcase> <!-- DeleteRemoteEMSServer -->
  <testcase classname="ApodGUI.WorkgroupServer" name="AddRemoteIIBORACEManagerConnection" time="0.0">
    <ignored/>
  </testcase> <!-- AddRemoteIIBORACEManagerConnection -->
  <testcase classname="ApodGUI.WorkgroupServer" name="ShowObjectAttributes" time="0.0">
    <ignored/>
  </testcase> <!-- ShowObjectAttributes -->
  <testcase classname="ApodGUI.WorkgroupServer" name="ModifyIIBOrACEManagerConnection" time="0.0">
    <ignored/>
  </testcase> <!-- ModifyIIBOrACEManagerConnection -->
  <testcase classname="ApodGUI.WorkgroupServer" name="DefaultConnection" time="0.0">
    <ignored/>
  </testcase> <!-- DefaultConnection -->
  <testcase classname="ApodGUI.WorkgroupServer" name="AddRemoteQueueManager" time="0.0">
    <ignored/>
  </testcase> <!-- AddRemoteQueueManager -->
  <testcase classname="ApodGUI.WorkgroupServer" name="CopyAsRemoteKafkaManager" time="0.0">
    <ignored/>
  </testcase> <!-- CopyAsRemoteKafkaManager -->
  <testcase classname="ApodGUI.WorkgroupServer" name="ModifyRemoteQueueManager" time="0.0">
    <ignored/>
  </testcase> <!-- ModifyRemoteQueueManager -->
  <testcase classname="ApodGUI.WorkgroupServer" name="ConnectIcon" time="0.0">
    <ignored/>
  </testcase> <!-- ConnectIcon -->
  <testcase classname="ApodGUI.WorkgroupServer" name="WGSProperties" time="0.0">
    <ignored/>
  </testcase> <!-- WGSProperties -->
  <testcase classname="ApodGUI.WorkgroupServer" name="AddRemoteKafkaManager" time="0.0">
    <ignored/>
  </testcase> <!-- AddRemoteKafkaManager -->
  <testcase classname="ApodGUI.WorkgroupServer" name="ModifyRemoteKafkaManager" time="0.0">
    <ignored/>
  </testcase> <!-- ModifyRemoteKafkaManager -->
  <testcase classname="ApodGUI.WorkgroupServer" name="AddWorkgroupFromPlusIcon" time="0.0">
    <ignored/>
  </testcase> <!-- AddWorkgroupFromPlusIcon -->
  <testcase classname="ApodGUI.WorkgroupServer" name="AddWGSConnection" time="0.0">
    <ignored/>
  </testcase> <!-- AddWGSConnection -->
  <testcase classname="ApodGUI.WorkgroupServer" name="SearchFilter" time="0.0">
    <ignored/>
  </testcase> <!-- SearchFilter -->
  <testcase classname="ApodGUI.WorkgroupServer" name="ModifyRemoteEMSServer" time="0.0">
    <ignored/>
  </testcase> <!-- ModifyRemoteEMSServer -->
  <testcase classname="ApodGUI.WorkgroupServer" name="ModifyWGSConnection" time="0.0">
    <ignored/>
  </testcase> <!-- ModifyWGSConnection -->
  <testcase classname="ApodGUI.WorkgroupServer" name="DeleteIIBOrACEConnectionManager" time="0.0">
    <ignored/>
  </testcase> <!-- DeleteIIBOrACEConnectionManager -->
</testsuite> <!-- WorkGroup server Viewlet -->
