<?xml version="1.0" encoding="UTF-8"?>
<!-- Generated by org.testng.reporters.JUnitXMLReporter -->
<testsuite ignored="1" hostname="DESKTOP-9QJNAOQ" failures="1" tests="30" name="WorkGroup server Viewlet" time="1422.433" errors="0" timestamp="27 Jun 2022 14:20:33 GMT">
  <testcase classname="ApodGUI.WorkgroupServer" name="Login" time="52.921"/>
  <testcase classname="ApodGUI.WorkgroupServer" name="ShowTopology" time="51.73"/>
  <testcase classname="ApodGUI.WorkgroupServer" name="DefaultConnection" time="50.084"/>
  <testcase classname="ApodGUI.WorkgroupServer" name="WGSProperties" time="21.622"/>
  <testcase classname="ApodGUI.WorkgroupServer" name="AddNode" time="34.086"/>
  <testcase classname="ApodGUI.WorkgroupServer" name="AddRemoteQueueManager" time="26.371"/>
  <testcase classname="ApodGUI.WorkgroupServer" name="ModifyRemoteQueueManager" time="28.449"/>
  <testcase classname="ApodGUI.WorkgroupServer" name="DeleteRemoteQueueManager" time="28.807"/>
  <testcase classname="ApodGUI.WorkgroupServer" name="AddRemoteEMSManager" time="27.098"/>
  <testcase classname="ApodGUI.WorkgroupServer" name="ModifyRemoteEMSServer" time="7.472"/>
  <testcase classname="ApodGUI.WorkgroupServer" name="DeleteRemoteEMSServer" time="11.846"/>
  <testcase classname="ApodGUI.WorkgroupServer" name="AddRemoteKafkaManager" time="33.519"/>
  <testcase classname="ApodGUI.WorkgroupServer" name="ModifyRemoteKafkaManager" time="26.302"/>
  <testcase classname="ApodGUI.WorkgroupServer" name="CopyAsRemoteKafkaManager" time="24.587"/>
  <testcase classname="ApodGUI.WorkgroupServer" name="DeleteRemoteKafkaManager" time="22.994"/>
  <testcase classname="ApodGUI.WorkgroupServer" name="AddRemoteIIBORACEManagerConnection" time="31.983"/>
  <testcase classname="ApodGUI.WorkgroupServer" name="ModifyIIBOrACEManagerConnection" time="28.425"/>
  <testcase classname="ApodGUI.WorkgroupServer" name="DeleteIIBOrACEConnectionManager" time="28.511"/>
  <testcase classname="ApodGUI.WorkgroupServer" name="AddRemoteSolaceManager" time="27.057"/>
  <testcase classname="ApodGUI.WorkgroupServer" name="ModifyRemoteSolaceServer" time="7.599"/>
  <testcase classname="ApodGUI.WorkgroupServer" name="DeleteRemoteSolaceServer" time="11.885"/>
  <testcase classname="ApodGUI.WorkgroupServer" name="AddWGSConnection" time="27.513"/>
  <testcase classname="ApodGUI.WorkgroupServer" name="ModifyWGSConnection" time="21.579"/>
  <testcase classname="ApodGUI.WorkgroupServer" name="DeleteWGSConnection" time="16.042"/>
  <testcase classname="ApodGUI.WorkgroupServer" name="AddWorkgroupFromPlusIcon" time="55.361"/>
  <testcase classname="ApodGUI.WorkgroupServer" name="EditWorkgroup" time="32.153"/>
  <testcase classname="ApodGUI.WorkgroupServer" name="DeleteWorkgroup" time="26.271"/>
  <testcase classname="ApodGUI.WorkgroupServer" name="SearchFilter" time="8.696"/>
  <testcase classname="ApodGUI.WorkgroupServer" name="ShowObjectAttributes" time="255.541">
    <failure type="org.openqa.selenium.NoSuchElementException" message="no such element: Unable to locate element: {&amp;quot;method&amp;quot;:&amp;quot;css selector&amp;quot;,&amp;quot;selector&amp;quot;:&amp;quot;#Difference\ failed&amp;quot;}
  (Session info: chrome=102.0.5005.115)
For documentation on this error, please visit: https://selenium.dev/exceptions/#no_such_element
Build info: version: &amp;apos;4.0.0&amp;apos;, revision: &amp;apos;3a21814679&amp;apos;
System info: host: &amp;apos;DESKTOP-9QJNAOQ&amp;apos;, ip: &amp;apos;192.168.43.213&amp;apos;, os.name: &amp;apos;Windows 10&amp;apos;, os.arch: &amp;apos;amd64&amp;apos;, os.version: &amp;apos;10.0&amp;apos;, java.version: &amp;apos;11.0.14&amp;apos;
Driver info: org.openqa.selenium.chrome.ChromeDriver
Command: [33077f564d0825b726d5f92519d84a62, findElement {using=id, value=Difference failed}]
Capabilities {acceptInsecureCerts: false, browserName: chrome, browserVersion: 102.0.5005.115, chrome: {chromedriverVersion: 102.0.5005.61 (0e59bcc00cc4..., userDataDir: C:\Users\Nagaraju\AppData\L...}, goog:chromeOptions: {debuggerAddress: localhost:49182}, javascriptEnabled: true, networkConnectionEnabled: false, pageLoadStrategy: normal, platform: WINDOWS, platformName: WINDOWS, proxy: Proxy(), se:cdp: ws://localhost:49182/devtoo..., se:cdpVersion: 102.0.5005.115, setWindowRect: true, strictFileInteractability: false, timeouts: {implicit: 0, pageLoad: 300000, script: 30000}, unhandledPromptBehavior: dismiss and notify, webauthn:extension:credBlob: true, webauthn:extension:largeBlob: true, webauthn:virtualAuthenticators: true}
Session ID: 33077f564d0825b726d5f92519d84a62">
      <![CDATA[org.openqa.selenium.NoSuchElementException: no such element: Unable to locate element: {"method":"css selector","selector":"#Difference\ failed"}
  (Session info: chrome=102.0.5005.115)
For documentation on this error, please visit: https://selenium.dev/exceptions/#no_such_element
Build info: version: '4.0.0', revision: '3a21814679'
System info: host: 'DESKTOP-9QJNAOQ', ip: '192.168.43.213', os.name: 'Windows 10', os.arch: 'amd64', os.version: '10.0', java.version: '11.0.14'
Driver info: org.openqa.selenium.chrome.ChromeDriver
Command: [33077f564d0825b726d5f92519d84a62, findElement {using=id, value=Difference failed}]
Capabilities {acceptInsecureCerts: false, browserName: chrome, browserVersion: 102.0.5005.115, chrome: {chromedriverVersion: 102.0.5005.61 (0e59bcc00cc4..., userDataDir: C:\Users\Nagaraju\AppData\L...}, goog:chromeOptions: {debuggerAddress: localhost:49182}, javascriptEnabled: true, networkConnectionEnabled: false, pageLoadStrategy: normal, platform: WINDOWS, platformName: WINDOWS, proxy: Proxy(), se:cdp: ws://localhost:49182/devtoo..., se:cdpVersion: 102.0.5005.115, setWindowRect: true, strictFileInteractability: false, timeouts: {implicit: 0, pageLoad: 300000, script: 30000}, unhandledPromptBehavior: dismiss and notify, webauthn:extension:credBlob: true, webauthn:extension:largeBlob: true, webauthn:virtualAuthenticators: true}
Session ID: 33077f564d0825b726d5f92519d84a62
	at org.openqa.selenium.remote.codec.w3c.W3CHttpResponseCodec.createException(W3CHttpResponseCodec.java:200)
	at org.openqa.selenium.remote.codec.w3c.W3CHttpResponseCodec.decode(W3CHttpResponseCodec.java:133)
	at org.openqa.selenium.remote.codec.w3c.W3CHttpResponseCodec.decode(W3CHttpResponseCodec.java:53)
	at org.openqa.selenium.remote.HttpCommandExecutor.execute(HttpCommandExecutor.java:184)
	at org.openqa.selenium.remote.service.DriverCommandExecutor.invokeExecute(DriverCommandExecutor.java:164)
	at org.openqa.selenium.remote.service.DriverCommandExecutor.execute(DriverCommandExecutor.java:139)
	at org.openqa.selenium.remote.RemoteWebDriver.execute(RemoteWebDriver.java:559)
	at org.openqa.selenium.remote.ElementLocation$ElementFinder$2.findElement(ElementLocation.java:162)
	at org.openqa.selenium.remote.ElementLocation.findElement(ElementLocation.java:60)
	at org.openqa.selenium.remote.RemoteWebDriver.findElement(RemoteWebDriver.java:383)
	at org.openqa.selenium.remote.RemoteWebDriver.findElement(RemoteWebDriver.java:375)
	at ApodGUI.WorkgroupServer.ShowObjectAttributes(WorkgroupServer.java:389)
... Removed 29 stack frames]]>
    </failure>
  </testcase> <!-- ShowObjectAttributes -->
  <testcase classname="ApodGUI.WorkgroupServer" name="Logout" time="27.196"/>
  <testcase classname="ApodGUI.WorkgroupServer" name="ConnectIcon" time="0.0">
    <ignored/>
  </testcase> <!-- ConnectIcon -->
</testsuite> <!-- WorkGroup server Viewlet -->
