<?xml version="1.0" encoding="UTF-8"?>
<!-- Generated by org.testng.reporters.JUnitXMLReporter -->
<testsuite ignored="1" hostname="DESKTOP-N37E7TM" failures="0" tests="20" name="Test EMS Manager Viewlet options" time="689.947" errors="0" timestamp="2023-07-27T17:06:12 IST">
  <testcase classname="EMS.EMSManagerViewlet" name="Login" time="95.994"/>
  <testcase classname="EMS.EMSManagerViewlet" name="EMSMQSCConsoleCommandOption" time="35.145"/>
  <testcase classname="EMS.EMSManagerViewlet" name="SaveMQSCConsoleResponceData" time="4.143"/>
  <testcase classname="EMS.EMSManagerViewlet" name="ClearMQSCConsoleResponceData" time="5.294"/>
  <testcase classname="EMS.EMSManagerViewlet" name="ApplyEMSScript" time="33.599"/>
  <testcase classname="EMS.EMSManagerViewlet" name="SaveEMSScriptResults" time="6.141"/>
  <testcase classname="EMS.EMSManagerViewlet" name="ClearEMSScriptResults" time="6.382"/>
  <testcase classname="EMS.EMSManagerViewlet" name="CreateUserGroup" time="48.722"/>
  <testcase classname="EMS.EMSManagerViewlet" name="EditUserGroup" time="42.597"/>
  <testcase classname="EMS.EMSManagerViewlet" name="DeleteUserGroup" time="26.532"/>
  <testcase classname="EMS.EMSManagerViewlet" name="CreateUser" time="33.707"/>
  <testcase classname="EMS.EMSManagerViewlet" name="EditUser" time="45.974"/>
  <testcase classname="EMS.EMSManagerViewlet" name="DeleteUser" time="22.547"/>
  <testcase classname="EMS.EMSManagerViewlet" name="AddQueueACLToUser" time="43.556"/>
  <testcase classname="EMS.EMSManagerViewlet" name="AddTopicACLToUser" time="36.932"/>
  <testcase classname="EMS.EMSManagerViewlet" name="ResetButtonInACLs" time="23.249"/>
  <testcase classname="EMS.EMSManagerViewlet" name="SaveButtonInACLs" time="42.12"/>
  <testcase classname="EMS.EMSManagerViewlet" name="EMSManagerProperties" time="25.465"/>
  <testcase classname="EMS.EMSManagerViewlet" name="AddToFavorites" time="48.122"/>
  <testcase classname="EMS.EMSManagerViewlet" name="Logout" time="27.621"/>
  <testcase classname="EMS.EMSManagerViewlet" name="ShowObjectAttributes" time="0.0">
    <ignored/>
  </testcase> <!-- ShowObjectAttributes -->
</testsuite> <!-- Test EMS Manager Viewlet options -->
