<?xml version="1.0" encoding="UTF-8"?>
<!-- Generated by org.testng.reporters.JUnitXMLReporter -->
<testsuite ignored="0" hostname="DESKTOP-9QJNAOQ" failures="0" tests="13" name="Add Schema Condition" time="367.401" errors="0" timestamp="11 Feb 2022 13:28:50 GMT">
  <testcase classname="NavigatorCore.AddSchemaToTheViewlet" name="Login" time="21.708"/>
  <testcase classname="NavigatorCore.AddSchemaToTheViewlet" name="AddNewDashboard" time="50.654"/>
  <testcase classname="NavigatorCore.AddSchemaToTheViewlet" name="AddSchema" time="32.562"/>
  <testcase classname="NavigatorCore.AddSchemaToTheViewlet" name="DeleteSchema" time="17.503"/>
  <testcase classname="NavigatorCore.AddSchemaToTheViewlet" name="AddAllAttributesButton" time="10.502"/>
  <testcase classname="NavigatorCore.AddSchemaToTheViewlet" name="RemoveAllAttributesButton" time="7.175"/>
  <testcase classname="NavigatorCore.AddSchemaToTheViewlet" name="AddAttributesButton" time="7.205"/>
  <testcase classname="NavigatorCore.AddSchemaToTheViewlet" name="RemoveAttributeButton" time="15.284"/>
  <testcase classname="NavigatorCore.AddSchemaToTheViewlet" name="MoveToTopButton" time="1.362"/>
  <testcase classname="NavigatorCore.AddSchemaToTheViewlet" name="MoveToBottomButton" time="4.278"/>
  <testcase classname="NavigatorCore.AddSchemaToTheViewlet" name="MoveUpButton" time="7.306"/>
  <testcase classname="NavigatorCore.AddSchemaToTheViewlet" name="MoveDownButton" time="12.317"/>
  <testcase classname="NavigatorCore.AddSchemaToTheViewlet" name="Logout" time="32.929"/>
</testsuite> <!-- Add Schema Condition -->
